{"/home/ramanathan/Documents/Contentstack/contentstack-sync-manager/src/api.ts": {"path":"/home/ramanathan/Documents/Contentstack/contentstack-sync-manager/src/api.ts","statementMap":{"0":{"start":{"line":7,"column":0},"end":{"line":7,"column":24}},"1":{"start":{"line":8,"column":0},"end":{"line":8,"column":28}},"2":{"start":{"line":9,"column":0},"end":{"line":9,"column":43}},"3":{"start":{"line":11,"column":14},"end":{"line":11,"column":39}},"4":{"start":{"line":12,"column":22},"end":{"line":12,"column":23}},"5":{"start":{"line":19,"column":13},"end":{"line":31,"column":1}},"6":{"start":{"line":20,"column":2},"end":{"line":20,"column":29}},"7":{"start":{"line":21,"column":2},"end":{"line":25,"column":3}},"8":{"start":{"line":26,"column":2},"end":{"line":28,"column":3}},"9":{"start":{"line":27,"column":4},"end":{"line":27,"column":50}},"10":{"start":{"line":30,"column":2},"end":{"line":30,"column":75}},"11":{"start":{"line":37,"column":17},"end":{"line":43,"column":1}},"12":{"start":{"line":38,"column":2},"end":{"line":42,"column":3}},"13":{"start":{"line":39,"column":23},"end":{"line":39,"column":88}},"14":{"start":{"line":40,"column":4},"end":{"line":40,"column":21}},"15":{"start":{"line":41,"column":4},"end":{"line":41,"column":15}},"16":{"start":{"line":49,"column":18},"end":{"line":57,"column":1}},"17":{"start":{"line":50,"column":2},"end":{"line":52,"column":3}},"18":{"start":{"line":51,"column":4},"end":{"line":51,"column":34}},"19":{"start":{"line":53,"column":2},"end":{"line":56,"column":3}},"20":{"start":{"line":54,"column":4},"end":{"line":54,"column":49}},"21":{"start":{"line":55,"column":4},"end":{"line":55,"column":38}},"22":{"start":{"line":64,"column":13},"end":{"line":113,"column":1}},"23":{"start":{"line":65,"column":2},"end":{"line":112,"column":4}},"24":{"start":{"line":66,"column":4},"end":{"line":68,"column":5}},"25":{"start":{"line":67,"column":6},"end":{"line":67,"column":59}},"26":{"start":{"line":69,"column":4},"end":{"line":69,"column":41}},"27":{"start":{"line":70,"column":4},"end":{"line":70,"column":19}},"28":{"start":{"line":71,"column":4},"end":{"line":71,"column":17}},"29":{"start":{"line":72,"column":4},"end":{"line":72,"column":18}},"30":{"start":{"line":73,"column":4},"end":{"line":111,"column":5}},"31":{"start":{"line":74,"column":6},"end":{"line":74,"column":65}},"32":{"start":{"line":77,"column":6},"end":{"line":108,"column":8}},"33":{"start":{"line":78,"column":8},"end":{"line":81,"column":9}},"34":{"start":{"line":80,"column":10},"end":{"line":80,"column":30}},"35":{"start":{"line":82,"column":8},"end":{"line":82,"column":78}},"36":{"start":{"line":83,"column":8},"end":{"line":107,"column":9}},"37":{"start":{"line":85,"column":10},"end":{"line":85,"column":30}},"38":{"start":{"line":86,"column":15},"end":{"line":107,"column":9}},"39":{"start":{"line":87,"column":10},"end":{"line":87,"column":55}},"40":{"start":{"line":88,"column":10},"end":{"line":88,"column":102}},"41":{"start":{"line":90,"column":10},"end":{"line":92,"column":23}},"42":{"start":{"line":91,"column":12},"end":{"line":91,"column":62}},"43":{"start":{"line":93,"column":15},"end":{"line":107,"column":9}},"44":{"start":{"line":95,"column":10},"end":{"line":95,"column":55}},"45":{"start":{"line":96,"column":10},"end":{"line":96,"column":77}},"46":{"start":{"line":97,"column":10},"end":{"line":97,"column":17}},"47":{"start":{"line":99,"column":10},"end":{"line":101,"column":23}},"48":{"start":{"line":100,"column":12},"end":{"line":100,"column":62}},"49":{"start":{"line":103,"column":10},"end":{"line":103,"column":52}},"50":{"start":{"line":104,"column":10},"end":{"line":104,"column":56}},"51":{"start":{"line":106,"column":10},"end":{"line":106,"column":29}},"52":{"start":{"line":110,"column":6},"end":{"line":110,"column":26}}},"fnMap":{"0":{"name":"(anonymous_1)","decl":{"start":{"line":19,"column":20},"end":{"line":19,"column":21}},"loc":{"start":{"line":19,"column":37},"end":{"line":31,"column":1}}},"1":{"name":"(anonymous_2)","decl":{"start":{"line":37,"column":17},"end":{"line":37,"column":18}},"loc":{"start":{"line":37,"column":25},"end":{"line":43,"column":1}}},"2":{"name":"(anonymous_3)","decl":{"start":{"line":49,"column":18},"end":{"line":49,"column":19}},"loc":{"start":{"line":49,"column":26},"end":{"line":57,"column":1}}},"3":{"name":"(anonymous_4)","decl":{"start":{"line":64,"column":19},"end":{"line":64,"column":20}},"loc":{"start":{"line":64,"column":38},"end":{"line":113,"column":1}}},"4":{"name":"(anonymous_5)","decl":{"start":{"line":65,"column":21},"end":{"line":65,"column":22}},"loc":{"start":{"line":65,"column":41},"end":{"line":112,"column":3}}},"5":{"name":"(anonymous_6)","decl":{"start":{"line":77,"column":26},"end":{"line":77,"column":27}},"loc":{"start":{"line":77,"column":52},"end":{"line":108,"column":7}}},"6":{"name":"(anonymous_7)","decl":{"start":{"line":90,"column":28},"end":{"line":90,"column":30}},"loc":{"start":{"line":90,"column":33},"end":{"line":92,"column":11}}},"7":{"name":"(anonymous_8)","decl":{"start":{"line":99,"column":28},"end":{"line":99,"column":30}},"loc":{"start":{"line":99,"column":33},"end":{"line":101,"column":11}}}},"branchMap":{"0":{"loc":{"start":{"line":26,"column":2},"end":{"line":28,"column":3}},"type":"if","locations":[{"start":{"line":26,"column":2},"end":{"line":28,"column":3}},{"start":{"line":26,"column":2},"end":{"line":28,"column":3}}]},"1":{"loc":{"start":{"line":38,"column":2},"end":{"line":42,"column":3}},"type":"if","locations":[{"start":{"line":38,"column":2},"end":{"line":42,"column":3}},{"start":{"line":38,"column":2},"end":{"line":42,"column":3}}]},"2":{"loc":{"start":{"line":50,"column":2},"end":{"line":52,"column":3}},"type":"if","locations":[{"start":{"line":50,"column":2},"end":{"line":52,"column":3}},{"start":{"line":50,"column":2},"end":{"line":52,"column":3}}]},"3":{"loc":{"start":{"line":50,"column":6},"end":{"line":50,"column":36}},"type":"binary-expr","locations":[{"start":{"line":50,"column":6},"end":{"line":50,"column":36}},{"start":{"line":50,"column":40},"end":{"line":50,"column":70}}]},"4":{"loc":{"start":{"line":53,"column":2},"end":{"line":56,"column":3}},"type":"if","locations":[{"start":{"line":53,"column":2},"end":{"line":56,"column":3}},{"start":{"line":53,"column":2},"end":{"line":56,"column":3}}]},"5":{"loc":{"start":{"line":54,"column":13},"end":{"line":54,"column":20}},"type":"binary-expr","locations":[{"start":{"line":54,"column":13},"end":{"line":54,"column":20}},{"start":{"line":54,"column":24},"end":{"line":54,"column":31}}]},"6":{"loc":{"start":{"line":64,"column":33},"end":{"line":64,"column":34}},"type":"default-arg","locations":[{"start":{"line":64,"column":33},"end":{"line":64,"column":34}}]},"7":{"loc":{"start":{"line":66,"column":4},"end":{"line":68,"column":5}},"type":"if","locations":[{"start":{"line":66,"column":4},"end":{"line":68,"column":5}},{"start":{"line":66,"column":4},"end":{"line":68,"column":5}}]},"8":{"loc":{"start":{"line":74,"column":44},"end":{"line":74,"column":51}},"type":"binary-expr","locations":[{"start":{"line":74,"column":44},"end":{"line":74,"column":51}},{"start":{"line":74,"column":55},"end":{"line":74,"column":62}}]},"9":{"loc":{"start":{"line":78,"column":8},"end":{"line":81,"column":9}},"type":"if","locations":[{"start":{"line":78,"column":8},"end":{"line":81,"column":9}},{"start":{"line":78,"column":8},"end":{"line":81,"column":9}}]},"10":{"loc":{"start":{"line":83,"column":8},"end":{"line":107,"column":9}},"type":"if","locations":[{"start":{"line":83,"column":8},"end":{"line":107,"column":9}},{"start":{"line":83,"column":8},"end":{"line":107,"column":9}}]},"11":{"loc":{"start":{"line":83,"column":12},"end":{"line":83,"column":38}},"type":"binary-expr","locations":[{"start":{"line":83,"column":12},"end":{"line":83,"column":38}},{"start":{"line":83,"column":42},"end":{"line":83,"column":68}}]},"12":{"loc":{"start":{"line":86,"column":15},"end":{"line":107,"column":9}},"type":"if","locations":[{"start":{"line":86,"column":15},"end":{"line":107,"column":9}},{"start":{"line":86,"column":15},"end":{"line":107,"column":9}}]},"13":{"loc":{"start":{"line":88,"column":53},"end":{"line":88,"column":60}},"type":"binary-expr","locations":[{"start":{"line":88,"column":53},"end":{"line":88,"column":60}},{"start":{"line":88,"column":64},"end":{"line":88,"column":71}}]},"14":{"loc":{"start":{"line":93,"column":15},"end":{"line":107,"column":9}},"type":"if","locations":[{"start":{"line":93,"column":15},"end":{"line":107,"column":9}},{"start":{"line":93,"column":15},"end":{"line":107,"column":9}}]},"15":{"loc":{"start":{"line":96,"column":28},"end":{"line":96,"column":35}},"type":"binary-expr","locations":[{"start":{"line":96,"column":28},"end":{"line":96,"column":35}},{"start":{"line":96,"column":39},"end":{"line":96,"column":46}}]}},"s":{"0":7,"1":7,"2":7,"3":7,"4":7,"5":7,"6":9,"7":9,"8":9,"9":9,"10":9,"11":7,"12":15,"13":0,"14":0,"15":0,"16":7,"17":15,"18":4,"19":15,"20":6,"21":6,"22":7,"23":16,"24":16,"25":1,"26":15,"27":15,"28":15,"29":15,"30":15,"31":15,"32":15,"33":14,"34":5,"35":9,"36":9,"37":4,"38":5,"39":2,"40":2,"41":2,"42":2,"43":3,"44":3,"45":3,"46":3,"47":3,"48":3,"49":0,"50":0,"51":0,"52":0},"f":{"0":9,"1":15,"2":15,"3":16,"4":16,"5":14,"6":2,"7":3},"b":{"0":[9,0],"1":[0,15],"2":[4,11],"3":[15,4],"4":[6,9],"5":[6,0],"6":[10],"7":[1,15],"8":[15,0],"9":[5,9],"10":[4,5],"11":[9,9],"12":[2,3],"13":[2,0],"14":[3,0],"15":[3,0]}}
,"/home/ramanathan/Documents/Contentstack/contentstack-sync-manager/src/defaults.ts": {"path":"/home/ramanathan/Documents/Contentstack/contentstack-sync-manager/src/defaults.ts","statementMap":{"0":{"start":{"line":10,"column":13},"end":{"line":37,"column":1}}},"fnMap":{},"branchMap":{},"s":{"0":9},"f":{},"b":{}}
,"/home/ramanathan/Documents/Contentstack/contentstack-sync-manager/src/index.ts": {"path":"/home/ramanathan/Documents/Contentstack/contentstack-sync-manager/src/index.ts","statementMap":{"0":{"start":{"line":7,"column":0},"end":{"line":7,"column":24}},"1":{"start":{"line":8,"column":0},"end":{"line":8,"column":29}},"2":{"start":{"line":9,"column":0},"end":{"line":9,"column":28}},"3":{"start":{"line":10,"column":0},"end":{"line":10,"column":33}},"4":{"start":{"line":11,"column":0},"end":{"line":11,"column":52}},"5":{"start":{"line":12,"column":0},"end":{"line":12,"column":52}},"6":{"start":{"line":13,"column":0},"end":{"line":13,"column":51}},"7":{"start":{"line":15,"column":0},"end":{"line":21,"column":26}},"8":{"start":{"line":23,"column":14},"end":{"line":23,"column":35}},"9":{"start":{"line":25,"column":21},"end":{"line":25,"column":23}},"10":{"start":{"line":34,"column":13},"end":{"line":37,"column":1}},"11":{"start":{"line":35,"column":2},"end":{"line":35,"column":61}},"12":{"start":{"line":36,"column":2},"end":{"line":36,"column":29}},"13":{"start":{"line":43,"column":13},"end":{"line":46,"column":1}},"14":{"start":{"line":44,"column":2},"end":{"line":44,"column":59}},"15":{"start":{"line":45,"column":2},"end":{"line":45,"column":27}},"16":{"start":{"line":52,"column":13},"end":{"line":56,"column":1}},"17":{"start":{"line":53,"column":2},"end":{"line":53,"column":28}},"18":{"start":{"line":54,"column":2},"end":{"line":54,"column":52}},"19":{"start":{"line":55,"column":2},"end":{"line":55,"column":21}},"20":{"start":{"line":62,"column":13},"end":{"line":66,"column":1}},"21":{"start":{"line":63,"column":2},"end":{"line":63,"column":24}},"22":{"start":{"line":64,"column":2},"end":{"line":64,"column":35}},"23":{"start":{"line":65,"column":2},"end":{"line":65,"column":20}},"24":{"start":{"line":72,"column":13},"end":{"line":74,"column":1}},"25":{"start":{"line":73,"column":2},"end":{"line":73,"column":18}},"26":{"start":{"line":80,"column":13},"end":{"line":82,"column":1}},"27":{"start":{"line":81,"column":2},"end":{"line":81,"column":24}},"28":{"start":{"line":91,"column":13},"end":{"line":126,"column":1}},"29":{"start":{"line":92,"column":2},"end":{"line":125,"column":4}},"30":{"start":{"line":93,"column":4},"end":{"line":124,"column":5}},"31":{"start":{"line":94,"column":6},"end":{"line":94,"column":67}},"32":{"start":{"line":95,"column":6},"end":{"line":95,"column":58}},"33":{"start":{"line":96,"column":6},"end":{"line":96,"column":31}},"34":{"start":{"line":97,"column":6},"end":{"line":97,"column":42}},"35":{"start":{"line":99,"column":6},"end":{"line":99,"column":20}},"36":{"start":{"line":100,"column":6},"end":{"line":100,"column":38}},"37":{"start":{"line":102,"column":6},"end":{"line":121,"column":22}},"38":{"start":{"line":103,"column":8},"end":{"line":103,"column":97}},"39":{"start":{"line":104,"column":8},"end":{"line":104,"column":45}},"40":{"start":{"line":106,"column":8},"end":{"line":106,"column":63}},"41":{"start":{"line":108,"column":8},"end":{"line":108,"column":103}},"42":{"start":{"line":109,"column":8},"end":{"line":109,"column":51}},"43":{"start":{"line":111,"column":8},"end":{"line":111,"column":49}},"44":{"start":{"line":113,"column":8},"end":{"line":113,"column":53}},"45":{"start":{"line":114,"column":8},"end":{"line":114,"column":31}},"46":{"start":{"line":116,"column":8},"end":{"line":116,"column":40}},"47":{"start":{"line":118,"column":8},"end":{"line":118,"column":70}},"48":{"start":{"line":120,"column":8},"end":{"line":120,"column":24}},"49":{"start":{"line":123,"column":6},"end":{"line":123,"column":26}}},"fnMap":{"0":{"name":"(anonymous_1)","decl":{"start":{"line":34,"column":35},"end":{"line":34,"column":36}},"loc":{"start":{"line":34,"column":48},"end":{"line":37,"column":1}}},"1":{"name":"(anonymous_2)","decl":{"start":{"line":43,"column":33},"end":{"line":43,"column":34}},"loc":{"start":{"line":43,"column":46},"end":{"line":46,"column":1}}},"2":{"name":"(anonymous_3)","decl":{"start":{"line":52,"column":27},"end":{"line":52,"column":28}},"loc":{"start":{"line":52,"column":40},"end":{"line":56,"column":1}}},"3":{"name":"(anonymous_4)","decl":{"start":{"line":62,"column":25},"end":{"line":62,"column":26}},"loc":{"start":{"line":62,"column":36},"end":{"line":66,"column":1}}},"4":{"name":"(anonymous_5)","decl":{"start":{"line":72,"column":25},"end":{"line":72,"column":27}},"loc":{"start":{"line":72,"column":30},"end":{"line":74,"column":1}}},"5":{"name":"(anonymous_6)","decl":{"start":{"line":80,"column":31},"end":{"line":80,"column":32}},"loc":{"start":{"line":80,"column":44},"end":{"line":82,"column":1}}},"6":{"name":"(anonymous_7)","decl":{"start":{"line":91,"column":21},"end":{"line":91,"column":22}},"loc":{"start":{"line":91,"column":37},"end":{"line":126,"column":1}}},"7":{"name":"(anonymous_8)","decl":{"start":{"line":92,"column":21},"end":{"line":92,"column":22}},"loc":{"start":{"line":92,"column":41},"end":{"line":125,"column":3}}},"8":{"name":"(anonymous_9)","decl":{"start":{"line":102,"column":50},"end":{"line":102,"column":51}},"loc":{"start":{"line":102,"column":68},"end":{"line":107,"column":7}}},"9":{"name":"(anonymous_10)","decl":{"start":{"line":107,"column":14},"end":{"line":107,"column":15}},"loc":{"start":{"line":107,"column":36},"end":{"line":112,"column":7}}},"10":{"name":"(anonymous_11)","decl":{"start":{"line":112,"column":14},"end":{"line":112,"column":16}},"loc":{"start":{"line":112,"column":19},"end":{"line":117,"column":7}}},"11":{"name":"(anonymous_12)","decl":{"start":{"line":117,"column":14},"end":{"line":117,"column":16}},"loc":{"start":{"line":117,"column":19},"end":{"line":121,"column":7}}}},"branchMap":{"0":{"loc":{"start":{"line":91,"column":31},"end":{"line":91,"column":33}},"type":"default-arg","locations":[{"start":{"line":91,"column":31},"end":{"line":91,"column":33}}]}},"s":{"0":6,"1":6,"2":6,"3":6,"4":6,"5":6,"6":6,"7":6,"8":6,"9":6,"10":6,"11":5,"12":5,"13":6,"14":5,"15":5,"16":6,"17":5,"18":5,"19":5,"20":6,"21":6,"22":6,"23":6,"24":6,"25":11,"26":6,"27":0,"28":6,"29":4,"30":4,"31":4,"32":4,"33":4,"34":4,"35":4,"36":4,"37":4,"38":4,"39":4,"40":4,"41":4,"42":4,"43":4,"44":1,"45":1,"46":1,"47":1,"48":1,"49":0},"f":{"0":5,"1":5,"2":5,"3":6,"4":11,"5":0,"6":4,"7":4,"8":4,"9":4,"10":1,"11":1},"b":{"0":[1]}}
,"/home/ramanathan/Documents/Contentstack/contentstack-sync-manager/src/core/index.ts": {"path":"/home/ramanathan/Documents/Contentstack/contentstack-sync-manager/src/core/index.ts","statementMap":{"0":{"start":{"line":7,"column":0},"end":{"line":7,"column":39}},"1":{"start":{"line":8,"column":0},"end":{"line":8,"column":22}},"2":{"start":{"line":9,"column":0},"end":{"line":9,"column":29}},"3":{"start":{"line":16,"column":13},"end":{"line":23,"column":1}},"4":{"start":{"line":17,"column":2},"end":{"line":22,"column":4}},"5":{"start":{"line":18,"column":22},"end":{"line":18,"column":46}},"6":{"start":{"line":19,"column":4},"end":{"line":19,"column":32}},"7":{"start":{"line":21,"column":4},"end":{"line":21,"column":55}}},"fnMap":{"0":{"name":"(anonymous_0)","decl":{"start":{"line":16,"column":20},"end":{"line":16,"column":21}},"loc":{"start":{"line":16,"column":42},"end":{"line":23,"column":1}}},"1":{"name":"(anonymous_1)","decl":{"start":{"line":17,"column":21},"end":{"line":17,"column":22}},"loc":{"start":{"line":17,"column":41},"end":{"line":22,"column":3}}}},"branchMap":{},"s":{"0":6,"1":6,"2":6,"3":6,"4":4,"5":4,"6":4,"7":4},"f":{"0":4,"1":4},"b":{}}
,"/home/ramanathan/Documents/Contentstack/contentstack-sync-manager/src/core/plugins.ts": {"path":"/home/ramanathan/Documents/Contentstack/contentstack-sync-manager/src/core/plugins.ts","statementMap":{"0":{"start":{"line":7,"column":0},"end":{"line":7,"column":24}},"1":{"start":{"line":8,"column":0},"end":{"line":8,"column":30}},"2":{"start":{"line":9,"column":0},"end":{"line":9,"column":29}},"3":{"start":{"line":10,"column":0},"end":{"line":10,"column":35}},"4":{"start":{"line":12,"column":14},"end":{"line":12,"column":38}},"5":{"start":{"line":13,"column":22},"end":{"line":15,"column":1}},"6":{"start":{"line":22,"column":13},"end":{"line":47,"column":1}},"7":{"start":{"line":23,"column":2},"end":{"line":23,"column":30}},"8":{"start":{"line":24,"column":26},"end":{"line":24,"column":28}},"9":{"start":{"line":25,"column":18},"end":{"line":25,"column":38}},"10":{"start":{"line":26,"column":2},"end":{"line":28,"column":4}},"11":{"start":{"line":27,"column":4},"end":{"line":27,"column":71}},"12":{"start":{"line":29,"column":2},"end":{"line":43,"column":3}},"13":{"start":{"line":30,"column":23},"end":{"line":30,"column":81}},"14":{"start":{"line":31,"column":4},"end":{"line":42,"column":5}},"15":{"start":{"line":32,"column":21},"end":{"line":32,"column":40}},"16":{"start":{"line":33,"column":27},"end":{"line":33,"column":46}},"17":{"start":{"line":34,"column":6},"end":{"line":34,"column":26}},"18":{"start":{"line":35,"column":6},"end":{"line":39,"column":8}},"19":{"start":{"line":36,"column":8},"end":{"line":38,"column":9}},"20":{"start":{"line":37,"column":10},"end":{"line":37,"column":66}},"21":{"start":{"line":44,"column":2},"end":{"line":44,"column":38}},"22":{"start":{"line":46,"column":2},"end":{"line":46,"column":24}}},"fnMap":{"0":{"name":"(anonymous_1)","decl":{"start":{"line":22,"column":20},"end":{"line":22,"column":21}},"loc":{"start":{"line":22,"column":31},"end":{"line":47,"column":1}}},"1":{"name":"(anonymous_2)","decl":{"start":{"line":26,"column":24},"end":{"line":26,"column":25}},"loc":{"start":{"line":26,"column":41},"end":{"line":28,"column":3}}},"2":{"name":"(anonymous_3)","decl":{"start":{"line":35,"column":28},"end":{"line":35,"column":29}},"loc":{"start":{"line":35,"column":45},"end":{"line":39,"column":7}}}},"branchMap":{"0":{"loc":{"start":{"line":25,"column":18},"end":{"line":25,"column":32}},"type":"binary-expr","locations":[{"start":{"line":25,"column":18},"end":{"line":25,"column":32}},{"start":{"line":25,"column":36},"end":{"line":25,"column":38}}]},"1":{"loc":{"start":{"line":27,"column":36},"end":{"line":27,"column":65}},"type":"binary-expr","locations":[{"start":{"line":27,"column":36},"end":{"line":27,"column":65}},{"start":{"line":27,"column":69},"end":{"line":27,"column":71}}]},"2":{"loc":{"start":{"line":31,"column":4},"end":{"line":42,"column":5}},"type":"if","locations":[{"start":{"line":31,"column":4},"end":{"line":42,"column":5}},{"start":{"line":31,"column":4},"end":{"line":42,"column":5}}]},"3":{"loc":{"start":{"line":36,"column":8},"end":{"line":38,"column":9}},"type":"if","locations":[{"start":{"line":36,"column":8},"end":{"line":38,"column":9}},{"start":{"line":36,"column":8},"end":{"line":38,"column":9}}]}},"s":{"0":6,"1":6,"2":6,"3":6,"4":6,"5":6,"6":6,"7":2,"8":2,"9":2,"10":2,"11":12,"12":2,"13":2,"14":2,"15":2,"16":2,"17":2,"18":2,"19":12,"20":12,"21":2,"22":2},"f":{"0":2,"1":12,"2":12},"b":{"0":[2,0],"1":[12,12],"2":[2,0],"3":[12,0]}}
,"/home/ramanathan/Documents/Contentstack/contentstack-sync-manager/src/core/q.ts": {"path":"/home/ramanathan/Documents/Contentstack/contentstack-sync-manager/src/core/q.ts","statementMap":{"0":{"start":{"line":7,"column":0},"end":{"line":7,"column":24}},"1":{"start":{"line":8,"column":0},"end":{"line":8,"column":36}},"2":{"start":{"line":9,"column":0},"end":{"line":9,"column":56}},"3":{"start":{"line":10,"column":0},"end":{"line":10,"column":38}},"4":{"start":{"line":11,"column":0},"end":{"line":11,"column":36}},"5":{"start":{"line":12,"column":0},"end":{"line":12,"column":44}},"6":{"start":{"line":13,"column":0},"end":{"line":13,"column":31}},"7":{"start":{"line":14,"column":0},"end":{"line":14,"column":45}},"8":{"start":{"line":16,"column":14},"end":{"line":16,"column":32}},"9":{"start":{"line":17,"column":15},"end":{"line":17,"column":19}},"10":{"start":{"line":37,"column":4},"end":{"line":47,"column":5}},"11":{"start":{"line":38,"column":6},"end":{"line":38,"column":13}},"12":{"start":{"line":39,"column":6},"end":{"line":39,"column":41}},"13":{"start":{"line":40,"column":6},"end":{"line":40,"column":40}},"14":{"start":{"line":41,"column":6},"end":{"line":41,"column":29}},"15":{"start":{"line":42,"column":6},"end":{"line":42,"column":17}},"16":{"start":{"line":43,"column":6},"end":{"line":43,"column":32}},"17":{"start":{"line":44,"column":6},"end":{"line":44,"column":41}},"18":{"start":{"line":45,"column":6},"end":{"line":45,"column":21}},"19":{"start":{"line":46,"column":6},"end":{"line":46,"column":47}},"20":{"start":{"line":49,"column":4},"end":{"line":49,"column":19}},"21":{"start":{"line":57,"column":4},"end":{"line":57,"column":21}},"22":{"start":{"line":58,"column":4},"end":{"line":58,"column":82}},"23":{"start":{"line":59,"column":4},"end":{"line":59,"column":15}},"24":{"start":{"line":67,"column":4},"end":{"line":67,"column":21}},"25":{"start":{"line":68,"column":4},"end":{"line":68,"column":56}},"26":{"start":{"line":69,"column":4},"end":{"line":81,"column":5}},"27":{"start":{"line":70,"column":6},"end":{"line":80,"column":8}},"28":{"start":{"line":71,"column":8},"end":{"line":75,"column":10}},"29":{"start":{"line":72,"column":10},"end":{"line":72,"column":84}},"30":{"start":{"line":74,"column":10},"end":{"line":74,"column":21}},"31":{"start":{"line":77,"column":8},"end":{"line":77,"column":51}},"32":{"start":{"line":78,"column":8},"end":{"line":78,"column":27}},"33":{"start":{"line":79,"column":8},"end":{"line":79,"column":19}},"34":{"start":{"line":83,"column":4},"end":{"line":87,"column":6}},"35":{"start":{"line":84,"column":6},"end":{"line":84,"column":56}},"36":{"start":{"line":85,"column":6},"end":{"line":85,"column":25}},"37":{"start":{"line":86,"column":6},"end":{"line":86,"column":17}},"38":{"start":{"line":94,"column":4},"end":{"line":94,"column":102}},"39":{"start":{"line":95,"column":4},"end":{"line":108,"column":5}},"40":{"start":{"line":96,"column":6},"end":{"line":96,"column":28}},"41":{"start":{"line":97,"column":19},"end":{"line":97,"column":33}},"42":{"start":{"line":98,"column":6},"end":{"line":106,"column":7}},"43":{"start":{"line":99,"column":8},"end":{"line":105,"column":10}},"44":{"start":{"line":100,"column":10},"end":{"line":100,"column":28}},"45":{"start":{"line":102,"column":10},"end":{"line":102,"column":65}},"46":{"start":{"line":103,"column":10},"end":{"line":103,"column":29}},"47":{"start":{"line":104,"column":10},"end":{"line":104,"column":28}},"48":{"start":{"line":107,"column":6},"end":{"line":107,"column":24}},"49":{"start":{"line":116,"column":4},"end":{"line":116,"column":67}},"50":{"start":{"line":117,"column":4},"end":{"line":130,"column":5}},"51":{"start":{"line":119,"column":6},"end":{"line":119,"column":67}},"52":{"start":{"line":120,"column":6},"end":{"line":120,"column":11}},"53":{"start":{"line":122,"column":6},"end":{"line":122,"column":71}},"54":{"start":{"line":123,"column":6},"end":{"line":123,"column":11}},"55":{"start":{"line":125,"column":6},"end":{"line":125,"column":65}},"56":{"start":{"line":126,"column":6},"end":{"line":126,"column":11}},"57":{"start":{"line":129,"column":6},"end":{"line":129,"column":11}},"58":{"start":{"line":142,"column":4},"end":{"line":178,"column":5}},"59":{"start":{"line":143,"column":6},"end":{"line":143,"column":47}},"60":{"start":{"line":144,"column":32},"end":{"line":144,"column":34}},"61":{"start":{"line":145,"column":25},"end":{"line":145,"column":47}},"62":{"start":{"line":146,"column":6},"end":{"line":148,"column":8}},"63":{"start":{"line":147,"column":8},"end":{"line":147,"column":45}},"64":{"start":{"line":150,"column":6},"end":{"line":172,"column":8}},"65":{"start":{"line":152,"column":8},"end":{"line":152,"column":61}},"66":{"start":{"line":154,"column":8},"end":{"line":154,"column":57}},"67":{"start":{"line":156,"column":8},"end":{"line":156,"column":56}},"68":{"start":{"line":157,"column":35},"end":{"line":157,"column":37}},"69":{"start":{"line":158,"column":8},"end":{"line":160,"column":10}},"70":{"start":{"line":159,"column":10},"end":{"line":159,"column":54}},"71":{"start":{"line":162,"column":8},"end":{"line":162,"column":46}},"72":{"start":{"line":164,"column":8},"end":{"line":164,"column":60}},"73":{"start":{"line":165,"column":8},"end":{"line":165,"column":31}},"74":{"start":{"line":166,"column":8},"end":{"line":166,"column":31}},"75":{"start":{"line":168,"column":8},"end":{"line":171,"column":10}},"76":{"start":{"line":174,"column":6},"end":{"line":177,"column":8}},"77":{"start":{"line":24,"column":0},"end":{"line":180,"column":1}}},"fnMap":{"0":{"name":"(anonymous_1)","decl":{"start":{"line":36,"column":2},"end":{"line":36,"column":13}},"loc":{"start":{"line":36,"column":31},"end":{"line":50,"column":3}}},"1":{"name":"(anonymous_2)","decl":{"start":{"line":56,"column":9},"end":{"line":56,"column":12}},"loc":{"start":{"line":56,"column":18},"end":{"line":60,"column":3}}},"2":{"name":"(anonymous_3)","decl":{"start":{"line":66,"column":9},"end":{"line":66,"column":20}},"loc":{"start":{"line":66,"column":25},"end":{"line":88,"column":3}}},"3":{"name":"(anonymous_4)","decl":{"start":{"line":70,"column":88},"end":{"line":70,"column":90}},"loc":{"start":{"line":70,"column":93},"end":{"line":76,"column":7}}},"4":{"name":"(anonymous_5)","decl":{"start":{"line":71,"column":51},"end":{"line":71,"column":52}},"loc":{"start":{"line":71,"column":61},"end":{"line":75,"column":9}}},"5":{"name":"(anonymous_6)","decl":{"start":{"line":76,"column":15},"end":{"line":76,"column":16}},"loc":{"start":{"line":76,"column":25},"end":{"line":80,"column":7}}},"6":{"name":"(anonymous_7)","decl":{"start":{"line":83,"column":47},"end":{"line":83,"column":48}},"loc":{"start":{"line":83,"column":57},"end":{"line":87,"column":5}}},"7":{"name":"(anonymous_8)","decl":{"start":{"line":93,"column":10},"end":{"line":93,"column":13}},"loc":{"start":{"line":93,"column":14},"end":{"line":109,"column":3}}},"8":{"name":"(anonymous_9)","decl":{"start":{"line":99,"column":82},"end":{"line":99,"column":84}},"loc":{"start":{"line":99,"column":87},"end":{"line":101,"column":9}}},"9":{"name":"(anonymous_10)","decl":{"start":{"line":101,"column":17},"end":{"line":101,"column":18}},"loc":{"start":{"line":101,"column":27},"end":{"line":105,"column":9}}},"10":{"name":"(anonymous_11)","decl":{"start":{"line":115,"column":10},"end":{"line":115,"column":16}},"loc":{"start":{"line":115,"column":22},"end":{"line":131,"column":3}}},"11":{"name":"(anonymous_12)","decl":{"start":{"line":141,"column":10},"end":{"line":141,"column":13}},"loc":{"start":{"line":141,"column":54},"end":{"line":179,"column":3}}},"12":{"name":"(anonymous_13)","decl":{"start":{"line":146,"column":49},"end":{"line":146,"column":50}},"loc":{"start":{"line":146,"column":61},"end":{"line":148,"column":7}}},"13":{"name":"(anonymous_14)","decl":{"start":{"line":151,"column":12},"end":{"line":151,"column":14}},"loc":{"start":{"line":151,"column":17},"end":{"line":155,"column":7}}},"14":{"name":"(anonymous_15)","decl":{"start":{"line":155,"column":14},"end":{"line":155,"column":16}},"loc":{"start":{"line":155,"column":19},"end":{"line":163,"column":7}}},"15":{"name":"(anonymous_16)","decl":{"start":{"line":158,"column":50},"end":{"line":158,"column":51}},"loc":{"start":{"line":158,"column":62},"end":{"line":160,"column":9}}},"16":{"name":"(anonymous_17)","decl":{"start":{"line":163,"column":14},"end":{"line":163,"column":16}},"loc":{"start":{"line":163,"column":19},"end":{"line":167,"column":7}}},"17":{"name":"(anonymous_18)","decl":{"start":{"line":167,"column":15},"end":{"line":167,"column":16}},"loc":{"start":{"line":167,"column":25},"end":{"line":172,"column":7}}}},"branchMap":{"0":{"loc":{"start":{"line":37,"column":4},"end":{"line":47,"column":5}},"type":"if","locations":[{"start":{"line":37,"column":4},"end":{"line":47,"column":5}},{"start":{"line":37,"column":4},"end":{"line":47,"column":5}}]},"1":{"loc":{"start":{"line":37,"column":8},"end":{"line":37,"column":17}},"type":"binary-expr","locations":[{"start":{"line":37,"column":8},"end":{"line":37,"column":17}},{"start":{"line":37,"column":21},"end":{"line":37,"column":30}},{"start":{"line":37,"column":34},"end":{"line":37,"column":40}}]},"2":{"loc":{"start":{"line":69,"column":4},"end":{"line":81,"column":5}},"type":"if","locations":[{"start":{"line":69,"column":4},"end":{"line":81,"column":5}},{"start":{"line":69,"column":4},"end":{"line":81,"column":5}}]},"3":{"loc":{"start":{"line":95,"column":4},"end":{"line":108,"column":5}},"type":"if","locations":[{"start":{"line":95,"column":4},"end":{"line":108,"column":5}},{"start":{"line":95,"column":4},"end":{"line":108,"column":5}}]},"4":{"loc":{"start":{"line":95,"column":8},"end":{"line":95,"column":24}},"type":"binary-expr","locations":[{"start":{"line":95,"column":8},"end":{"line":95,"column":24}},{"start":{"line":95,"column":28},"end":{"line":95,"column":41}}]},"5":{"loc":{"start":{"line":98,"column":6},"end":{"line":106,"column":7}},"type":"if","locations":[{"start":{"line":98,"column":6},"end":{"line":106,"column":7}},{"start":{"line":98,"column":6},"end":{"line":106,"column":7}}]},"6":{"loc":{"start":{"line":118,"column":4},"end":{"line":120,"column":11}},"type":"switch","locations":[{"start":{"line":118,"column":4},"end":{"line":120,"column":11}},{"start":{"line":121,"column":4},"end":{"line":123,"column":11}},{"start":{"line":124,"column":4},"end":{"line":126,"column":11}},{"start":{"line":127,"column":4},"end":{"line":129,"column":11}}]}},"s":{"0":6,"1":6,"2":6,"3":6,"4":6,"5":6,"6":6,"7":6,"8":6,"9":6,"10":5,"11":2,"12":2,"13":2,"14":2,"15":2,"16":2,"17":2,"18":2,"19":2,"20":5,"21":4,"22":4,"23":4,"24":1,"25":1,"26":1,"27":1,"28":0,"29":0,"30":0,"31":0,"32":0,"33":0,"34":1,"35":1,"36":1,"37":1,"38":11,"39":10,"40":4,"41":4,"42":4,"43":2,"44":1,"45":0,"46":0,"47":0,"48":4,"49":5,"50":5,"51":2,"52":2,"53":0,"54":0,"55":3,"56":3,"57":0,"58":5,"59":5,"60":5,"61":5,"62":5,"63":5,"64":5,"65":5,"66":5,"67":5,"68":5,"69":5,"70":5,"71":5,"72":5,"73":5,"74":5,"75":0,"76":0,"77":6},"f":{"0":5,"1":4,"2":1,"3":0,"4":0,"5":0,"6":1,"7":11,"8":1,"9":0,"10":5,"11":5,"12":5,"13":5,"14":5,"15":5,"16":5,"17":0},"b":{"0":[2,3],"1":[5,2,2],"2":[1,0],"3":[4,6],"4":[10,9],"5":[2,2],"6":[2,0,3,0]}}
,"/home/ramanathan/Documents/Contentstack/contentstack-sync-manager/src/core/sync.ts": {"path":"/home/ramanathan/Documents/Contentstack/contentstack-sync-manager/src/core/sync.ts","statementMap":{"0":{"start":{"line":7,"column":0},"end":{"line":7,"column":24}},"1":{"start":{"line":8,"column":0},"end":{"line":8,"column":36}},"2":{"start":{"line":9,"column":0},"end":{"line":9,"column":30}},"3":{"start":{"line":10,"column":0},"end":{"line":10,"column":29}},"4":{"start":{"line":11,"column":0},"end":{"line":11,"column":27}},"5":{"start":{"line":12,"column":0},"end":{"line":12,"column":92}},"6":{"start":{"line":13,"column":0},"end":{"line":13,"column":52}},"7":{"start":{"line":14,"column":0},"end":{"line":14,"column":38}},"8":{"start":{"line":15,"column":0},"end":{"line":15,"column":36}},"9":{"start":{"line":16,"column":0},"end":{"line":16,"column":40}},"10":{"start":{"line":17,"column":0},"end":{"line":17,"column":44}},"11":{"start":{"line":18,"column":0},"end":{"line":18,"column":61}},"12":{"start":{"line":25,"column":14},"end":{"line":25,"column":35}},"13":{"start":{"line":26,"column":16},"end":{"line":26,"column":34}},"14":{"start":{"line":27,"column":27},"end":{"line":27,"column":36}},"15":{"start":{"line":28,"column":29},"end":{"line":28,"column":45}},"16":{"start":{"line":29,"column":13},"end":{"line":33,"column":1}},"17":{"start":{"line":42,"column":13},"end":{"line":77,"column":1}},"18":{"start":{"line":43,"column":2},"end":{"line":43,"column":15}},"19":{"start":{"line":44,"column":2},"end":{"line":44,"column":34}},"20":{"start":{"line":46,"column":2},"end":{"line":76,"column":4}},"21":{"start":{"line":47,"column":4},"end":{"line":75,"column":5}},"22":{"start":{"line":48,"column":6},"end":{"line":48,"column":26}},"23":{"start":{"line":49,"column":6},"end":{"line":49,"column":40}},"24":{"start":{"line":50,"column":20},"end":{"line":50,"column":32}},"25":{"start":{"line":51,"column":26},"end":{"line":51,"column":91}},"26":{"start":{"line":52,"column":6},"end":{"line":52,"column":42}},"27":{"start":{"line":53,"column":27},"end":{"line":58,"column":7}},"28":{"start":{"line":59,"column":6},"end":{"line":68,"column":7}},"29":{"start":{"line":60,"column":8},"end":{"line":60,"column":55}},"30":{"start":{"line":61,"column":13},"end":{"line":68,"column":7}},"31":{"start":{"line":62,"column":8},"end":{"line":62,"column":67}},"32":{"start":{"line":63,"column":13},"end":{"line":68,"column":7}},"33":{"start":{"line":64,"column":22},"end":{"line":64,"column":65}},"34":{"start":{"line":65,"column":8},"end":{"line":65,"column":44}},"35":{"start":{"line":67,"column":8},"end":{"line":67,"column":30}},"36":{"start":{"line":70,"column":6},"end":{"line":72,"column":22}},"37":{"start":{"line":74,"column":6},"end":{"line":74,"column":26}},"38":{"start":{"line":82,"column":13},"end":{"line":88,"column":1}},"39":{"start":{"line":83,"column":2},"end":{"line":83,"column":60}},"40":{"start":{"line":84,"column":2},"end":{"line":87,"column":3}},"41":{"start":{"line":85,"column":4},"end":{"line":85,"column":18}},"42":{"start":{"line":86,"column":4},"end":{"line":86,"column":11}},"43":{"start":{"line":94,"column":14},"end":{"line":112,"column":1}},"44":{"start":{"line":95,"column":2},"end":{"line":95,"column":76}},"45":{"start":{"line":96,"column":2},"end":{"line":111,"column":3}},"46":{"start":{"line":97,"column":4},"end":{"line":97,"column":19}},"47":{"start":{"line":98,"column":4},"end":{"line":98,"column":18}},"48":{"start":{"line":99,"column":4},"end":{"line":110,"column":6}},"49":{"start":{"line":100,"column":6},"end":{"line":100,"column":104}},"50":{"start":{"line":102,"column":6},"end":{"line":105,"column":40}},"51":{"start":{"line":103,"column":8},"end":{"line":103,"column":23}},"52":{"start":{"line":104,"column":8},"end":{"line":104,"column":29}},"53":{"start":{"line":107,"column":6},"end":{"line":107,"column":25}},"54":{"start":{"line":109,"column":6},"end":{"line":109,"column":20}},"55":{"start":{"line":117,"column":13},"end":{"line":134,"column":1}},"56":{"start":{"line":118,"column":2},"end":{"line":133,"column":4}},"57":{"start":{"line":119,"column":4},"end":{"line":132,"column":6}},"58":{"start":{"line":120,"column":28},"end":{"line":120,"column":46}},"59":{"start":{"line":121,"column":27},"end":{"line":127,"column":7}},"60":{"start":{"line":129,"column":6},"end":{"line":131,"column":22}},"61":{"start":{"line":139,"column":13},"end":{"line":142,"column":1}},"62":{"start":{"line":140,"column":2},"end":{"line":140,"column":43}},"63":{"start":{"line":141,"column":2},"end":{"line":141,"column":22}},"64":{"start":{"line":148,"column":13},"end":{"line":237,"column":1}},"65":{"start":{"line":149,"column":2},"end":{"line":149,"column":35}},"66":{"start":{"line":150,"column":2},"end":{"line":150,"column":16}},"67":{"start":{"line":152,"column":2},"end":{"line":236,"column":4}},"68":{"start":{"line":153,"column":4},"end":{"line":235,"column":6}},"69":{"start":{"line":154,"column":6},"end":{"line":154,"column":24}},"70":{"start":{"line":155,"column":6},"end":{"line":155,"column":36}},"71":{"start":{"line":156,"column":6},"end":{"line":156,"column":53}},"72":{"start":{"line":157,"column":32},"end":{"line":157,"column":40}},"73":{"start":{"line":158,"column":6},"end":{"line":226,"column":7}},"74":{"start":{"line":159,"column":8},"end":{"line":225,"column":10}},"75":{"start":{"line":160,"column":10},"end":{"line":160,"column":49}},"76":{"start":{"line":161,"column":31},"end":{"line":161,"column":61}},"77":{"start":{"line":162,"column":10},"end":{"line":162,"column":52}},"78":{"start":{"line":164,"column":10},"end":{"line":174,"column":11}},"79":{"start":{"line":165,"column":12},"end":{"line":167,"column":14}},"80":{"start":{"line":166,"column":14},"end":{"line":166,"column":27}},"81":{"start":{"line":168,"column":12},"end":{"line":168,"column":51}},"82":{"start":{"line":169,"column":17},"end":{"line":174,"column":11}},"83":{"start":{"line":170,"column":12},"end":{"line":172,"column":14}},"84":{"start":{"line":171,"column":14},"end":{"line":171,"column":33}},"85":{"start":{"line":173,"column":12},"end":{"line":173,"column":53}},"86":{"start":{"line":176,"column":34},"end":{"line":176,"column":59}},"87":{"start":{"line":177,"column":10},"end":{"line":186,"column":12}},"88":{"start":{"line":178,"column":32},"end":{"line":178,"column":60}},"89":{"start":{"line":179,"column":12},"end":{"line":183,"column":13}},"90":{"start":{"line":180,"column":14},"end":{"line":180,"column":36}},"91":{"start":{"line":182,"column":14},"end":{"line":182,"column":25}},"92":{"start":{"line":185,"column":12},"end":{"line":185,"column":24}},"93":{"start":{"line":188,"column":10},"end":{"line":222,"column":12}},"94":{"start":{"line":189,"column":12},"end":{"line":189,"column":66}},"95":{"start":{"line":191,"column":12},"end":{"line":213,"column":14}},"96":{"start":{"line":192,"column":14},"end":{"line":212,"column":16}},"97":{"start":{"line":195,"column":63},"end":{"line":195,"column":96}},"98":{"start":{"line":196,"column":16},"end":{"line":204,"column":17}},"99":{"start":{"line":197,"column":32},"end":{"line":197,"column":49}},"100":{"start":{"line":198,"column":18},"end":{"line":201,"column":20}},"101":{"start":{"line":199,"column":20},"end":{"line":199,"column":86}},"102":{"start":{"line":200,"column":20},"end":{"line":200,"column":33}},"103":{"start":{"line":203,"column":18},"end":{"line":203,"column":37}},"104":{"start":{"line":205,"column":33},"end":{"line":205,"column":83}},"105":{"start":{"line":207,"column":16},"end":{"line":207,"column":33}},"106":{"start":{"line":209,"column":16},"end":{"line":209,"column":37}},"107":{"start":{"line":211,"column":16},"end":{"line":211,"column":39}},"108":{"start":{"line":215,"column":12},"end":{"line":217,"column":28}},"109":{"start":{"line":221,"column":12},"end":{"line":221,"column":32}},"110":{"start":{"line":224,"column":10},"end":{"line":224,"column":37}},"111":{"start":{"line":228,"column":6},"end":{"line":230,"column":22}},"112":{"start":{"line":234,"column":6},"end":{"line":234,"column":26}},"113":{"start":{"line":244,"column":20},"end":{"line":272,"column":1}},"114":{"start":{"line":246,"column":2},"end":{"line":271,"column":4}},"115":{"start":{"line":248,"column":4},"end":{"line":252,"column":5}},"116":{"start":{"line":249,"column":6},"end":{"line":249,"column":31}},"117":{"start":{"line":251,"column":6},"end":{"line":251,"column":25}},"118":{"start":{"line":254,"column":4},"end":{"line":270,"column":6}},"119":{"start":{"line":256,"column":6},"end":{"line":256,"column":31}},"120":{"start":{"line":257,"column":6},"end":{"line":261,"column":7}},"121":{"start":{"line":258,"column":8},"end":{"line":258,"column":23}},"122":{"start":{"line":260,"column":8},"end":{"line":260,"column":24}},"123":{"start":{"line":263,"column":6},"end":{"line":265,"column":22}},"124":{"start":{"line":269,"column":6},"end":{"line":269,"column":26}},"125":{"start":{"line":274,"column":0},"end":{"line":274,"column":26}}},"fnMap":{"0":{"name":"(anonymous_1)","decl":{"start":{"line":42,"column":21},"end":{"line":42,"column":22}},"loc":{"start":{"line":42,"column":35},"end":{"line":77,"column":1}}},"1":{"name":"(anonymous_2)","decl":{"start":{"line":46,"column":21},"end":{"line":46,"column":22}},"loc":{"start":{"line":46,"column":41},"end":{"line":76,"column":3}}},"2":{"name":"(anonymous_3)","decl":{"start":{"line":82,"column":20},"end":{"line":82,"column":22}},"loc":{"start":{"line":82,"column":25},"end":{"line":88,"column":1}}},"3":{"name":"(anonymous_4)","decl":{"start":{"line":94,"column":14},"end":{"line":94,"column":16}},"loc":{"start":{"line":94,"column":19},"end":{"line":112,"column":1}}},"4":{"name":"(anonymous_5)","decl":{"start":{"line":99,"column":16},"end":{"line":99,"column":18}},"loc":{"start":{"line":99,"column":21},"end":{"line":106,"column":5}}},"5":{"name":"(anonymous_6)","decl":{"start":{"line":102,"column":24},"end":{"line":102,"column":26}},"loc":{"start":{"line":102,"column":29},"end":{"line":105,"column":7}}},"6":{"name":"(anonymous_7)","decl":{"start":{"line":106,"column":13},"end":{"line":106,"column":14}},"loc":{"start":{"line":106,"column":23},"end":{"line":110,"column":5}}},"7":{"name":"(anonymous_8)","decl":{"start":{"line":117,"column":13},"end":{"line":117,"column":15}},"loc":{"start":{"line":117,"column":18},"end":{"line":134,"column":1}}},"8":{"name":"(anonymous_9)","decl":{"start":{"line":118,"column":21},"end":{"line":118,"column":22}},"loc":{"start":{"line":118,"column":41},"end":{"line":133,"column":3}}},"9":{"name":"(anonymous_10)","decl":{"start":{"line":119,"column":45},"end":{"line":119,"column":46}},"loc":{"start":{"line":119,"column":61},"end":{"line":132,"column":5}}},"10":{"name":"(anonymous_11)","decl":{"start":{"line":139,"column":20},"end":{"line":139,"column":22}},"loc":{"start":{"line":139,"column":25},"end":{"line":142,"column":1}}},"11":{"name":"(anonymous_12)","decl":{"start":{"line":148,"column":13},"end":{"line":148,"column":14}},"loc":{"start":{"line":148,"column":21},"end":{"line":237,"column":1}}},"12":{"name":"(anonymous_13)","decl":{"start":{"line":152,"column":21},"end":{"line":152,"column":22}},"loc":{"start":{"line":152,"column":41},"end":{"line":236,"column":3}}},"13":{"name":"(anonymous_14)","decl":{"start":{"line":153,"column":25},"end":{"line":153,"column":26}},"loc":{"start":{"line":153,"column":38},"end":{"line":231,"column":5}}},"14":{"name":"(anonymous_15)","decl":{"start":{"line":159,"column":54},"end":{"line":159,"column":56}},"loc":{"start":{"line":159,"column":59},"end":{"line":223,"column":9}}},"15":{"name":"(anonymous_16)","decl":{"start":{"line":165,"column":53},"end":{"line":165,"column":54}},"loc":{"start":{"line":165,"column":63},"end":{"line":167,"column":13}}},"16":{"name":"(anonymous_17)","decl":{"start":{"line":170,"column":55},"end":{"line":170,"column":56}},"loc":{"start":{"line":170,"column":71},"end":{"line":172,"column":13}}},"17":{"name":"(anonymous_18)","decl":{"start":{"line":177,"column":34},"end":{"line":177,"column":35}},"loc":{"start":{"line":177,"column":53},"end":{"line":186,"column":11}}},"18":{"name":"(anonymous_19)","decl":{"start":{"line":188,"column":38},"end":{"line":188,"column":39}},"loc":{"start":{"line":188,"column":46},"end":{"line":214,"column":11}}},"19":{"name":"(anonymous_20)","decl":{"start":{"line":191,"column":31},"end":{"line":191,"column":32}},"loc":{"start":{"line":191,"column":57},"end":{"line":213,"column":13}}},"20":{"name":"(anonymous_21)","decl":{"start":{"line":194,"column":22},"end":{"line":194,"column":23}},"loc":{"start":{"line":194,"column":52},"end":{"line":210,"column":15}}},"21":{"name":"(anonymous_22)","decl":{"start":{"line":198,"column":32},"end":{"line":198,"column":33}},"loc":{"start":{"line":198,"column":42},"end":{"line":201,"column":19}}},"22":{"name":"(anonymous_23)","decl":{"start":{"line":210,"column":23},"end":{"line":210,"column":24}},"loc":{"start":{"line":210,"column":33},"end":{"line":212,"column":15}}},"23":{"name":"(anonymous_24)","decl":{"start":{"line":214,"column":21},"end":{"line":214,"column":23}},"loc":{"start":{"line":214,"column":26},"end":{"line":218,"column":11}}},"24":{"name":"(anonymous_25)","decl":{"start":{"line":218,"column":19},"end":{"line":218,"column":20}},"loc":{"start":{"line":218,"column":29},"end":{"line":222,"column":11}}},"25":{"name":"(anonymous_26)","decl":{"start":{"line":223,"column":17},"end":{"line":223,"column":18}},"loc":{"start":{"line":223,"column":34},"end":{"line":225,"column":9}}},"26":{"name":"(anonymous_27)","decl":{"start":{"line":231,"column":13},"end":{"line":231,"column":14}},"loc":{"start":{"line":231,"column":23},"end":{"line":235,"column":5}}},"27":{"name":"(anonymous_28)","decl":{"start":{"line":244,"column":20},"end":{"line":244,"column":21}},"loc":{"start":{"line":244,"column":34},"end":{"line":272,"column":1}}},"28":{"name":"(anonymous_29)","decl":{"start":{"line":246,"column":21},"end":{"line":246,"column":22}},"loc":{"start":{"line":246,"column":41},"end":{"line":271,"column":3}}},"29":{"name":"(anonymous_30)","decl":{"start":{"line":254,"column":55},"end":{"line":254,"column":57}},"loc":{"start":{"line":254,"column":60},"end":{"line":266,"column":5}}},"30":{"name":"(anonymous_31)","decl":{"start":{"line":266,"column":13},"end":{"line":266,"column":14}},"loc":{"start":{"line":266,"column":23},"end":{"line":270,"column":5}}}},"branchMap":{"0":{"loc":{"start":{"line":51,"column":26},"end":{"line":51,"column":46}},"type":"binary-expr","locations":[{"start":{"line":51,"column":26},"end":{"line":51,"column":46}},{"start":{"line":51,"column":50},"end":{"line":51,"column":74}},{"start":{"line":51,"column":78},"end":{"line":51,"column":91}}]},"1":{"loc":{"start":{"line":59,"column":6},"end":{"line":68,"column":7}},"type":"if","locations":[{"start":{"line":59,"column":6},"end":{"line":68,"column":7}},{"start":{"line":59,"column":6},"end":{"line":68,"column":7}}]},"2":{"loc":{"start":{"line":59,"column":10},"end":{"line":59,"column":53}},"type":"binary-expr","locations":[{"start":{"line":59,"column":10},"end":{"line":59,"column":53}},{"start":{"line":59,"column":57},"end":{"line":59,"column":93}}]},"3":{"loc":{"start":{"line":61,"column":13},"end":{"line":68,"column":7}},"type":"if","locations":[{"start":{"line":61,"column":13},"end":{"line":68,"column":7}},{"start":{"line":61,"column":13},"end":{"line":68,"column":7}}]},"4":{"loc":{"start":{"line":61,"column":17},"end":{"line":61,"column":66}},"type":"binary-expr","locations":[{"start":{"line":61,"column":17},"end":{"line":61,"column":66}},{"start":{"line":61,"column":70},"end":{"line":61,"column":112}}]},"5":{"loc":{"start":{"line":63,"column":13},"end":{"line":68,"column":7}},"type":"if","locations":[{"start":{"line":63,"column":13},"end":{"line":68,"column":7}},{"start":{"line":63,"column":13},"end":{"line":68,"column":7}}]},"6":{"loc":{"start":{"line":84,"column":2},"end":{"line":87,"column":3}},"type":"if","locations":[{"start":{"line":84,"column":2},"end":{"line":87,"column":3}},{"start":{"line":84,"column":2},"end":{"line":87,"column":3}}]},"7":{"loc":{"start":{"line":96,"column":2},"end":{"line":111,"column":3}},"type":"if","locations":[{"start":{"line":96,"column":2},"end":{"line":111,"column":3}},{"start":{"line":96,"column":2},"end":{"line":111,"column":3}}]},"8":{"loc":{"start":{"line":96,"column":6},"end":{"line":96,"column":14}},"type":"binary-expr","locations":[{"start":{"line":96,"column":6},"end":{"line":96,"column":14}},{"start":{"line":96,"column":18},"end":{"line":96,"column":25}}]},"9":{"loc":{"start":{"line":123,"column":23},"end":{"line":123,"column":43}},"type":"binary-expr","locations":[{"start":{"line":123,"column":23},"end":{"line":123,"column":43}},{"start":{"line":123,"column":47},"end":{"line":123,"column":71}},{"start":{"line":123,"column":75},"end":{"line":123,"column":88}}]},"10":{"loc":{"start":{"line":158,"column":6},"end":{"line":226,"column":7}},"type":"if","locations":[{"start":{"line":158,"column":6},"end":{"line":226,"column":7}},{"start":{"line":158,"column":6},"end":{"line":226,"column":7}}]},"11":{"loc":{"start":{"line":164,"column":10},"end":{"line":174,"column":11}},"type":"if","locations":[{"start":{"line":164,"column":10},"end":{"line":174,"column":11}},{"start":{"line":164,"column":10},"end":{"line":174,"column":11}}]},"12":{"loc":{"start":{"line":169,"column":17},"end":{"line":174,"column":11}},"type":"if","locations":[{"start":{"line":169,"column":17},"end":{"line":174,"column":11}},{"start":{"line":169,"column":17},"end":{"line":174,"column":11}}]},"13":{"loc":{"start":{"line":179,"column":12},"end":{"line":183,"column":13}},"type":"if","locations":[{"start":{"line":179,"column":12},"end":{"line":183,"column":13}},{"start":{"line":179,"column":12},"end":{"line":183,"column":13}}]},"14":{"loc":{"start":{"line":179,"column":16},"end":{"line":179,"column":40}},"type":"binary-expr","locations":[{"start":{"line":179,"column":16},"end":{"line":179,"column":40}},{"start":{"line":179,"column":44},"end":{"line":179,"column":80}}]},"15":{"loc":{"start":{"line":196,"column":16},"end":{"line":204,"column":17}},"type":"if","locations":[{"start":{"line":196,"column":16},"end":{"line":204,"column":17}},{"start":{"line":196,"column":16},"end":{"line":204,"column":17}}]},"16":{"loc":{"start":{"line":248,"column":4},"end":{"line":252,"column":5}},"type":"if","locations":[{"start":{"line":248,"column":4},"end":{"line":252,"column":5}},{"start":{"line":248,"column":4},"end":{"line":252,"column":5}}]},"17":{"loc":{"start":{"line":257,"column":6},"end":{"line":261,"column":7}},"type":"if","locations":[{"start":{"line":257,"column":6},"end":{"line":261,"column":7}},{"start":{"line":257,"column":6},"end":{"line":261,"column":7}}]}},"s":{"0":6,"1":6,"2":6,"3":6,"4":6,"5":6,"6":6,"7":6,"8":6,"9":6,"10":6,"11":6,"12":6,"13":6,"14":6,"15":6,"16":6,"17":6,"18":4,"19":4,"20":4,"21":4,"22":4,"23":4,"24":4,"25":4,"26":4,"27":4,"28":4,"29":4,"30":0,"31":0,"32":0,"33":0,"34":0,"35":0,"36":4,"37":0,"38":6,"39":1,"40":1,"41":1,"42":1,"43":6,"44":1,"45":1,"46":1,"47":1,"48":1,"49":0,"50":0,"51":0,"52":0,"53":0,"54":0,"55":6,"56":1,"57":1,"58":0,"59":0,"60":0,"61":6,"62":0,"63":0,"64":6,"65":5,"66":5,"67":5,"68":5,"69":2,"70":2,"71":2,"72":2,"73":2,"74":2,"75":2,"76":2,"77":2,"78":2,"79":2,"80":2,"81":2,"82":0,"83":0,"84":0,"85":0,"86":2,"87":2,"88":2,"89":2,"90":1,"91":1,"92":1,"93":2,"94":1,"95":1,"96":1,"97":1,"98":1,"99":1,"100":1,"101":1,"102":1,"103":1,"104":0,"105":0,"106":0,"107":0,"108":2,"109":0,"110":0,"111":0,"112":3,"113":6,"114":2,"115":2,"116":1,"117":1,"118":2,"119":2,"120":2,"121":1,"122":1,"123":1,"124":0,"125":6},"f":{"0":4,"1":4,"2":1,"3":1,"4":0,"5":0,"6":0,"7":1,"8":1,"9":0,"10":0,"11":5,"12":5,"13":2,"14":2,"15":2,"16":0,"17":2,"18":1,"19":1,"20":1,"21":1,"22":0,"23":2,"24":0,"25":0,"26":3,"27":2,"28":2,"29":2,"30":0},"b":{"0":[4,4,4],"1":[4,0],"2":[4,4],"3":[0,0],"4":[0,0],"5":[0,0],"6":[1,0],"7":[1,0],"8":[1,1],"9":[0,0,0],"10":[2,0],"11":[2,0],"12":[0,0],"13":[1,1],"14":[2,2],"15":[1,0],"16":[1,1],"17":[1,1]}}
,"/home/ramanathan/Documents/Contentstack/contentstack-sync-manager/src/core/token-management.ts": {"path":"/home/ramanathan/Documents/Contentstack/contentstack-sync-manager/src/core/token-management.ts","statementMap":{"0":{"start":{"line":7,"column":0},"end":{"line":7,"column":24}},"1":{"start":{"line":8,"column":0},"end":{"line":8,"column":28}},"2":{"start":{"line":9,"column":0},"end":{"line":9,"column":29}},"3":{"start":{"line":10,"column":0},"end":{"line":10,"column":59}},"4":{"start":{"line":11,"column":0},"end":{"line":11,"column":36}},"5":{"start":{"line":12,"column":0},"end":{"line":12,"column":44}},"6":{"start":{"line":14,"column":14},"end":{"line":14,"column":42}},"7":{"start":{"line":38,"column":13},"end":{"line":71,"column":1}},"8":{"start":{"line":39,"column":2},"end":{"line":39,"column":47}},"9":{"start":{"line":41,"column":2},"end":{"line":70,"column":4}},"10":{"start":{"line":42,"column":4},"end":{"line":69,"column":5}},"11":{"start":{"line":43,"column":21},"end":{"line":43,"column":32}},"12":{"start":{"line":44,"column":19},"end":{"line":44,"column":44}},"13":{"start":{"line":45,"column":6},"end":{"line":52,"column":7}},"14":{"start":{"line":46,"column":8},"end":{"line":46,"column":62}},"15":{"start":{"line":47,"column":25},"end":{"line":47,"column":71}},"16":{"start":{"line":49,"column":8},"end":{"line":49,"column":24}},"17":{"start":{"line":51,"column":8},"end":{"line":51,"column":26}},"18":{"start":{"line":54,"column":6},"end":{"line":66,"column":22}},"19":{"start":{"line":55,"column":40},"end":{"line":55,"column":59}},"20":{"start":{"line":56,"column":27},"end":{"line":59,"column":10}},"21":{"start":{"line":58,"column":10},"end":{"line":58,"column":40}},"22":{"start":{"line":60,"column":8},"end":{"line":62,"column":9}},"23":{"start":{"line":61,"column":10},"end":{"line":61,"column":31}},"24":{"start":{"line":63,"column":8},"end":{"line":63,"column":96}},"25":{"start":{"line":65,"column":8},"end":{"line":65,"column":33}},"26":{"start":{"line":68,"column":6},"end":{"line":68,"column":26}},"27":{"start":{"line":79,"column":13},"end":{"line":121,"column":1}},"28":{"start":{"line":80,"column":2},"end":{"line":80,"column":80}},"29":{"start":{"line":82,"column":2},"end":{"line":120,"column":4}},"30":{"start":{"line":83,"column":19},"end":{"line":83,"column":30}},"31":{"start":{"line":85,"column":4},"end":{"line":89,"column":5}},"32":{"start":{"line":86,"column":6},"end":{"line":86,"column":42}},"33":{"start":{"line":88,"column":6},"end":{"line":88,"column":39}},"34":{"start":{"line":90,"column":25},"end":{"line":93,"column":5}},"35":{"start":{"line":95,"column":4},"end":{"line":119,"column":6}},"36":{"start":{"line":96,"column":32},"end":{"line":101,"column":7}},"37":{"start":{"line":103,"column":6},"end":{"line":107,"column":7}},"38":{"start":{"line":104,"column":8},"end":{"line":106,"column":22}},"39":{"start":{"line":109,"column":6},"end":{"line":116,"column":22}},"40":{"start":{"line":110,"column":46},"end":{"line":110,"column":59}},"41":{"start":{"line":111,"column":8},"end":{"line":111,"column":39}},"42":{"start":{"line":113,"column":8},"end":{"line":115,"column":24}},"43":{"start":{"line":118,"column":6},"end":{"line":118,"column":26}}},"fnMap":{"0":{"name":"(anonymous_1)","decl":{"start":{"line":38,"column":30},"end":{"line":38,"column":31}},"loc":{"start":{"line":38,"column":39},"end":{"line":71,"column":1}}},"1":{"name":"(anonymous_2)","decl":{"start":{"line":41,"column":21},"end":{"line":41,"column":22}},"loc":{"start":{"line":41,"column":41},"end":{"line":70,"column":3}}},"2":{"name":"(anonymous_3)","decl":{"start":{"line":54,"column":33},"end":{"line":54,"column":34}},"loc":{"start":{"line":54,"column":42},"end":{"line":66,"column":7}}},"3":{"name":"(anonymous_4)","decl":{"start":{"line":56,"column":40},"end":{"line":56,"column":41}},"loc":{"start":{"line":56,"column":54},"end":{"line":59,"column":9}}},"4":{"name":"(anonymous_5)","decl":{"start":{"line":79,"column":25},"end":{"line":79,"column":26}},"loc":{"start":{"line":79,"column":47},"end":{"line":121,"column":1}}},"5":{"name":"(anonymous_6)","decl":{"start":{"line":82,"column":21},"end":{"line":82,"column":22}},"loc":{"start":{"line":82,"column":41},"end":{"line":120,"column":3}}},"6":{"name":"(anonymous_7)","decl":{"start":{"line":95,"column":49},"end":{"line":95,"column":51}},"loc":{"start":{"line":95,"column":54},"end":{"line":117,"column":5}}},"7":{"name":"(anonymous_8)","decl":{"start":{"line":109,"column":54},"end":{"line":109,"column":55}},"loc":{"start":{"line":109,"column":65},"end":{"line":116,"column":7}}},"8":{"name":"(anonymous_9)","decl":{"start":{"line":117,"column":13},"end":{"line":117,"column":14}},"loc":{"start":{"line":117,"column":23},"end":{"line":119,"column":5}}}},"branchMap":{"0":{"loc":{"start":{"line":45,"column":6},"end":{"line":52,"column":7}},"type":"if","locations":[{"start":{"line":45,"column":6},"end":{"line":52,"column":7}},{"start":{"line":45,"column":6},"end":{"line":52,"column":7}}]},"1":{"loc":{"start":{"line":60,"column":8},"end":{"line":62,"column":9}},"type":"if","locations":[{"start":{"line":60,"column":8},"end":{"line":62,"column":9}},{"start":{"line":60,"column":8},"end":{"line":62,"column":9}}]},"2":{"loc":{"start":{"line":85,"column":4},"end":{"line":89,"column":5}},"type":"if","locations":[{"start":{"line":85,"column":4},"end":{"line":89,"column":5}},{"start":{"line":85,"column":4},"end":{"line":89,"column":5}}]},"3":{"loc":{"start":{"line":103,"column":6},"end":{"line":107,"column":7}},"type":"if","locations":[{"start":{"line":103,"column":6},"end":{"line":107,"column":7}},{"start":{"line":103,"column":6},"end":{"line":107,"column":7}}]}},"s":{"0":6,"1":6,"2":6,"3":6,"4":6,"5":6,"6":6,"7":6,"8":2,"9":2,"10":2,"11":2,"12":2,"13":1,"14":0,"15":0,"16":0,"17":0,"18":1,"19":1,"20":1,"21":1,"22":1,"23":1,"24":0,"25":0,"26":1,"27":6,"28":5,"29":5,"30":5,"31":5,"32":3,"33":2,"34":5,"35":5,"36":4,"37":4,"38":0,"39":4,"40":4,"41":4,"42":4,"43":0},"f":{"0":2,"1":2,"2":1,"3":1,"4":5,"5":5,"6":4,"7":4,"8":0},"b":{"0":[0,1],"1":[1,0],"2":[3,2],"3":[0,4]}}
,"/home/ramanathan/Documents/Contentstack/contentstack-sync-manager/src/util/build-paths.ts": {"path":"/home/ramanathan/Documents/Contentstack/contentstack-sync-manager/src/util/build-paths.ts","statementMap":{"0":{"start":{"line":7,"column":0},"end":{"line":7,"column":35}},"1":{"start":{"line":13,"column":13},"end":{"line":28,"column":1}},"2":{"start":{"line":14,"column":18},"end":{"line":14,"column":31}},"3":{"start":{"line":15,"column":16},"end":{"line":25,"column":3}},"4":{"start":{"line":27,"column":2},"end":{"line":27,"column":14}}},"fnMap":{"0":{"name":"(anonymous_0)","decl":{"start":{"line":13,"column":32},"end":{"line":13,"column":34}},"loc":{"start":{"line":13,"column":37},"end":{"line":28,"column":1}}}},"branchMap":{"0":{"loc":{"start":{"line":19,"column":26},"end":{"line":19,"column":49}},"type":"binary-expr","locations":[{"start":{"line":19,"column":26},"end":{"line":19,"column":49}},{"start":{"line":19,"column":53},"end":{"line":19,"column":60}}]}},"s":{"0":8,"1":8,"2":14,"3":14,"4":14},"f":{"0":14},"b":{"0":[14,0]}}
,"/home/ramanathan/Documents/Contentstack/contentstack-sync-manager/src/util/core-utilities.ts": {"path":"/home/ramanathan/Documents/Contentstack/contentstack-sync-manager/src/util/core-utilities.ts","statementMap":{"0":{"start":{"line":7,"column":0},"end":{"line":7,"column":35}},"1":{"start":{"line":8,"column":0},"end":{"line":8,"column":54}},"2":{"start":{"line":9,"column":0},"end":{"line":9,"column":30}},"3":{"start":{"line":10,"column":0},"end":{"line":10,"column":38}},"4":{"start":{"line":12,"column":27},"end":{"line":12,"column":36}},"5":{"start":{"line":13,"column":29},"end":{"line":13,"column":45}},"6":{"start":{"line":14,"column":18},"end":{"line":14,"column":30}},"7":{"start":{"line":22,"column":13},"end":{"line":52,"column":1}},"8":{"start":{"line":22,"column":54},"end":{"line":52,"column":1}},"9":{"start":{"line":23,"column":2},"end":{"line":51,"column":4}},"10":{"start":{"line":24,"column":4},"end":{"line":50,"column":5}},"11":{"start":{"line":25,"column":22},"end":{"line":25,"column":49}},"12":{"start":{"line":26,"column":30},"end":{"line":32,"column":8}},"13":{"start":{"line":27,"column":8},"end":{"line":29,"column":9}},"14":{"start":{"line":28,"column":10},"end":{"line":28,"column":82}},"15":{"start":{"line":31,"column":8},"end":{"line":31,"column":20}},"16":{"start":{"line":34,"column":6},"end":{"line":36,"column":7}},"17":{"start":{"line":35,"column":8},"end":{"line":35,"column":24}},"18":{"start":{"line":40,"column":6},"end":{"line":44,"column":7}},"19":{"start":{"line":41,"column":8},"end":{"line":41,"column":33}},"20":{"start":{"line":43,"column":8},"end":{"line":43,"column":27}},"21":{"start":{"line":46,"column":6},"end":{"line":47,"column":36}},"22":{"start":{"line":49,"column":6},"end":{"line":49,"column":26}},"23":{"start":{"line":59,"column":13},"end":{"line":73,"column":1}},"24":{"start":{"line":60,"column":17},"end":{"line":60,"column":19}},"25":{"start":{"line":61,"column":2},"end":{"line":70,"column":4}},"26":{"start":{"line":62,"column":4},"end":{"line":64,"column":5}},"27":{"start":{"line":63,"column":6},"end":{"line":63,"column":48}},"28":{"start":{"line":65,"column":4},"end":{"line":69,"column":5}},"29":{"start":{"line":66,"column":6},"end":{"line":66,"column":46}},"30":{"start":{"line":68,"column":6},"end":{"line":68,"column":44}},"31":{"start":{"line":72,"column":2},"end":{"line":72,"column":15}},"32":{"start":{"line":80,"column":13},"end":{"line":137,"column":1}},"33":{"start":{"line":81,"column":30},"end":{"line":81,"column":32}},"34":{"start":{"line":82,"column":2},"end":{"line":131,"column":4}},"35":{"start":{"line":83,"column":4},"end":{"line":130,"column":5}},"36":{"start":{"line":85,"column":8},"end":{"line":85,"column":50}},"37":{"start":{"line":86,"column":8},"end":{"line":86,"column":57}},"38":{"start":{"line":87,"column":8},"end":{"line":87,"column":54}},"39":{"start":{"line":88,"column":8},"end":{"line":88,"column":32}},"40":{"start":{"line":89,"column":8},"end":{"line":89,"column":13}},"41":{"start":{"line":91,"column":8},"end":{"line":91,"column":50}},"42":{"start":{"line":92,"column":8},"end":{"line":92,"column":59}},"43":{"start":{"line":93,"column":8},"end":{"line":93,"column":38}},"44":{"start":{"line":94,"column":8},"end":{"line":94,"column":32}},"45":{"start":{"line":95,"column":8},"end":{"line":95,"column":13}},"46":{"start":{"line":97,"column":8},"end":{"line":97,"column":50}},"47":{"start":{"line":98,"column":8},"end":{"line":98,"column":56}},"48":{"start":{"line":99,"column":8},"end":{"line":99,"column":38}},"49":{"start":{"line":100,"column":8},"end":{"line":100,"column":32}},"50":{"start":{"line":101,"column":8},"end":{"line":101,"column":13}},"51":{"start":{"line":103,"column":8},"end":{"line":103,"column":57}},"52":{"start":{"line":104,"column":8},"end":{"line":104,"column":54}},"53":{"start":{"line":105,"column":8},"end":{"line":105,"column":32}},"54":{"start":{"line":106,"column":8},"end":{"line":106,"column":13}},"55":{"start":{"line":108,"column":8},"end":{"line":108,"column":59}},"56":{"start":{"line":109,"column":8},"end":{"line":109,"column":38}},"57":{"start":{"line":110,"column":8},"end":{"line":110,"column":32}},"58":{"start":{"line":111,"column":8},"end":{"line":111,"column":13}},"59":{"start":{"line":113,"column":8},"end":{"line":113,"column":56}},"60":{"start":{"line":114,"column":8},"end":{"line":114,"column":38}},"61":{"start":{"line":115,"column":8},"end":{"line":115,"column":32}},"62":{"start":{"line":116,"column":8},"end":{"line":116,"column":13}},"63":{"start":{"line":118,"column":24},"end":{"line":118,"column":51}},"64":{"start":{"line":119,"column":8},"end":{"line":126,"column":10}},"65":{"start":{"line":120,"column":29},"end":{"line":120,"column":51}},"66":{"start":{"line":121,"column":10},"end":{"line":121,"column":64}},"67":{"start":{"line":122,"column":10},"end":{"line":122,"column":36}},"68":{"start":{"line":123,"column":10},"end":{"line":123,"column":54}},"69":{"start":{"line":124,"column":10},"end":{"line":124,"column":60}},"70":{"start":{"line":125,"column":10},"end":{"line":125,"column":46}},"71":{"start":{"line":127,"column":8},"end":{"line":127,"column":13}},"72":{"start":{"line":129,"column":8},"end":{"line":129,"column":13}},"73":{"start":{"line":133,"column":2},"end":{"line":135,"column":4}},"74":{"start":{"line":134,"column":4},"end":{"line":134,"column":47}},"75":{"start":{"line":136,"column":2},"end":{"line":136,"column":35}},"76":{"start":{"line":144,"column":13},"end":{"line":178,"column":1}},"77":{"start":{"line":145,"column":20},"end":{"line":145,"column":87}},"78":{"start":{"line":146,"column":21},"end":{"line":146,"column":44}},"79":{"start":{"line":147,"column":26},"end":{"line":147,"column":51}},"80":{"start":{"line":148,"column":2},"end":{"line":177,"column":3}},"81":{"start":{"line":149,"column":18},"end":{"line":149,"column":50}},"82":{"start":{"line":151,"column":4},"end":{"line":154,"column":5}},"83":{"start":{"line":155,"column":9},"end":{"line":177,"column":3}},"84":{"start":{"line":156,"column":18},"end":{"line":156,"column":50}},"85":{"start":{"line":158,"column":4},"end":{"line":161,"column":5}},"86":{"start":{"line":162,"column":9},"end":{"line":177,"column":3}},"87":{"start":{"line":164,"column":22},"end":{"line":164,"column":54}},"88":{"start":{"line":166,"column":8},"end":{"line":169,"column":9}},"89":{"start":{"line":171,"column":31},"end":{"line":171,"column":74}},"90":{"start":{"line":172,"column":20},"end":{"line":172,"column":52}},"91":{"start":{"line":173,"column":4},"end":{"line":176,"column":5}}},"fnMap":{"0":{"name":"(anonymous_6)","decl":{"start":{"line":22,"column":27},"end":{"line":22,"column":34}},"loc":{"start":{"line":22,"column":54},"end":{"line":52,"column":1}}},"1":{"name":"(anonymous_7)","decl":{"start":{"line":22,"column":54},"end":{"line":null,"column":-1}},"loc":{"start":{"line":22,"column":54},"end":{"line":52,"column":1}}},"2":{"name":"(anonymous_8)","decl":{"start":{"line":23,"column":21},"end":{"line":23,"column":22}},"loc":{"start":{"line":23,"column":41},"end":{"line":51,"column":3}}},"3":{"name":"(anonymous_9)","decl":{"start":{"line":26,"column":53},"end":{"line":26,"column":54}},"loc":{"start":{"line":26,"column":62},"end":{"line":32,"column":7}}},"4":{"name":"(anonymous_10)","decl":{"start":{"line":59,"column":26},"end":{"line":59,"column":27}},"loc":{"start":{"line":59,"column":36},"end":{"line":73,"column":1}}},"5":{"name":"(anonymous_11)","decl":{"start":{"line":61,"column":16},"end":{"line":61,"column":17}},"loc":{"start":{"line":61,"column":25},"end":{"line":70,"column":3}}},"6":{"name":"(anonymous_12)","decl":{"start":{"line":80,"column":27},"end":{"line":80,"column":28}},"loc":{"start":{"line":80,"column":45},"end":{"line":137,"column":1}}},"7":{"name":"(anonymous_13)","decl":{"start":{"line":82,"column":16},"end":{"line":82,"column":17}},"loc":{"start":{"line":82,"column":25},"end":{"line":131,"column":3}}},"8":{"name":"(anonymous_14)","decl":{"start":{"line":119,"column":24},"end":{"line":119,"column":25}},"loc":{"start":{"line":119,"column":35},"end":{"line":126,"column":9}}},"9":{"name":"(anonymous_15)","decl":{"start":{"line":133,"column":16},"end":{"line":133,"column":17}},"loc":{"start":{"line":133,"column":30},"end":{"line":135,"column":3}}},"10":{"name":"(anonymous_16)","decl":{"start":{"line":144,"column":30},"end":{"line":144,"column":31}},"loc":{"start":{"line":144,"column":61},"end":{"line":178,"column":1}}}},"branchMap":{"0":{"loc":{"start":{"line":27,"column":8},"end":{"line":29,"column":9}},"type":"if","locations":[{"start":{"line":27,"column":8},"end":{"line":29,"column":9}},{"start":{"line":27,"column":8},"end":{"line":29,"column":9}}]},"1":{"loc":{"start":{"line":34,"column":6},"end":{"line":36,"column":7}},"type":"if","locations":[{"start":{"line":34,"column":6},"end":{"line":36,"column":7}},{"start":{"line":34,"column":6},"end":{"line":36,"column":7}}]},"2":{"loc":{"start":{"line":40,"column":6},"end":{"line":44,"column":7}},"type":"if","locations":[{"start":{"line":40,"column":6},"end":{"line":44,"column":7}},{"start":{"line":40,"column":6},"end":{"line":44,"column":7}}]},"3":{"loc":{"start":{"line":62,"column":4},"end":{"line":64,"column":5}},"type":"if","locations":[{"start":{"line":62,"column":4},"end":{"line":64,"column":5}},{"start":{"line":62,"column":4},"end":{"line":64,"column":5}}]},"4":{"loc":{"start":{"line":65,"column":4},"end":{"line":69,"column":5}},"type":"if","locations":[{"start":{"line":65,"column":4},"end":{"line":69,"column":5}},{"start":{"line":65,"column":4},"end":{"line":69,"column":5}}]},"5":{"loc":{"start":{"line":84,"column":6},"end":{"line":89,"column":13}},"type":"switch","locations":[{"start":{"line":84,"column":6},"end":{"line":89,"column":13}},{"start":{"line":90,"column":6},"end":{"line":95,"column":13}},{"start":{"line":96,"column":6},"end":{"line":101,"column":13}},{"start":{"line":102,"column":6},"end":{"line":106,"column":13}},{"start":{"line":107,"column":6},"end":{"line":111,"column":13}},{"start":{"line":112,"column":6},"end":{"line":116,"column":13}},{"start":{"line":117,"column":6},"end":{"line":127,"column":13}},{"start":{"line":128,"column":6},"end":{"line":129,"column":13}}]},"6":{"loc":{"start":{"line":145,"column":54},"end":{"line":145,"column":72}},"type":"cond-expr","locations":[{"start":{"line":145,"column":54},"end":{"line":145,"column":72}},{"start":{"line":145,"column":75},"end":{"line":145,"column":87}}]},"7":{"loc":{"start":{"line":148,"column":2},"end":{"line":177,"column":3}},"type":"if","locations":[{"start":{"line":148,"column":2},"end":{"line":177,"column":3}},{"start":{"line":148,"column":2},"end":{"line":177,"column":3}}]},"8":{"loc":{"start":{"line":148,"column":6},"end":{"line":148,"column":34}},"type":"binary-expr","locations":[{"start":{"line":148,"column":6},"end":{"line":148,"column":34}},{"start":{"line":148,"column":38},"end":{"line":148,"column":70}}]},"9":{"loc":{"start":{"line":155,"column":9},"end":{"line":177,"column":3}},"type":"if","locations":[{"start":{"line":155,"column":9},"end":{"line":177,"column":3}},{"start":{"line":155,"column":9},"end":{"line":177,"column":3}}]},"10":{"loc":{"start":{"line":155,"column":13},"end":{"line":155,"column":41}},"type":"binary-expr","locations":[{"start":{"line":155,"column":13},"end":{"line":155,"column":41}},{"start":{"line":155,"column":45},"end":{"line":155,"column":84}}]},"11":{"loc":{"start":{"line":162,"column":9},"end":{"line":177,"column":3}},"type":"if","locations":[{"start":{"line":162,"column":9},"end":{"line":177,"column":3}},{"start":{"line":162,"column":9},"end":{"line":177,"column":3}}]},"12":{"loc":{"start":{"line":162,"column":13},"end":{"line":162,"column":41}},"type":"binary-expr","locations":[{"start":{"line":162,"column":13},"end":{"line":162,"column":41}},{"start":{"line":162,"column":46},"end":{"line":162,"column":87}},{"start":{"line":162,"column":91},"end":{"line":163,"column":23}}]}},"s":{"0":6,"1":6,"2":6,"3":6,"4":6,"5":6,"6":6,"7":6,"8":3,"9":3,"10":3,"11":3,"12":3,"13":8,"14":5,"15":3,"16":3,"17":2,"18":1,"19":1,"20":0,"21":1,"22":0,"23":6,"24":2,"25":2,"26":4,"27":0,"28":4,"29":0,"30":4,"31":2,"32":6,"33":8,"34":8,"35":11,"36":2,"37":2,"38":2,"39":2,"40":2,"41":1,"42":1,"43":1,"44":1,"45":1,"46":2,"47":2,"48":2,"49":2,"50":2,"51":2,"52":2,"53":2,"54":2,"55":1,"56":1,"57":1,"58":1,"59":2,"60":2,"61":2,"62":2,"63":1,"64":1,"65":4,"66":4,"67":4,"68":4,"69":4,"70":4,"71":1,"72":0,"73":8,"74":11,"75":8,"76":6,"77":2,"78":2,"79":2,"80":2,"81":0,"82":0,"83":2,"84":0,"85":0,"86":2,"87":2,"88":2,"89":0,"90":0,"91":0},"f":{"0":3,"1":3,"2":3,"3":8,"4":2,"5":4,"6":8,"7":11,"8":4,"9":11,"10":2},"b":{"0":[5,3],"1":[2,1],"2":[1,0],"3":[0,4],"4":[0,4],"5":[2,1,2,2,1,2,1,0],"6":[1,1],"7":[0,2],"8":[2,0],"9":[0,2],"10":[2,0],"11":[2,0],"12":[2,2,2]}}
,"/home/ramanathan/Documents/Contentstack/contentstack-sync-manager/src/util/fs.ts": {"path":"/home/ramanathan/Documents/Contentstack/contentstack-sync-manager/src/util/fs.ts","statementMap":{"0":{"start":{"line":7,"column":0},"end":{"line":7,"column":30}},"1":{"start":{"line":8,"column":0},"end":{"line":8,"column":73}},"2":{"start":{"line":14,"column":9},"end":{"line":14,"column":19}},"3":{"start":{"line":9,"column":0},"end":{"line":9,"column":26}},"4":{"start":{"line":10,"column":0},"end":{"line":10,"column":29}},"5":{"start":{"line":11,"column":0},"end":{"line":11,"column":46}},"6":{"start":{"line":12,"column":0},"end":{"line":12,"column":38}},"7":{"start":{"line":15,"column":14},"end":{"line":15,"column":33}},"8":{"start":{"line":23,"column":13},"end":{"line":46,"column":1}},"9":{"start":{"line":24,"column":2},"end":{"line":24,"column":43}},"10":{"start":{"line":26,"column":2},"end":{"line":45,"column":4}},"11":{"start":{"line":27,"column":4},"end":{"line":44,"column":5}},"12":{"start":{"line":28,"column":28},"end":{"line":28,"column":45}},"13":{"start":{"line":30,"column":6},"end":{"line":32,"column":7}},"14":{"start":{"line":31,"column":8},"end":{"line":31,"column":34}},"15":{"start":{"line":34,"column":6},"end":{"line":40,"column":8}},"16":{"start":{"line":35,"column":8},"end":{"line":37,"column":9}},"17":{"start":{"line":36,"column":10},"end":{"line":36,"column":32}},"18":{"start":{"line":39,"column":8},"end":{"line":39,"column":24}},"19":{"start":{"line":43,"column":6},"end":{"line":43,"column":35}},"20":{"start":{"line":53,"column":13},"end":{"line":79,"column":1}},"21":{"start":{"line":54,"column":2},"end":{"line":54,"column":42}},"22":{"start":{"line":56,"column":2},"end":{"line":78,"column":4}},"23":{"start":{"line":57,"column":4},"end":{"line":77,"column":5}},"24":{"start":{"line":58,"column":6},"end":{"line":74,"column":8}},"25":{"start":{"line":59,"column":8},"end":{"line":69,"column":9}},"26":{"start":{"line":60,"column":10},"end":{"line":60,"column":30}},"27":{"start":{"line":61,"column":15},"end":{"line":69,"column":9}},"28":{"start":{"line":62,"column":10},"end":{"line":68,"column":12}},"29":{"start":{"line":63,"column":12},"end":{"line":65,"column":13}},"30":{"start":{"line":64,"column":14},"end":{"line":64,"column":36}},"31":{"start":{"line":67,"column":12},"end":{"line":67,"column":32}},"32":{"start":{"line":70,"column":25},"end":{"line":70,"column":114}},"33":{"start":{"line":71,"column":8},"end":{"line":71,"column":26}},"34":{"start":{"line":73,"column":8},"end":{"line":73,"column":26}},"35":{"start":{"line":76,"column":6},"end":{"line":76,"column":26}},"36":{"start":{"line":86,"column":13},"end":{"line":94,"column":1}},"37":{"start":{"line":87,"column":2},"end":{"line":87,"column":47}},"38":{"start":{"line":88,"column":2},"end":{"line":90,"column":3}},"39":{"start":{"line":89,"column":4},"end":{"line":89,"column":45}},"40":{"start":{"line":91,"column":19},"end":{"line":91,"column":108}},"41":{"start":{"line":92,"column":2},"end":{"line":92,"column":21}},"42":{"start":{"line":93,"column":2},"end":{"line":93,"column":11}},"43":{"start":{"line":101,"column":13},"end":{"line":117,"column":1}},"44":{"start":{"line":102,"column":2},"end":{"line":102,"column":34}},"45":{"start":{"line":104,"column":2},"end":{"line":116,"column":4}},"46":{"start":{"line":105,"column":4},"end":{"line":115,"column":5}},"47":{"start":{"line":106,"column":6},"end":{"line":112,"column":8}},"48":{"start":{"line":107,"column":8},"end":{"line":109,"column":9}},"49":{"start":{"line":108,"column":10},"end":{"line":108,"column":30}},"50":{"start":{"line":111,"column":8},"end":{"line":111,"column":24}},"51":{"start":{"line":114,"column":6},"end":{"line":114,"column":26}}},"fnMap":{"0":{"name":"(anonymous_1)","decl":{"start":{"line":23,"column":25},"end":{"line":23,"column":26}},"loc":{"start":{"line":23,"column":44},"end":{"line":46,"column":1}}},"1":{"name":"(anonymous_2)","decl":{"start":{"line":26,"column":21},"end":{"line":26,"column":22}},"loc":{"start":{"line":26,"column":41},"end":{"line":45,"column":3}}},"2":{"name":"(anonymous_3)","decl":{"start":{"line":34,"column":92},"end":{"line":34,"column":93}},"loc":{"start":{"line":34,"column":104},"end":{"line":40,"column":7}}},"3":{"name":"(anonymous_4)","decl":{"start":{"line":53,"column":24},"end":{"line":53,"column":25}},"loc":{"start":{"line":53,"column":37},"end":{"line":79,"column":1}}},"4":{"name":"(anonymous_5)","decl":{"start":{"line":56,"column":21},"end":{"line":56,"column":22}},"loc":{"start":{"line":56,"column":41},"end":{"line":78,"column":3}}},"5":{"name":"(anonymous_6)","decl":{"start":{"line":58,"column":28},"end":{"line":58,"column":29}},"loc":{"start":{"line":58,"column":45},"end":{"line":74,"column":7}}},"6":{"name":"(anonymous_7)","decl":{"start":{"line":62,"column":53},"end":{"line":62,"column":54}},"loc":{"start":{"line":62,"column":71},"end":{"line":68,"column":11}}},"7":{"name":"(anonymous_8)","decl":{"start":{"line":86,"column":28},"end":{"line":86,"column":29}},"loc":{"start":{"line":86,"column":41},"end":{"line":94,"column":1}}},"8":{"name":"(anonymous_9)","decl":{"start":{"line":101,"column":21},"end":{"line":101,"column":22}},"loc":{"start":{"line":101,"column":30},"end":{"line":117,"column":1}}},"9":{"name":"(anonymous_10)","decl":{"start":{"line":104,"column":21},"end":{"line":104,"column":22}},"loc":{"start":{"line":104,"column":41},"end":{"line":116,"column":3}}},"10":{"name":"(anonymous_11)","decl":{"start":{"line":106,"column":26},"end":{"line":106,"column":27}},"loc":{"start":{"line":106,"column":36},"end":{"line":112,"column":7}}}},"branchMap":{"0":{"loc":{"start":{"line":30,"column":6},"end":{"line":32,"column":7}},"type":"if","locations":[{"start":{"line":30,"column":6},"end":{"line":32,"column":7}},{"start":{"line":30,"column":6},"end":{"line":32,"column":7}}]},"1":{"loc":{"start":{"line":34,"column":68},"end":{"line":34,"column":83}},"type":"cond-expr","locations":[{"start":{"line":34,"column":68},"end":{"line":34,"column":83}},{"start":{"line":34,"column":86},"end":{"line":34,"column":90}}]},"2":{"loc":{"start":{"line":35,"column":8},"end":{"line":37,"column":9}},"type":"if","locations":[{"start":{"line":35,"column":8},"end":{"line":37,"column":9}},{"start":{"line":35,"column":8},"end":{"line":37,"column":9}}]},"3":{"loc":{"start":{"line":59,"column":8},"end":{"line":69,"column":9}},"type":"if","locations":[{"start":{"line":59,"column":8},"end":{"line":69,"column":9}},{"start":{"line":59,"column":8},"end":{"line":69,"column":9}}]},"4":{"loc":{"start":{"line":61,"column":15},"end":{"line":69,"column":9}},"type":"if","locations":[{"start":{"line":61,"column":15},"end":{"line":69,"column":9}},{"start":{"line":61,"column":15},"end":{"line":69,"column":9}}]},"5":{"loc":{"start":{"line":63,"column":12},"end":{"line":65,"column":13}},"type":"if","locations":[{"start":{"line":63,"column":12},"end":{"line":65,"column":13}},{"start":{"line":63,"column":12},"end":{"line":65,"column":13}}]},"6":{"loc":{"start":{"line":88,"column":2},"end":{"line":90,"column":3}},"type":"if","locations":[{"start":{"line":88,"column":2},"end":{"line":90,"column":3}},{"start":{"line":88,"column":2},"end":{"line":90,"column":3}}]},"7":{"loc":{"start":{"line":107,"column":8},"end":{"line":109,"column":9}},"type":"if","locations":[{"start":{"line":107,"column":8},"end":{"line":109,"column":9}},{"start":{"line":107,"column":8},"end":{"line":109,"column":9}}]}},"s":{"0":8,"1":8,"2":8,"3":8,"4":8,"5":8,"6":8,"7":8,"8":8,"9":14,"10":14,"11":14,"12":14,"13":13,"14":1,"15":13,"16":11,"17":0,"18":11,"19":1,"20":8,"21":8,"22":8,"23":8,"24":8,"25":8,"26":1,"27":7,"28":7,"29":7,"30":0,"31":7,"32":0,"33":0,"34":0,"35":0,"36":8,"37":2,"38":2,"39":1,"40":1,"41":1,"42":1,"43":8,"44":1,"45":1,"46":1,"47":1,"48":1,"49":0,"50":1,"51":0},"f":{"0":14,"1":14,"2":11,"3":8,"4":8,"5":8,"6":7,"7":2,"8":1,"9":1,"10":1},"b":{"0":[1,12],"1":[1,12],"2":[0,11],"3":[1,7],"4":[7,0],"5":[0,7],"6":[1,1],"7":[0,1]}}
,"/home/ramanathan/Documents/Contentstack/contentstack-sync-manager/src/util/logger.ts": {"path":"/home/ramanathan/Documents/Contentstack/contentstack-sync-manager/src/util/logger.ts","statementMap":{"0":{"start":{"line":1,"column":0},"end":{"line":1,"column":45}},"1":{"start":{"line":9,"column":13},"end":{"line":21,"column":1}},"2":{"start":{"line":10,"column":2},"end":{"line":18,"column":3}},"3":{"start":{"line":11,"column":4},"end":{"line":11,"column":17}},"4":{"start":{"line":12,"column":9},"end":{"line":18,"column":3}},"5":{"start":{"line":13,"column":4},"end":{"line":13,"column":20}},"6":{"start":{"line":14,"column":4},"end":{"line":14,"column":42}},"7":{"start":{"line":16,"column":4},"end":{"line":16,"column":25}},"8":{"start":{"line":17,"column":4},"end":{"line":17,"column":61}},"9":{"start":{"line":20,"column":2},"end":{"line":20,"column":15}}},"fnMap":{"0":{"name":"(anonymous_0)","decl":{"start":{"line":9,"column":28},"end":{"line":9,"column":29}},"loc":{"start":{"line":9,"column":46},"end":{"line":21,"column":1}}}},"branchMap":{"0":{"loc":{"start":{"line":10,"column":2},"end":{"line":18,"column":3}},"type":"if","locations":[{"start":{"line":10,"column":2},"end":{"line":18,"column":3}},{"start":{"line":10,"column":2},"end":{"line":18,"column":3}}]},"1":{"loc":{"start":{"line":12,"column":9},"end":{"line":18,"column":3}},"type":"if","locations":[{"start":{"line":12,"column":9},"end":{"line":18,"column":3}},{"start":{"line":12,"column":9},"end":{"line":18,"column":3}}]},"2":{"loc":{"start":{"line":12,"column":13},"end":{"line":12,"column":42}},"type":"binary-expr","locations":[{"start":{"line":12,"column":13},"end":{"line":12,"column":42}},{"start":{"line":12,"column":46},"end":{"line":12,"column":59}}]}},"s":{"0":10,"1":10,"2":14,"3":4,"4":10,"5":10,"6":10,"7":0,"8":0,"9":10},"f":{"0":14},"b":{"0":[4,10],"1":[10,0],"2":[10,10]}}
,"/home/ramanathan/Documents/Contentstack/contentstack-sync-manager/src/util/parse.ts": {"path":"/home/ramanathan/Documents/Contentstack/contentstack-sync-manager/src/util/parse.ts","statementMap":{"0":{"start":{"line":11,"column":13},"end":{"line":21,"column":1}},"1":{"start":{"line":12,"column":2},"end":{"line":20,"column":3}},"2":{"start":{"line":13,"column":4},"end":{"line":15,"column":5}},"3":{"start":{"line":14,"column":6},"end":{"line":14,"column":17}},"4":{"start":{"line":17,"column":4},"end":{"line":17,"column":27}},"5":{"start":{"line":19,"column":4},"end":{"line":19,"column":15}}},"fnMap":{"0":{"name":"(anonymous_0)","decl":{"start":{"line":11,"column":21},"end":{"line":11,"column":22}},"loc":{"start":{"line":11,"column":30},"end":{"line":21,"column":1}}}},"branchMap":{"0":{"loc":{"start":{"line":13,"column":4},"end":{"line":15,"column":5}},"type":"if","locations":[{"start":{"line":13,"column":4},"end":{"line":15,"column":5}},{"start":{"line":13,"column":4},"end":{"line":15,"column":5}}]}},"s":{"0":7,"1":16,"2":16,"3":0,"4":16,"5":0},"f":{"0":16},"b":{"0":[0,16]}}
,"/home/ramanathan/Documents/Contentstack/contentstack-sync-manager/src/util/promise.map.ts": {"path":"/home/ramanathan/Documents/Contentstack/contentstack-sync-manager/src/util/promise.map.ts","statementMap":{"0":{"start":{"line":15,"column":13},"end":{"line":33,"column":1}},"1":{"start":{"line":16,"column":2},"end":{"line":32,"column":4}},"2":{"start":{"line":17,"column":4},"end":{"line":19,"column":5}},"3":{"start":{"line":18,"column":6},"end":{"line":18,"column":34}},"4":{"start":{"line":20,"column":4},"end":{"line":25,"column":5}},"5":{"start":{"line":21,"column":6},"end":{"line":23,"column":7}},"6":{"start":{"line":22,"column":8},"end":{"line":22,"column":13}},"7":{"start":{"line":24,"column":6},"end":{"line":24,"column":40}},"8":{"start":{"line":27,"column":4},"end":{"line":31,"column":20}},"9":{"start":{"line":28,"column":6},"end":{"line":30,"column":22}}},"fnMap":{"0":{"name":"(anonymous_0)","decl":{"start":{"line":15,"column":19},"end":{"line":15,"column":20}},"loc":{"start":{"line":15,"column":67},"end":{"line":33,"column":1}}},"1":{"name":"(anonymous_1)","decl":{"start":{"line":16,"column":21},"end":{"line":16,"column":22}},"loc":{"start":{"line":16,"column":41},"end":{"line":32,"column":3}}},"2":{"name":"(anonymous_2)","decl":{"start":{"line":27,"column":42},"end":{"line":27,"column":44}},"loc":{"start":{"line":27,"column":47},"end":{"line":31,"column":5}}}},"branchMap":{"0":{"loc":{"start":{"line":15,"column":43},"end":{"line":15,"column":44}},"type":"default-arg","locations":[{"start":{"line":15,"column":43},"end":{"line":15,"column":44}}]},"1":{"loc":{"start":{"line":15,"column":61},"end":{"line":15,"column":63}},"type":"default-arg","locations":[{"start":{"line":15,"column":61},"end":{"line":15,"column":63}}]},"2":{"loc":{"start":{"line":17,"column":4},"end":{"line":19,"column":5}},"type":"if","locations":[{"start":{"line":17,"column":4},"end":{"line":19,"column":5}},{"start":{"line":17,"column":4},"end":{"line":19,"column":5}}]},"3":{"loc":{"start":{"line":21,"column":6},"end":{"line":23,"column":7}},"type":"if","locations":[{"start":{"line":21,"column":6},"end":{"line":23,"column":7}},{"start":{"line":21,"column":6},"end":{"line":23,"column":7}}]}},"s":{"0":6,"1":3,"2":3,"3":2,"4":1,"5":2,"6":1,"7":1,"8":1,"9":1},"f":{"0":3,"1":3,"2":1},"b":{"0":[0],"1":[2],"2":[2,1],"3":[1,1]}}
,"/home/ramanathan/Documents/Contentstack/contentstack-sync-manager/src/util/stringify.ts": {"path":"/home/ramanathan/Documents/Contentstack/contentstack-sync-manager/src/util/stringify.ts","statementMap":{"0":{"start":{"line":11,"column":13},"end":{"line":21,"column":1}},"1":{"start":{"line":12,"column":2},"end":{"line":18,"column":3}},"2":{"start":{"line":13,"column":4},"end":{"line":15,"column":5}},"3":{"start":{"line":14,"column":6},"end":{"line":14,"column":26}},"4":{"start":{"line":17,"column":4},"end":{"line":17,"column":32}},"5":{"start":{"line":20,"column":2},"end":{"line":20,"column":25}}},"fnMap":{"0":{"name":"(anonymous_0)","decl":{"start":{"line":11,"column":25},"end":{"line":11,"column":26}},"loc":{"start":{"line":11,"column":35},"end":{"line":21,"column":1}}}},"branchMap":{"0":{"loc":{"start":{"line":12,"column":2},"end":{"line":18,"column":3}},"type":"if","locations":[{"start":{"line":12,"column":2},"end":{"line":18,"column":3}},{"start":{"line":12,"column":2},"end":{"line":18,"column":3}}]},"1":{"loc":{"start":{"line":13,"column":4},"end":{"line":15,"column":5}},"type":"if","locations":[{"start":{"line":13,"column":4},"end":{"line":15,"column":5}},{"start":{"line":13,"column":4},"end":{"line":15,"column":5}}]}},"s":{"0":9,"1":34,"2":34,"3":0,"4":34,"5":0},"f":{"0":34},"b":{"0":[34,0],"1":[0,34]}}
,"/home/ramanathan/Documents/Contentstack/contentstack-sync-manager/src/util/validations.ts": {"path":"/home/ramanathan/Documents/Contentstack/contentstack-sync-manager/src/util/validations.ts","statementMap":{"0":{"start":{"line":7,"column":0},"end":{"line":7,"column":29}},"1":{"start":{"line":13,"column":13},"end":{"line":28,"column":1}},"2":{"start":{"line":14,"column":15},"end":{"line":16,"column":3}},"3":{"start":{"line":17,"column":2},"end":{"line":21,"column":4}},"4":{"start":{"line":18,"column":4},"end":{"line":20,"column":5}},"5":{"start":{"line":19,"column":6},"end":{"line":19,"column":64}},"6":{"start":{"line":22,"column":2},"end":{"line":24,"column":3}},"7":{"start":{"line":23,"column":4},"end":{"line":23,"column":75}},"8":{"start":{"line":25,"column":2},"end":{"line":27,"column":3}},"9":{"start":{"line":26,"column":4},"end":{"line":26,"column":105}},"10":{"start":{"line":36,"column":13},"end":{"line":46,"column":1}},"11":{"start":{"line":37,"column":2},"end":{"line":45,"column":3}},"12":{"start":{"line":38,"column":4},"end":{"line":38,"column":86}},"13":{"start":{"line":39,"column":9},"end":{"line":45,"column":3}},"14":{"start":{"line":40,"column":4},"end":{"line":40,"column":88}},"15":{"start":{"line":41,"column":9},"end":{"line":45,"column":3}},"16":{"start":{"line":42,"column":4},"end":{"line":42,"column":80}},"17":{"start":{"line":43,"column":9},"end":{"line":45,"column":3}},"18":{"start":{"line":44,"column":4},"end":{"line":44,"column":86}},"19":{"start":{"line":52,"column":13},"end":{"line":59,"column":1}},"20":{"start":{"line":53,"column":14},"end":{"line":53,"column":76}},"21":{"start":{"line":54,"column":2},"end":{"line":58,"column":4}},"22":{"start":{"line":55,"column":4},"end":{"line":57,"column":5}},"23":{"start":{"line":56,"column":6},"end":{"line":56,"column":81}},"24":{"start":{"line":65,"column":13},"end":{"line":72,"column":1}},"25":{"start":{"line":66,"column":14},"end":{"line":66,"column":58}},"26":{"start":{"line":67,"column":2},"end":{"line":71,"column":4}},"27":{"start":{"line":68,"column":4},"end":{"line":70,"column":5}},"28":{"start":{"line":69,"column":6},"end":{"line":69,"column":79}},"29":{"start":{"line":78,"column":13},"end":{"line":85,"column":1}},"30":{"start":{"line":79,"column":14},"end":{"line":79,"column":35}},"31":{"start":{"line":80,"column":2},"end":{"line":84,"column":4}},"32":{"start":{"line":81,"column":4},"end":{"line":83,"column":5}},"33":{"start":{"line":82,"column":6},"end":{"line":82,"column":72}},"34":{"start":{"line":91,"column":13},"end":{"line":105,"column":1}},"35":{"start":{"line":92,"column":13},"end":{"line":92,"column":18}},"36":{"start":{"line":93,"column":2},"end":{"line":95,"column":3}},"37":{"start":{"line":94,"column":4},"end":{"line":94,"column":15}},"38":{"start":{"line":96,"column":21},"end":{"line":96,"column":62}},"39":{"start":{"line":97,"column":2},"end":{"line":102,"column":4}},"40":{"start":{"line":98,"column":4},"end":{"line":101,"column":5}},"41":{"start":{"line":99,"column":6},"end":{"line":99,"column":103}},"42":{"start":{"line":100,"column":6},"end":{"line":100,"column":17}},"43":{"start":{"line":104,"column":2},"end":{"line":104,"column":14}}},"fnMap":{"0":{"name":"(anonymous_0)","decl":{"start":{"line":13,"column":30},"end":{"line":13,"column":31}},"loc":{"start":{"line":13,"column":41},"end":{"line":28,"column":1}}},"1":{"name":"(anonymous_1)","decl":{"start":{"line":17,"column":15},"end":{"line":17,"column":16}},"loc":{"start":{"line":17,"column":23},"end":{"line":21,"column":3}}},"2":{"name":"(anonymous_2)","decl":{"start":{"line":36,"column":33},"end":{"line":36,"column":34}},"loc":{"start":{"line":36,"column":80},"end":{"line":46,"column":1}}},"3":{"name":"(anonymous_3)","decl":{"start":{"line":52,"column":40},"end":{"line":52,"column":41}},"loc":{"start":{"line":52,"column":53},"end":{"line":59,"column":1}}},"4":{"name":"(anonymous_4)","decl":{"start":{"line":54,"column":14},"end":{"line":54,"column":15}},"loc":{"start":{"line":54,"column":21},"end":{"line":58,"column":3}}},"5":{"name":"(anonymous_5)","decl":{"start":{"line":65,"column":38},"end":{"line":65,"column":39}},"loc":{"start":{"line":65,"column":51},"end":{"line":72,"column":1}}},"6":{"name":"(anonymous_6)","decl":{"start":{"line":67,"column":14},"end":{"line":67,"column":15}},"loc":{"start":{"line":67,"column":21},"end":{"line":71,"column":3}}},"7":{"name":"(anonymous_7)","decl":{"start":{"line":78,"column":32},"end":{"line":78,"column":33}},"loc":{"start":{"line":78,"column":45},"end":{"line":85,"column":1}}},"8":{"name":"(anonymous_8)","decl":{"start":{"line":80,"column":14},"end":{"line":80,"column":15}},"loc":{"start":{"line":80,"column":21},"end":{"line":84,"column":3}}},"9":{"name":"(anonymous_9)","decl":{"start":{"line":91,"column":30},"end":{"line":91,"column":31}},"loc":{"start":{"line":91,"column":43},"end":{"line":105,"column":1}}},"10":{"name":"(anonymous_10)","decl":{"start":{"line":97,"column":21},"end":{"line":97,"column":22}},"loc":{"start":{"line":97,"column":30},"end":{"line":102,"column":3}}}},"branchMap":{"0":{"loc":{"start":{"line":18,"column":4},"end":{"line":20,"column":5}},"type":"if","locations":[{"start":{"line":18,"column":4},"end":{"line":20,"column":5}},{"start":{"line":18,"column":4},"end":{"line":20,"column":5}}]},"1":{"loc":{"start":{"line":22,"column":2},"end":{"line":24,"column":3}},"type":"if","locations":[{"start":{"line":22,"column":2},"end":{"line":24,"column":3}},{"start":{"line":22,"column":2},"end":{"line":24,"column":3}}]},"2":{"loc":{"start":{"line":22,"column":6},"end":{"line":22,"column":36}},"type":"binary-expr","locations":[{"start":{"line":22,"column":6},"end":{"line":22,"column":36}},{"start":{"line":22,"column":40},"end":{"line":22,"column":67}}]},"3":{"loc":{"start":{"line":25,"column":2},"end":{"line":27,"column":3}},"type":"if","locations":[{"start":{"line":25,"column":2},"end":{"line":27,"column":3}},{"start":{"line":25,"column":2},"end":{"line":27,"column":3}}]},"4":{"loc":{"start":{"line":25,"column":6},"end":{"line":25,"column":45}},"type":"binary-expr","locations":[{"start":{"line":25,"column":6},"end":{"line":25,"column":45}},{"start":{"line":25,"column":49},"end":{"line":25,"column":76}},{"start":{"line":25,"column":80},"end":{"line":25,"column":106}}]},"5":{"loc":{"start":{"line":37,"column":2},"end":{"line":45,"column":3}},"type":"if","locations":[{"start":{"line":37,"column":2},"end":{"line":45,"column":3}},{"start":{"line":37,"column":2},"end":{"line":45,"column":3}}]},"6":{"loc":{"start":{"line":39,"column":9},"end":{"line":45,"column":3}},"type":"if","locations":[{"start":{"line":39,"column":9},"end":{"line":45,"column":3}},{"start":{"line":39,"column":9},"end":{"line":45,"column":3}}]},"7":{"loc":{"start":{"line":41,"column":9},"end":{"line":45,"column":3}},"type":"if","locations":[{"start":{"line":41,"column":9},"end":{"line":45,"column":3}},{"start":{"line":41,"column":9},"end":{"line":45,"column":3}}]},"8":{"loc":{"start":{"line":43,"column":9},"end":{"line":45,"column":3}},"type":"if","locations":[{"start":{"line":43,"column":9},"end":{"line":45,"column":3}},{"start":{"line":43,"column":9},"end":{"line":45,"column":3}}]},"9":{"loc":{"start":{"line":43,"column":13},"end":{"line":43,"column":34}},"type":"binary-expr","locations":[{"start":{"line":43,"column":13},"end":{"line":43,"column":34}},{"start":{"line":43,"column":38},"end":{"line":43,"column":61}},{"start":{"line":43,"column":65},"end":{"line":43,"column":80}}]},"10":{"loc":{"start":{"line":55,"column":4},"end":{"line":57,"column":5}},"type":"if","locations":[{"start":{"line":55,"column":4},"end":{"line":57,"column":5}},{"start":{"line":55,"column":4},"end":{"line":57,"column":5}}]},"11":{"loc":{"start":{"line":68,"column":4},"end":{"line":70,"column":5}},"type":"if","locations":[{"start":{"line":68,"column":4},"end":{"line":70,"column":5}},{"start":{"line":68,"column":4},"end":{"line":70,"column":5}}]},"12":{"loc":{"start":{"line":81,"column":4},"end":{"line":83,"column":5}},"type":"if","locations":[{"start":{"line":81,"column":4},"end":{"line":83,"column":5}},{"start":{"line":81,"column":4},"end":{"line":83,"column":5}}]},"13":{"loc":{"start":{"line":93,"column":2},"end":{"line":95,"column":3}},"type":"if","locations":[{"start":{"line":93,"column":2},"end":{"line":95,"column":3}},{"start":{"line":93,"column":2},"end":{"line":95,"column":3}}]},"14":{"loc":{"start":{"line":98,"column":4},"end":{"line":101,"column":5}},"type":"if","locations":[{"start":{"line":98,"column":4},"end":{"line":101,"column":5}},{"start":{"line":98,"column":4},"end":{"line":101,"column":5}}]}},"s":{"0":10,"1":10,"2":15,"3":15,"4":89,"5":1,"6":14,"7":2,"8":12,"9":2,"10":10,"11":10,"12":1,"13":9,"14":1,"15":8,"16":1,"17":7,"18":3,"19":10,"20":5,"21":5,"22":26,"23":1,"24":10,"25":5,"26":5,"27":19,"28":1,"29":10,"30":6,"31":6,"32":11,"33":1,"34":10,"35":10,"36":10,"37":10,"38":0,"39":0,"40":0,"41":0,"42":0,"43":0},"f":{"0":15,"1":89,"2":10,"3":5,"4":26,"5":5,"6":19,"7":6,"8":11,"9":10,"10":0},"b":{"0":[1,88],"1":[2,12],"2":[14,13],"3":[2,10],"4":[12,12,11],"5":[1,9],"6":[1,8],"7":[1,7],"8":[3,4],"9":[7,6,5],"10":[1,25],"11":[1,18],"12":[1,10],"13":[10,0],"14":[0,0]}}
,"/home/ramanathan/Documents/Contentstack/contentstack-sync-manager/src/util/log/failedItems.ts": {"path":"/home/ramanathan/Documents/Contentstack/contentstack-sync-manager/src/util/log/failedItems.ts","statementMap":{"0":{"start":{"line":15,"column":13},"end":{"line":21,"column":1}},"1":{"start":{"line":16,"column":2},"end":{"line":20,"column":4}},"2":{"start":{"line":19,"column":4},"end":{"line":19,"column":23}}},"fnMap":{"0":{"name":"(anonymous_0)","decl":{"start":{"line":15,"column":31},"end":{"line":15,"column":32}},"loc":{"start":{"line":15,"column":39},"end":{"line":21,"column":1}}},"1":{"name":"(anonymous_1)","decl":{"start":{"line":16,"column":21},"end":{"line":16,"column":22}},"loc":{"start":{"line":16,"column":33},"end":{"line":20,"column":3}}}},"branchMap":{},"s":{"0":6,"1":1,"2":1},"f":{"0":1,"1":1},"b":{}}
,"/home/ramanathan/Documents/Contentstack/contentstack-sync-manager/src/util/log/filteredItems.ts": {"path":"/home/ramanathan/Documents/Contentstack/contentstack-sync-manager/src/util/log/filteredItems.ts","statementMap":{"0":{"start":{"line":7,"column":0},"end":{"line":7,"column":54}},"1":{"start":{"line":8,"column":0},"end":{"line":8,"column":33}},"2":{"start":{"line":9,"column":0},"end":{"line":9,"column":31}},"3":{"start":{"line":10,"column":0},"end":{"line":10,"column":39}},"4":{"start":{"line":19,"column":13},"end":{"line":55,"column":1}},"5":{"start":{"line":20,"column":2},"end":{"line":54,"column":4}},"6":{"start":{"line":21,"column":17},"end":{"line":21,"column":36}},"7":{"start":{"line":22,"column":23},"end":{"line":27,"column":5}},"8":{"start":{"line":28,"column":4},"end":{"line":46,"column":5}},"9":{"start":{"line":29,"column":6},"end":{"line":45,"column":8}},"10":{"start":{"line":30,"column":44},"end":{"line":30,"column":55}},"11":{"start":{"line":31,"column":8},"end":{"line":31,"column":36}},"12":{"start":{"line":33,"column":8},"end":{"line":39,"column":10}},"13":{"start":{"line":35,"column":10},"end":{"line":35,"column":78}},"14":{"start":{"line":36,"column":10},"end":{"line":36,"column":29}},"15":{"start":{"line":38,"column":10},"end":{"line":38,"column":26}},"16":{"start":{"line":41,"column":8},"end":{"line":41,"column":61}},"17":{"start":{"line":42,"column":8},"end":{"line":42,"column":27}},"18":{"start":{"line":44,"column":8},"end":{"line":44,"column":24}},"19":{"start":{"line":48,"column":4},"end":{"line":53,"column":6}},"20":{"start":{"line":49,"column":6},"end":{"line":49,"column":78}},"21":{"start":{"line":50,"column":6},"end":{"line":50,"column":25}},"22":{"start":{"line":52,"column":6},"end":{"line":52,"column":22}}},"fnMap":{"0":{"name":"(anonymous_0)","decl":{"start":{"line":19,"column":33},"end":{"line":19,"column":34}},"loc":{"start":{"line":19,"column":63},"end":{"line":55,"column":1}}},"1":{"name":"(anonymous_1)","decl":{"start":{"line":20,"column":21},"end":{"line":20,"column":22}},"loc":{"start":{"line":20,"column":33},"end":{"line":54,"column":3}}},"2":{"name":"(anonymous_2)","decl":{"start":{"line":29,"column":33},"end":{"line":29,"column":34}},"loc":{"start":{"line":29,"column":42},"end":{"line":40,"column":7}}},"3":{"name":"(anonymous_3)","decl":{"start":{"line":33,"column":75},"end":{"line":33,"column":76}},"loc":{"start":{"line":33,"column":85},"end":{"line":39,"column":9}}},"4":{"name":"(anonymous_4)","decl":{"start":{"line":40,"column":15},"end":{"line":40,"column":16}},"loc":{"start":{"line":40,"column":25},"end":{"line":45,"column":7}}},"5":{"name":"(anonymous_5)","decl":{"start":{"line":48,"column":72},"end":{"line":48,"column":73}},"loc":{"start":{"line":48,"column":82},"end":{"line":53,"column":5}}}},"branchMap":{"0":{"loc":{"start":{"line":28,"column":4},"end":{"line":46,"column":5}},"type":"if","locations":[{"start":{"line":28,"column":4},"end":{"line":46,"column":5}},{"start":{"line":28,"column":4},"end":{"line":46,"column":5}}]}},"s":{"0":7,"1":7,"2":7,"3":7,"4":7,"5":4,"6":4,"7":4,"8":4,"9":1,"10":1,"11":1,"12":1,"13":0,"14":0,"15":0,"16":0,"17":0,"18":0,"19":3,"20":1,"21":1,"22":1},"f":{"0":4,"1":4,"2":1,"3":0,"4":0,"5":1},"b":{"0":[1,3]}}
}
