{"/home/ramanathan/Documents/Contentstack/contentstack-sync-manager/src/api.ts": {"path":"/home/ramanathan/Documents/Contentstack/contentstack-sync-manager/src/api.ts","statementMap":{"0":{"start":{"line":7,"column":0},"end":{"line":7,"column":24}},"1":{"start":{"line":8,"column":0},"end":{"line":8,"column":28}},"2":{"start":{"line":10,"column":0},"end":{"line":10,"column":43}},"3":{"start":{"line":12,"column":14},"end":{"line":12,"column":39}},"4":{"start":{"line":14,"column":22},"end":{"line":14,"column":23}},"5":{"start":{"line":17,"column":13},"end":{"line":29,"column":1}},"6":{"start":{"line":18,"column":2},"end":{"line":18,"column":29}},"7":{"start":{"line":19,"column":2},"end":{"line":23,"column":3}},"8":{"start":{"line":24,"column":2},"end":{"line":26,"column":3}},"9":{"start":{"line":25,"column":4},"end":{"line":25,"column":50}},"10":{"start":{"line":28,"column":2},"end":{"line":28,"column":75}},"11":{"start":{"line":31,"column":17},"end":{"line":37,"column":1}},"12":{"start":{"line":32,"column":2},"end":{"line":36,"column":3}},"13":{"start":{"line":33,"column":23},"end":{"line":33,"column":88}},"14":{"start":{"line":34,"column":4},"end":{"line":34,"column":21}},"15":{"start":{"line":35,"column":4},"end":{"line":35,"column":15}},"16":{"start":{"line":39,"column":18},"end":{"line":47,"column":1}},"17":{"start":{"line":40,"column":2},"end":{"line":42,"column":3}},"18":{"start":{"line":41,"column":4},"end":{"line":41,"column":34}},"19":{"start":{"line":43,"column":2},"end":{"line":46,"column":3}},"20":{"start":{"line":44,"column":4},"end":{"line":44,"column":49}},"21":{"start":{"line":45,"column":4},"end":{"line":45,"column":38}},"22":{"start":{"line":49,"column":13},"end":{"line":98,"column":1}},"23":{"start":{"line":50,"column":2},"end":{"line":97,"column":4}},"24":{"start":{"line":51,"column":4},"end":{"line":53,"column":5}},"25":{"start":{"line":52,"column":6},"end":{"line":52,"column":59}},"26":{"start":{"line":54,"column":4},"end":{"line":54,"column":41}},"27":{"start":{"line":55,"column":4},"end":{"line":55,"column":19}},"28":{"start":{"line":56,"column":4},"end":{"line":56,"column":17}},"29":{"start":{"line":57,"column":4},"end":{"line":57,"column":18}},"30":{"start":{"line":58,"column":4},"end":{"line":96,"column":5}},"31":{"start":{"line":59,"column":6},"end":{"line":59,"column":65}},"32":{"start":{"line":62,"column":6},"end":{"line":93,"column":8}},"33":{"start":{"line":63,"column":8},"end":{"line":66,"column":9}},"34":{"start":{"line":65,"column":10},"end":{"line":65,"column":30}},"35":{"start":{"line":67,"column":8},"end":{"line":67,"column":78}},"36":{"start":{"line":68,"column":8},"end":{"line":92,"column":9}},"37":{"start":{"line":70,"column":10},"end":{"line":70,"column":30}},"38":{"start":{"line":71,"column":15},"end":{"line":92,"column":9}},"39":{"start":{"line":72,"column":10},"end":{"line":72,"column":55}},"40":{"start":{"line":73,"column":10},"end":{"line":73,"column":102}},"41":{"start":{"line":75,"column":10},"end":{"line":77,"column":23}},"42":{"start":{"line":76,"column":12},"end":{"line":76,"column":62}},"43":{"start":{"line":78,"column":15},"end":{"line":92,"column":9}},"44":{"start":{"line":80,"column":10},"end":{"line":80,"column":55}},"45":{"start":{"line":81,"column":10},"end":{"line":81,"column":77}},"46":{"start":{"line":82,"column":10},"end":{"line":82,"column":17}},"47":{"start":{"line":84,"column":10},"end":{"line":86,"column":23}},"48":{"start":{"line":85,"column":12},"end":{"line":85,"column":62}},"49":{"start":{"line":88,"column":10},"end":{"line":88,"column":52}},"50":{"start":{"line":89,"column":10},"end":{"line":89,"column":56}},"51":{"start":{"line":91,"column":10},"end":{"line":91,"column":29}},"52":{"start":{"line":95,"column":6},"end":{"line":95,"column":26}}},"fnMap":{"0":{"name":"(anonymous_1)","decl":{"start":{"line":17,"column":20},"end":{"line":17,"column":21}},"loc":{"start":{"line":17,"column":37},"end":{"line":29,"column":1}}},"1":{"name":"(anonymous_2)","decl":{"start":{"line":31,"column":17},"end":{"line":31,"column":18}},"loc":{"start":{"line":31,"column":25},"end":{"line":37,"column":1}}},"2":{"name":"(anonymous_3)","decl":{"start":{"line":39,"column":18},"end":{"line":39,"column":19}},"loc":{"start":{"line":39,"column":26},"end":{"line":47,"column":1}}},"3":{"name":"(anonymous_4)","decl":{"start":{"line":49,"column":19},"end":{"line":49,"column":20}},"loc":{"start":{"line":49,"column":38},"end":{"line":98,"column":1}}},"4":{"name":"(anonymous_5)","decl":{"start":{"line":50,"column":21},"end":{"line":50,"column":22}},"loc":{"start":{"line":50,"column":41},"end":{"line":97,"column":3}}},"5":{"name":"(anonymous_6)","decl":{"start":{"line":62,"column":26},"end":{"line":62,"column":27}},"loc":{"start":{"line":62,"column":52},"end":{"line":93,"column":7}}},"6":{"name":"(anonymous_7)","decl":{"start":{"line":75,"column":28},"end":{"line":75,"column":30}},"loc":{"start":{"line":75,"column":33},"end":{"line":77,"column":11}}},"7":{"name":"(anonymous_8)","decl":{"start":{"line":84,"column":28},"end":{"line":84,"column":30}},"loc":{"start":{"line":84,"column":33},"end":{"line":86,"column":11}}}},"branchMap":{"0":{"loc":{"start":{"line":24,"column":2},"end":{"line":26,"column":3}},"type":"if","locations":[{"start":{"line":24,"column":2},"end":{"line":26,"column":3}},{"start":{"line":24,"column":2},"end":{"line":26,"column":3}}]},"1":{"loc":{"start":{"line":32,"column":2},"end":{"line":36,"column":3}},"type":"if","locations":[{"start":{"line":32,"column":2},"end":{"line":36,"column":3}},{"start":{"line":32,"column":2},"end":{"line":36,"column":3}}]},"2":{"loc":{"start":{"line":40,"column":2},"end":{"line":42,"column":3}},"type":"if","locations":[{"start":{"line":40,"column":2},"end":{"line":42,"column":3}},{"start":{"line":40,"column":2},"end":{"line":42,"column":3}}]},"3":{"loc":{"start":{"line":40,"column":6},"end":{"line":40,"column":36}},"type":"binary-expr","locations":[{"start":{"line":40,"column":6},"end":{"line":40,"column":36}},{"start":{"line":40,"column":40},"end":{"line":40,"column":70}}]},"4":{"loc":{"start":{"line":43,"column":2},"end":{"line":46,"column":3}},"type":"if","locations":[{"start":{"line":43,"column":2},"end":{"line":46,"column":3}},{"start":{"line":43,"column":2},"end":{"line":46,"column":3}}]},"5":{"loc":{"start":{"line":44,"column":13},"end":{"line":44,"column":20}},"type":"binary-expr","locations":[{"start":{"line":44,"column":13},"end":{"line":44,"column":20}},{"start":{"line":44,"column":24},"end":{"line":44,"column":31}}]},"6":{"loc":{"start":{"line":49,"column":33},"end":{"line":49,"column":34}},"type":"default-arg","locations":[{"start":{"line":49,"column":33},"end":{"line":49,"column":34}}]},"7":{"loc":{"start":{"line":51,"column":4},"end":{"line":53,"column":5}},"type":"if","locations":[{"start":{"line":51,"column":4},"end":{"line":53,"column":5}},{"start":{"line":51,"column":4},"end":{"line":53,"column":5}}]},"8":{"loc":{"start":{"line":59,"column":44},"end":{"line":59,"column":51}},"type":"binary-expr","locations":[{"start":{"line":59,"column":44},"end":{"line":59,"column":51}},{"start":{"line":59,"column":55},"end":{"line":59,"column":62}}]},"9":{"loc":{"start":{"line":63,"column":8},"end":{"line":66,"column":9}},"type":"if","locations":[{"start":{"line":63,"column":8},"end":{"line":66,"column":9}},{"start":{"line":63,"column":8},"end":{"line":66,"column":9}}]},"10":{"loc":{"start":{"line":68,"column":8},"end":{"line":92,"column":9}},"type":"if","locations":[{"start":{"line":68,"column":8},"end":{"line":92,"column":9}},{"start":{"line":68,"column":8},"end":{"line":92,"column":9}}]},"11":{"loc":{"start":{"line":68,"column":12},"end":{"line":68,"column":38}},"type":"binary-expr","locations":[{"start":{"line":68,"column":12},"end":{"line":68,"column":38}},{"start":{"line":68,"column":42},"end":{"line":68,"column":68}}]},"12":{"loc":{"start":{"line":71,"column":15},"end":{"line":92,"column":9}},"type":"if","locations":[{"start":{"line":71,"column":15},"end":{"line":92,"column":9}},{"start":{"line":71,"column":15},"end":{"line":92,"column":9}}]},"13":{"loc":{"start":{"line":73,"column":53},"end":{"line":73,"column":60}},"type":"binary-expr","locations":[{"start":{"line":73,"column":53},"end":{"line":73,"column":60}},{"start":{"line":73,"column":64},"end":{"line":73,"column":71}}]},"14":{"loc":{"start":{"line":78,"column":15},"end":{"line":92,"column":9}},"type":"if","locations":[{"start":{"line":78,"column":15},"end":{"line":92,"column":9}},{"start":{"line":78,"column":15},"end":{"line":92,"column":9}}]},"15":{"loc":{"start":{"line":81,"column":28},"end":{"line":81,"column":35}},"type":"binary-expr","locations":[{"start":{"line":81,"column":28},"end":{"line":81,"column":35}},{"start":{"line":81,"column":39},"end":{"line":81,"column":46}}]}},"s":{"0":6,"1":6,"2":6,"3":6,"4":6,"5":6,"6":7,"7":7,"8":7,"9":7,"10":7,"11":6,"12":12,"13":0,"14":0,"15":0,"16":6,"17":12,"18":2,"19":12,"20":4,"21":4,"22":6,"23":13,"24":13,"25":1,"26":12,"27":12,"28":12,"29":12,"30":12,"31":12,"32":12,"33":11,"34":3,"35":8,"36":8,"37":3,"38":5,"39":2,"40":2,"41":2,"42":2,"43":3,"44":3,"45":3,"46":3,"47":3,"48":3,"49":0,"50":0,"51":0,"52":0},"f":{"0":7,"1":12,"2":12,"3":13,"4":13,"5":11,"6":2,"7":3},"b":{"0":[7,0],"1":[0,12],"2":[2,10],"3":[12,2],"4":[4,8],"5":[4,0],"6":[7],"7":[1,12],"8":[12,0],"9":[3,8],"10":[3,5],"11":[8,8],"12":[2,3],"13":[2,0],"14":[3,0],"15":[3,0]}}
,"/home/ramanathan/Documents/Contentstack/contentstack-sync-manager/src/defaults.ts": {"path":"/home/ramanathan/Documents/Contentstack/contentstack-sync-manager/src/defaults.ts","statementMap":{"0":{"start":{"line":7,"column":13},"end":{"line":34,"column":1}}},"fnMap":{},"branchMap":{},"s":{"0":8},"f":{},"b":{}}
,"/home/ramanathan/Documents/Contentstack/contentstack-sync-manager/src/index.ts": {"path":"/home/ramanathan/Documents/Contentstack/contentstack-sync-manager/src/index.ts","statementMap":{"0":{"start":{"line":7,"column":0},"end":{"line":7,"column":24}},"1":{"start":{"line":8,"column":0},"end":{"line":8,"column":29}},"2":{"start":{"line":9,"column":0},"end":{"line":9,"column":28}},"3":{"start":{"line":10,"column":0},"end":{"line":10,"column":33}},"4":{"start":{"line":11,"column":0},"end":{"line":11,"column":52}},"5":{"start":{"line":12,"column":0},"end":{"line":12,"column":52}},"6":{"start":{"line":14,"column":0},"end":{"line":20,"column":26}},"7":{"start":{"line":22,"column":14},"end":{"line":22,"column":35}},"8":{"start":{"line":24,"column":21},"end":{"line":24,"column":23}},"9":{"start":{"line":29,"column":13},"end":{"line":33,"column":1}},"10":{"start":{"line":30,"column":2},"end":{"line":30,"column":61}},"11":{"start":{"line":32,"column":2},"end":{"line":32,"column":29}},"12":{"start":{"line":35,"column":13},"end":{"line":39,"column":1}},"13":{"start":{"line":36,"column":2},"end":{"line":36,"column":59}},"14":{"start":{"line":38,"column":2},"end":{"line":38,"column":27}},"15":{"start":{"line":41,"column":13},"end":{"line":46,"column":1}},"16":{"start":{"line":42,"column":2},"end":{"line":42,"column":28}},"17":{"start":{"line":43,"column":2},"end":{"line":43,"column":52}},"18":{"start":{"line":45,"column":2},"end":{"line":45,"column":21}},"19":{"start":{"line":48,"column":13},"end":{"line":52,"column":1}},"20":{"start":{"line":49,"column":2},"end":{"line":49,"column":24}},"21":{"start":{"line":50,"column":2},"end":{"line":50,"column":35}},"22":{"start":{"line":51,"column":2},"end":{"line":51,"column":20}},"23":{"start":{"line":54,"column":13},"end":{"line":56,"column":1}},"24":{"start":{"line":55,"column":2},"end":{"line":55,"column":18}},"25":{"start":{"line":58,"column":13},"end":{"line":93,"column":1}},"26":{"start":{"line":59,"column":2},"end":{"line":92,"column":4}},"27":{"start":{"line":60,"column":4},"end":{"line":91,"column":5}},"28":{"start":{"line":61,"column":6},"end":{"line":61,"column":67}},"29":{"start":{"line":62,"column":6},"end":{"line":62,"column":58}},"30":{"start":{"line":63,"column":6},"end":{"line":63,"column":31}},"31":{"start":{"line":64,"column":6},"end":{"line":64,"column":42}},"32":{"start":{"line":66,"column":6},"end":{"line":66,"column":38}},"33":{"start":{"line":68,"column":6},"end":{"line":87,"column":22}},"34":{"start":{"line":69,"column":8},"end":{"line":69,"column":58}},"35":{"start":{"line":70,"column":8},"end":{"line":70,"column":45}},"36":{"start":{"line":71,"column":8},"end":{"line":71,"column":55}},"37":{"start":{"line":73,"column":8},"end":{"line":73,"column":63}},"38":{"start":{"line":76,"column":8},"end":{"line":76,"column":51}},"39":{"start":{"line":77,"column":8},"end":{"line":77,"column":57}},"40":{"start":{"line":79,"column":8},"end":{"line":79,"column":49}},"41":{"start":{"line":81,"column":8},"end":{"line":81,"column":53}},"42":{"start":{"line":82,"column":8},"end":{"line":82,"column":31}},"43":{"start":{"line":84,"column":8},"end":{"line":84,"column":40}},"44":{"start":{"line":86,"column":8},"end":{"line":86,"column":61}},"45":{"start":{"line":90,"column":6},"end":{"line":90,"column":26}}},"fnMap":{"0":{"name":"(anonymous_1)","decl":{"start":{"line":29,"column":35},"end":{"line":29,"column":36}},"loc":{"start":{"line":29,"column":48},"end":{"line":33,"column":1}}},"1":{"name":"(anonymous_2)","decl":{"start":{"line":35,"column":33},"end":{"line":35,"column":34}},"loc":{"start":{"line":35,"column":46},"end":{"line":39,"column":1}}},"2":{"name":"(anonymous_3)","decl":{"start":{"line":41,"column":27},"end":{"line":41,"column":28}},"loc":{"start":{"line":41,"column":40},"end":{"line":46,"column":1}}},"3":{"name":"(anonymous_4)","decl":{"start":{"line":48,"column":25},"end":{"line":48,"column":26}},"loc":{"start":{"line":48,"column":36},"end":{"line":52,"column":1}}},"4":{"name":"(anonymous_5)","decl":{"start":{"line":54,"column":25},"end":{"line":54,"column":27}},"loc":{"start":{"line":54,"column":30},"end":{"line":56,"column":1}}},"5":{"name":"(anonymous_6)","decl":{"start":{"line":58,"column":21},"end":{"line":58,"column":22}},"loc":{"start":{"line":58,"column":37},"end":{"line":93,"column":1}}},"6":{"name":"(anonymous_7)","decl":{"start":{"line":59,"column":21},"end":{"line":59,"column":22}},"loc":{"start":{"line":59,"column":41},"end":{"line":92,"column":3}}},"7":{"name":"(anonymous_8)","decl":{"start":{"line":68,"column":50},"end":{"line":68,"column":51}},"loc":{"start":{"line":68,"column":68},"end":{"line":74,"column":7}}},"8":{"name":"(anonymous_9)","decl":{"start":{"line":74,"column":14},"end":{"line":74,"column":15}},"loc":{"start":{"line":74,"column":36},"end":{"line":80,"column":7}}},"9":{"name":"(anonymous_10)","decl":{"start":{"line":80,"column":14},"end":{"line":80,"column":16}},"loc":{"start":{"line":80,"column":19},"end":{"line":85,"column":7}}},"10":{"name":"(anonymous_11)","decl":{"start":{"line":85,"column":14},"end":{"line":85,"column":16}},"loc":{"start":{"line":85,"column":19},"end":{"line":87,"column":7}}}},"branchMap":{"0":{"loc":{"start":{"line":58,"column":31},"end":{"line":58,"column":33}},"type":"default-arg","locations":[{"start":{"line":58,"column":31},"end":{"line":58,"column":33}}]}},"s":{"0":5,"1":5,"2":5,"3":5,"4":5,"5":5,"6":5,"7":5,"8":5,"9":5,"10":3,"11":3,"12":5,"13":3,"14":3,"15":5,"16":3,"17":3,"18":3,"19":5,"20":5,"21":5,"22":5,"23":5,"24":8,"25":5,"26":2,"27":2,"28":2,"29":2,"30":2,"31":2,"32":2,"33":2,"34":2,"35":2,"36":2,"37":2,"38":2,"39":2,"40":2,"41":1,"42":1,"43":1,"44":1,"45":0},"f":{"0":3,"1":3,"2":3,"3":5,"4":8,"5":2,"6":2,"7":2,"8":2,"9":1,"10":1},"b":{"0":[0]}}
,"/home/ramanathan/Documents/Contentstack/contentstack-sync-manager/src/core/index.ts": {"path":"/home/ramanathan/Documents/Contentstack/contentstack-sync-manager/src/core/index.ts","statementMap":{"0":{"start":{"line":7,"column":0},"end":{"line":7,"column":39}},"1":{"start":{"line":8,"column":0},"end":{"line":8,"column":22}},"2":{"start":{"line":9,"column":0},"end":{"line":9,"column":29}},"3":{"start":{"line":12,"column":13},"end":{"line":19,"column":1}},"4":{"start":{"line":13,"column":2},"end":{"line":18,"column":4}},"5":{"start":{"line":14,"column":22},"end":{"line":14,"column":46}},"6":{"start":{"line":15,"column":4},"end":{"line":15,"column":32}},"7":{"start":{"line":17,"column":4},"end":{"line":17,"column":55}}},"fnMap":{"0":{"name":"(anonymous_0)","decl":{"start":{"line":12,"column":20},"end":{"line":12,"column":21}},"loc":{"start":{"line":12,"column":42},"end":{"line":19,"column":1}}},"1":{"name":"(anonymous_1)","decl":{"start":{"line":13,"column":21},"end":{"line":13,"column":22}},"loc":{"start":{"line":13,"column":41},"end":{"line":18,"column":3}}}},"branchMap":{},"s":{"0":5,"1":5,"2":5,"3":5,"4":2,"5":2,"6":2,"7":2},"f":{"0":2,"1":2},"b":{}}
,"/home/ramanathan/Documents/Contentstack/contentstack-sync-manager/src/core/plugins.ts": {"path":"/home/ramanathan/Documents/Contentstack/contentstack-sync-manager/src/core/plugins.ts","statementMap":{"0":{"start":{"line":7,"column":0},"end":{"line":7,"column":24}},"1":{"start":{"line":8,"column":0},"end":{"line":8,"column":30}},"2":{"start":{"line":9,"column":0},"end":{"line":9,"column":29}},"3":{"start":{"line":10,"column":0},"end":{"line":10,"column":35}},"4":{"start":{"line":12,"column":14},"end":{"line":12,"column":38}},"5":{"start":{"line":13,"column":22},"end":{"line":15,"column":1}},"6":{"start":{"line":17,"column":13},"end":{"line":42,"column":1}},"7":{"start":{"line":18,"column":2},"end":{"line":18,"column":30}},"8":{"start":{"line":19,"column":26},"end":{"line":19,"column":28}},"9":{"start":{"line":20,"column":18},"end":{"line":20,"column":38}},"10":{"start":{"line":21,"column":2},"end":{"line":23,"column":4}},"11":{"start":{"line":22,"column":4},"end":{"line":22,"column":71}},"12":{"start":{"line":24,"column":2},"end":{"line":38,"column":3}},"13":{"start":{"line":25,"column":23},"end":{"line":25,"column":81}},"14":{"start":{"line":26,"column":4},"end":{"line":37,"column":5}},"15":{"start":{"line":27,"column":21},"end":{"line":27,"column":40}},"16":{"start":{"line":28,"column":27},"end":{"line":28,"column":46}},"17":{"start":{"line":29,"column":6},"end":{"line":29,"column":26}},"18":{"start":{"line":30,"column":6},"end":{"line":34,"column":8}},"19":{"start":{"line":31,"column":8},"end":{"line":33,"column":9}},"20":{"start":{"line":32,"column":10},"end":{"line":32,"column":66}},"21":{"start":{"line":39,"column":2},"end":{"line":39,"column":38}},"22":{"start":{"line":41,"column":2},"end":{"line":41,"column":24}}},"fnMap":{"0":{"name":"(anonymous_1)","decl":{"start":{"line":17,"column":20},"end":{"line":17,"column":21}},"loc":{"start":{"line":17,"column":31},"end":{"line":42,"column":1}}},"1":{"name":"(anonymous_2)","decl":{"start":{"line":21,"column":24},"end":{"line":21,"column":25}},"loc":{"start":{"line":21,"column":41},"end":{"line":23,"column":3}}},"2":{"name":"(anonymous_3)","decl":{"start":{"line":30,"column":28},"end":{"line":30,"column":29}},"loc":{"start":{"line":30,"column":45},"end":{"line":34,"column":7}}}},"branchMap":{"0":{"loc":{"start":{"line":20,"column":18},"end":{"line":20,"column":32}},"type":"binary-expr","locations":[{"start":{"line":20,"column":18},"end":{"line":20,"column":32}},{"start":{"line":20,"column":36},"end":{"line":20,"column":38}}]},"1":{"loc":{"start":{"line":22,"column":36},"end":{"line":22,"column":65}},"type":"binary-expr","locations":[{"start":{"line":22,"column":36},"end":{"line":22,"column":65}},{"start":{"line":22,"column":69},"end":{"line":22,"column":71}}]},"2":{"loc":{"start":{"line":26,"column":4},"end":{"line":37,"column":5}},"type":"if","locations":[{"start":{"line":26,"column":4},"end":{"line":37,"column":5}},{"start":{"line":26,"column":4},"end":{"line":37,"column":5}}]},"3":{"loc":{"start":{"line":31,"column":8},"end":{"line":33,"column":9}},"type":"if","locations":[{"start":{"line":31,"column":8},"end":{"line":33,"column":9}},{"start":{"line":31,"column":8},"end":{"line":33,"column":9}}]}},"s":{"0":5,"1":5,"2":5,"3":5,"4":5,"5":5,"6":5,"7":2,"8":2,"9":2,"10":2,"11":12,"12":2,"13":2,"14":2,"15":0,"16":0,"17":0,"18":0,"19":0,"20":0,"21":2,"22":2},"f":{"0":2,"1":12,"2":0},"b":{"0":[2,0],"1":[12,12],"2":[0,2],"3":[0,0]}}
,"/home/ramanathan/Documents/Contentstack/contentstack-sync-manager/src/core/q.ts": {"path":"/home/ramanathan/Documents/Contentstack/contentstack-sync-manager/src/core/q.ts","statementMap":{"0":{"start":{"line":7,"column":0},"end":{"line":7,"column":24}},"1":{"start":{"line":8,"column":0},"end":{"line":8,"column":36}},"2":{"start":{"line":9,"column":0},"end":{"line":9,"column":56}},"3":{"start":{"line":10,"column":0},"end":{"line":10,"column":36}},"4":{"start":{"line":11,"column":0},"end":{"line":11,"column":44}},"5":{"start":{"line":12,"column":0},"end":{"line":12,"column":31}},"6":{"start":{"line":13,"column":0},"end":{"line":13,"column":45}},"7":{"start":{"line":15,"column":14},"end":{"line":15,"column":32}},"8":{"start":{"line":16,"column":15},"end":{"line":16,"column":19}},"9":{"start":{"line":25,"column":4},"end":{"line":35,"column":5}},"10":{"start":{"line":26,"column":6},"end":{"line":26,"column":13}},"11":{"start":{"line":27,"column":6},"end":{"line":27,"column":41}},"12":{"start":{"line":28,"column":6},"end":{"line":28,"column":40}},"13":{"start":{"line":29,"column":6},"end":{"line":29,"column":29}},"14":{"start":{"line":30,"column":6},"end":{"line":30,"column":17}},"15":{"start":{"line":31,"column":6},"end":{"line":31,"column":32}},"16":{"start":{"line":32,"column":6},"end":{"line":32,"column":41}},"17":{"start":{"line":33,"column":6},"end":{"line":33,"column":21}},"18":{"start":{"line":34,"column":6},"end":{"line":34,"column":47}},"19":{"start":{"line":37,"column":4},"end":{"line":37,"column":19}},"20":{"start":{"line":41,"column":4},"end":{"line":41,"column":21}},"21":{"start":{"line":42,"column":4},"end":{"line":42,"column":82}},"22":{"start":{"line":43,"column":4},"end":{"line":43,"column":15}},"23":{"start":{"line":47,"column":4},"end":{"line":47,"column":56}},"24":{"start":{"line":48,"column":4},"end":{"line":60,"column":5}},"25":{"start":{"line":49,"column":6},"end":{"line":59,"column":8}},"26":{"start":{"line":50,"column":8},"end":{"line":54,"column":10}},"27":{"start":{"line":51,"column":10},"end":{"line":51,"column":84}},"28":{"start":{"line":53,"column":10},"end":{"line":53,"column":21}},"29":{"start":{"line":56,"column":8},"end":{"line":56,"column":56}},"30":{"start":{"line":58,"column":8},"end":{"line":58,"column":19}},"31":{"start":{"line":62,"column":4},"end":{"line":66,"column":6}},"32":{"start":{"line":63,"column":6},"end":{"line":63,"column":61}},"33":{"start":{"line":65,"column":6},"end":{"line":65,"column":17}},"34":{"start":{"line":70,"column":4},"end":{"line":70,"column":102}},"35":{"start":{"line":71,"column":4},"end":{"line":85,"column":5}},"36":{"start":{"line":72,"column":6},"end":{"line":72,"column":28}},"37":{"start":{"line":73,"column":19},"end":{"line":73,"column":33}},"38":{"start":{"line":75,"column":6},"end":{"line":83,"column":7}},"39":{"start":{"line":76,"column":8},"end":{"line":82,"column":10}},"40":{"start":{"line":77,"column":10},"end":{"line":77,"column":28}},"41":{"start":{"line":79,"column":10},"end":{"line":79,"column":79}},"42":{"start":{"line":81,"column":10},"end":{"line":81,"column":28}},"43":{"start":{"line":84,"column":6},"end":{"line":84,"column":24}},"44":{"start":{"line":89,"column":4},"end":{"line":89,"column":47}},"45":{"start":{"line":90,"column":4},"end":{"line":103,"column":5}},"46":{"start":{"line":92,"column":6},"end":{"line":92,"column":67}},"47":{"start":{"line":93,"column":6},"end":{"line":93,"column":11}},"48":{"start":{"line":95,"column":6},"end":{"line":95,"column":71}},"49":{"start":{"line":96,"column":6},"end":{"line":96,"column":11}},"50":{"start":{"line":98,"column":6},"end":{"line":98,"column":65}},"51":{"start":{"line":99,"column":6},"end":{"line":99,"column":11}},"52":{"start":{"line":102,"column":6},"end":{"line":102,"column":11}},"53":{"start":{"line":107,"column":4},"end":{"line":141,"column":5}},"54":{"start":{"line":108,"column":6},"end":{"line":108,"column":47}},"55":{"start":{"line":109,"column":32},"end":{"line":109,"column":34}},"56":{"start":{"line":110,"column":25},"end":{"line":110,"column":47}},"57":{"start":{"line":111,"column":6},"end":{"line":113,"column":8}},"58":{"start":{"line":112,"column":8},"end":{"line":112,"column":45}},"59":{"start":{"line":115,"column":6},"end":{"line":135,"column":8}},"60":{"start":{"line":117,"column":8},"end":{"line":117,"column":61}},"61":{"start":{"line":119,"column":8},"end":{"line":119,"column":57}},"62":{"start":{"line":121,"column":8},"end":{"line":121,"column":56}},"63":{"start":{"line":122,"column":35},"end":{"line":122,"column":37}},"64":{"start":{"line":123,"column":8},"end":{"line":125,"column":10}},"65":{"start":{"line":124,"column":10},"end":{"line":124,"column":54}},"66":{"start":{"line":127,"column":8},"end":{"line":127,"column":46}},"67":{"start":{"line":129,"column":8},"end":{"line":129,"column":60}},"68":{"start":{"line":130,"column":8},"end":{"line":130,"column":31}},"69":{"start":{"line":131,"column":8},"end":{"line":131,"column":31}},"70":{"start":{"line":134,"column":8},"end":{"line":134,"column":19}},"71":{"start":{"line":137,"column":6},"end":{"line":140,"column":8}},"72":{"start":{"line":18,"column":0},"end":{"line":143,"column":1}}},"fnMap":{"0":{"name":"(anonymous_1)","decl":{"start":{"line":24,"column":2},"end":{"line":24,"column":13}},"loc":{"start":{"line":24,"column":31},"end":{"line":38,"column":3}}},"1":{"name":"(anonymous_2)","decl":{"start":{"line":40,"column":9},"end":{"line":40,"column":12}},"loc":{"start":{"line":40,"column":18},"end":{"line":44,"column":3}}},"2":{"name":"(anonymous_3)","decl":{"start":{"line":46,"column":9},"end":{"line":46,"column":20}},"loc":{"start":{"line":46,"column":25},"end":{"line":67,"column":3}}},"3":{"name":"(anonymous_4)","decl":{"start":{"line":49,"column":95},"end":{"line":49,"column":97}},"loc":{"start":{"line":49,"column":100},"end":{"line":55,"column":7}}},"4":{"name":"(anonymous_5)","decl":{"start":{"line":50,"column":58},"end":{"line":50,"column":59}},"loc":{"start":{"line":50,"column":68},"end":{"line":54,"column":9}}},"5":{"name":"(anonymous_6)","decl":{"start":{"line":55,"column":15},"end":{"line":55,"column":16}},"loc":{"start":{"line":55,"column":25},"end":{"line":59,"column":7}}},"6":{"name":"(anonymous_7)","decl":{"start":{"line":62,"column":54},"end":{"line":62,"column":55}},"loc":{"start":{"line":62,"column":64},"end":{"line":66,"column":5}}},"7":{"name":"(anonymous_8)","decl":{"start":{"line":69,"column":10},"end":{"line":69,"column":13}},"loc":{"start":{"line":69,"column":14},"end":{"line":86,"column":3}}},"8":{"name":"(anonymous_9)","decl":{"start":{"line":76,"column":82},"end":{"line":76,"column":84}},"loc":{"start":{"line":76,"column":87},"end":{"line":78,"column":9}}},"9":{"name":"(anonymous_10)","decl":{"start":{"line":78,"column":17},"end":{"line":78,"column":18}},"loc":{"start":{"line":78,"column":27},"end":{"line":82,"column":9}}},"10":{"name":"(anonymous_11)","decl":{"start":{"line":88,"column":10},"end":{"line":88,"column":16}},"loc":{"start":{"line":88,"column":22},"end":{"line":104,"column":3}}},"11":{"name":"(anonymous_12)","decl":{"start":{"line":106,"column":10},"end":{"line":106,"column":13}},"loc":{"start":{"line":106,"column":54},"end":{"line":142,"column":3}}},"12":{"name":"(anonymous_13)","decl":{"start":{"line":111,"column":49},"end":{"line":111,"column":50}},"loc":{"start":{"line":111,"column":61},"end":{"line":113,"column":7}}},"13":{"name":"(anonymous_14)","decl":{"start":{"line":116,"column":12},"end":{"line":116,"column":14}},"loc":{"start":{"line":116,"column":17},"end":{"line":120,"column":7}}},"14":{"name":"(anonymous_15)","decl":{"start":{"line":120,"column":14},"end":{"line":120,"column":16}},"loc":{"start":{"line":120,"column":19},"end":{"line":128,"column":7}}},"15":{"name":"(anonymous_16)","decl":{"start":{"line":123,"column":50},"end":{"line":123,"column":51}},"loc":{"start":{"line":123,"column":62},"end":{"line":125,"column":9}}},"16":{"name":"(anonymous_17)","decl":{"start":{"line":128,"column":14},"end":{"line":128,"column":16}},"loc":{"start":{"line":128,"column":19},"end":{"line":132,"column":7}}},"17":{"name":"(anonymous_18)","decl":{"start":{"line":132,"column":15},"end":{"line":132,"column":16}},"loc":{"start":{"line":132,"column":25},"end":{"line":135,"column":7}}}},"branchMap":{"0":{"loc":{"start":{"line":25,"column":4},"end":{"line":35,"column":5}},"type":"if","locations":[{"start":{"line":25,"column":4},"end":{"line":35,"column":5}},{"start":{"line":25,"column":4},"end":{"line":35,"column":5}}]},"1":{"loc":{"start":{"line":25,"column":8},"end":{"line":25,"column":17}},"type":"binary-expr","locations":[{"start":{"line":25,"column":8},"end":{"line":25,"column":17}},{"start":{"line":25,"column":21},"end":{"line":25,"column":30}},{"start":{"line":25,"column":34},"end":{"line":25,"column":40}}]},"2":{"loc":{"start":{"line":48,"column":4},"end":{"line":60,"column":5}},"type":"if","locations":[{"start":{"line":48,"column":4},"end":{"line":60,"column":5}},{"start":{"line":48,"column":4},"end":{"line":60,"column":5}}]},"3":{"loc":{"start":{"line":71,"column":4},"end":{"line":85,"column":5}},"type":"if","locations":[{"start":{"line":71,"column":4},"end":{"line":85,"column":5}},{"start":{"line":71,"column":4},"end":{"line":85,"column":5}}]},"4":{"loc":{"start":{"line":71,"column":8},"end":{"line":71,"column":24}},"type":"binary-expr","locations":[{"start":{"line":71,"column":8},"end":{"line":71,"column":24}},{"start":{"line":71,"column":28},"end":{"line":71,"column":41}}]},"5":{"loc":{"start":{"line":75,"column":6},"end":{"line":83,"column":7}},"type":"if","locations":[{"start":{"line":75,"column":6},"end":{"line":83,"column":7}},{"start":{"line":75,"column":6},"end":{"line":83,"column":7}}]},"6":{"loc":{"start":{"line":91,"column":4},"end":{"line":93,"column":11}},"type":"switch","locations":[{"start":{"line":91,"column":4},"end":{"line":93,"column":11}},{"start":{"line":94,"column":4},"end":{"line":96,"column":11}},{"start":{"line":97,"column":4},"end":{"line":99,"column":11}},{"start":{"line":100,"column":4},"end":{"line":102,"column":11}}]}},"s":{"0":5,"1":5,"2":5,"3":5,"4":5,"5":5,"6":5,"7":5,"8":5,"9":3,"10":2,"11":2,"12":2,"13":2,"14":2,"15":2,"16":2,"17":2,"18":2,"19":3,"20":2,"21":2,"22":2,"23":1,"24":1,"25":1,"26":0,"27":0,"28":0,"29":0,"30":0,"31":0,"32":0,"33":0,"34":5,"35":5,"36":2,"37":2,"38":2,"39":1,"40":1,"41":0,"42":0,"43":2,"44":3,"45":3,"46":3,"47":3,"48":0,"49":0,"50":0,"51":0,"52":0,"53":3,"54":3,"55":3,"56":3,"57":3,"58":0,"59":3,"60":3,"61":3,"62":3,"63":3,"64":3,"65":0,"66":3,"67":3,"68":3,"69":3,"70":0,"71":0,"72":5},"f":{"0":3,"1":2,"2":1,"3":0,"4":0,"5":0,"6":0,"7":5,"8":1,"9":0,"10":3,"11":3,"12":0,"13":3,"14":3,"15":0,"16":3,"17":0},"b":{"0":[2,1],"1":[3,2,2],"2":[1,0],"3":[2,3],"4":[5,5],"5":[1,1],"6":[3,0,0,0]}}
,"/home/ramanathan/Documents/Contentstack/contentstack-sync-manager/src/core/sync.ts": {"path":"/home/ramanathan/Documents/Contentstack/contentstack-sync-manager/src/core/sync.ts","statementMap":{"0":{"start":{"line":7,"column":0},"end":{"line":7,"column":24}},"1":{"start":{"line":8,"column":0},"end":{"line":8,"column":36}},"2":{"start":{"line":9,"column":0},"end":{"line":9,"column":30}},"3":{"start":{"line":10,"column":0},"end":{"line":10,"column":29}},"4":{"start":{"line":11,"column":0},"end":{"line":11,"column":27}},"5":{"start":{"line":12,"column":0},"end":{"line":12,"column":92}},"6":{"start":{"line":13,"column":0},"end":{"line":13,"column":52}},"7":{"start":{"line":14,"column":0},"end":{"line":14,"column":36}},"8":{"start":{"line":15,"column":0},"end":{"line":15,"column":40}},"9":{"start":{"line":16,"column":0},"end":{"line":16,"column":44}},"10":{"start":{"line":17,"column":0},"end":{"line":17,"column":61}},"11":{"start":{"line":24,"column":14},"end":{"line":24,"column":35}},"12":{"start":{"line":25,"column":18},"end":{"line":25,"column":40}},"13":{"start":{"line":26,"column":16},"end":{"line":26,"column":34}},"14":{"start":{"line":27,"column":27},"end":{"line":27,"column":36}},"15":{"start":{"line":28,"column":29},"end":{"line":28,"column":45}},"16":{"start":{"line":29,"column":13},"end":{"line":33,"column":1}},"17":{"start":{"line":38,"column":13},"end":{"line":73,"column":1}},"18":{"start":{"line":39,"column":2},"end":{"line":39,"column":15}},"19":{"start":{"line":40,"column":2},"end":{"line":40,"column":34}},"20":{"start":{"line":42,"column":2},"end":{"line":72,"column":4}},"21":{"start":{"line":43,"column":4},"end":{"line":71,"column":5}},"22":{"start":{"line":44,"column":6},"end":{"line":44,"column":26}},"23":{"start":{"line":45,"column":6},"end":{"line":45,"column":40}},"24":{"start":{"line":46,"column":20},"end":{"line":46,"column":32}},"25":{"start":{"line":47,"column":26},"end":{"line":47,"column":91}},"26":{"start":{"line":48,"column":6},"end":{"line":48,"column":42}},"27":{"start":{"line":49,"column":27},"end":{"line":54,"column":7}},"28":{"start":{"line":55,"column":6},"end":{"line":64,"column":7}},"29":{"start":{"line":56,"column":8},"end":{"line":56,"column":55}},"30":{"start":{"line":57,"column":13},"end":{"line":64,"column":7}},"31":{"start":{"line":58,"column":8},"end":{"line":58,"column":67}},"32":{"start":{"line":59,"column":13},"end":{"line":64,"column":7}},"33":{"start":{"line":60,"column":22},"end":{"line":60,"column":65}},"34":{"start":{"line":61,"column":8},"end":{"line":61,"column":44}},"35":{"start":{"line":63,"column":8},"end":{"line":63,"column":30}},"36":{"start":{"line":66,"column":6},"end":{"line":68,"column":22}},"37":{"start":{"line":70,"column":6},"end":{"line":70,"column":26}},"38":{"start":{"line":75,"column":13},"end":{"line":80,"column":1}},"39":{"start":{"line":76,"column":2},"end":{"line":79,"column":3}},"40":{"start":{"line":77,"column":4},"end":{"line":77,"column":18}},"41":{"start":{"line":78,"column":4},"end":{"line":78,"column":11}},"42":{"start":{"line":82,"column":14},"end":{"line":101,"column":1}},"43":{"start":{"line":83,"column":2},"end":{"line":83,"column":76}},"44":{"start":{"line":84,"column":2},"end":{"line":100,"column":3}},"45":{"start":{"line":85,"column":4},"end":{"line":85,"column":19}},"46":{"start":{"line":86,"column":4},"end":{"line":86,"column":18}},"47":{"start":{"line":87,"column":4},"end":{"line":99,"column":6}},"48":{"start":{"line":88,"column":6},"end":{"line":88,"column":104}},"49":{"start":{"line":90,"column":6},"end":{"line":93,"column":40}},"50":{"start":{"line":91,"column":8},"end":{"line":91,"column":23}},"51":{"start":{"line":92,"column":8},"end":{"line":92,"column":29}},"52":{"start":{"line":95,"column":6},"end":{"line":95,"column":43}},"53":{"start":{"line":96,"column":6},"end":{"line":96,"column":33}},"54":{"start":{"line":98,"column":6},"end":{"line":98,"column":20}},"55":{"start":{"line":103,"column":13},"end":{"line":120,"column":1}},"56":{"start":{"line":104,"column":2},"end":{"line":119,"column":4}},"57":{"start":{"line":105,"column":4},"end":{"line":118,"column":6}},"58":{"start":{"line":106,"column":28},"end":{"line":106,"column":46}},"59":{"start":{"line":107,"column":27},"end":{"line":113,"column":7}},"60":{"start":{"line":115,"column":6},"end":{"line":117,"column":22}},"61":{"start":{"line":122,"column":13},"end":{"line":124,"column":1}},"62":{"start":{"line":123,"column":2},"end":{"line":123,"column":22}},"63":{"start":{"line":126,"column":13},"end":{"line":217,"column":1}},"64":{"start":{"line":127,"column":2},"end":{"line":127,"column":35}},"65":{"start":{"line":128,"column":2},"end":{"line":128,"column":16}},"66":{"start":{"line":130,"column":2},"end":{"line":216,"column":4}},"67":{"start":{"line":131,"column":4},"end":{"line":215,"column":6}},"68":{"start":{"line":132,"column":6},"end":{"line":132,"column":24}},"69":{"start":{"line":133,"column":6},"end":{"line":133,"column":36}},"70":{"start":{"line":134,"column":6},"end":{"line":134,"column":53}},"71":{"start":{"line":135,"column":32},"end":{"line":135,"column":40}},"72":{"start":{"line":136,"column":6},"end":{"line":204,"column":7}},"73":{"start":{"line":137,"column":8},"end":{"line":203,"column":10}},"74":{"start":{"line":138,"column":10},"end":{"line":138,"column":49}},"75":{"start":{"line":139,"column":31},"end":{"line":139,"column":61}},"76":{"start":{"line":140,"column":10},"end":{"line":140,"column":52}},"77":{"start":{"line":142,"column":10},"end":{"line":152,"column":11}},"78":{"start":{"line":143,"column":12},"end":{"line":145,"column":14}},"79":{"start":{"line":144,"column":14},"end":{"line":144,"column":27}},"80":{"start":{"line":146,"column":12},"end":{"line":146,"column":51}},"81":{"start":{"line":147,"column":17},"end":{"line":152,"column":11}},"82":{"start":{"line":148,"column":12},"end":{"line":150,"column":14}},"83":{"start":{"line":149,"column":14},"end":{"line":149,"column":33}},"84":{"start":{"line":151,"column":12},"end":{"line":151,"column":53}},"85":{"start":{"line":154,"column":34},"end":{"line":154,"column":59}},"86":{"start":{"line":155,"column":10},"end":{"line":164,"column":12}},"87":{"start":{"line":156,"column":32},"end":{"line":156,"column":60}},"88":{"start":{"line":157,"column":12},"end":{"line":161,"column":13}},"89":{"start":{"line":158,"column":14},"end":{"line":158,"column":36}},"90":{"start":{"line":160,"column":14},"end":{"line":160,"column":25}},"91":{"start":{"line":163,"column":12},"end":{"line":163,"column":24}},"92":{"start":{"line":166,"column":10},"end":{"line":200,"column":12}},"93":{"start":{"line":167,"column":12},"end":{"line":189,"column":14}},"94":{"start":{"line":168,"column":14},"end":{"line":188,"column":16}},"95":{"start":{"line":171,"column":63},"end":{"line":171,"column":96}},"96":{"start":{"line":172,"column":16},"end":{"line":180,"column":17}},"97":{"start":{"line":173,"column":32},"end":{"line":173,"column":49}},"98":{"start":{"line":174,"column":18},"end":{"line":177,"column":20}},"99":{"start":{"line":175,"column":20},"end":{"line":175,"column":86}},"100":{"start":{"line":176,"column":20},"end":{"line":176,"column":33}},"101":{"start":{"line":179,"column":18},"end":{"line":179,"column":37}},"102":{"start":{"line":181,"column":33},"end":{"line":181,"column":83}},"103":{"start":{"line":183,"column":16},"end":{"line":183,"column":33}},"104":{"start":{"line":185,"column":16},"end":{"line":185,"column":37}},"105":{"start":{"line":187,"column":16},"end":{"line":187,"column":27}},"106":{"start":{"line":191,"column":12},"end":{"line":193,"column":28}},"107":{"start":{"line":196,"column":12},"end":{"line":196,"column":87}},"108":{"start":{"line":197,"column":12},"end":{"line":197,"column":39}},"109":{"start":{"line":199,"column":12},"end":{"line":199,"column":32}},"110":{"start":{"line":202,"column":10},"end":{"line":202,"column":28}},"111":{"start":{"line":206,"column":6},"end":{"line":208,"column":22}},"112":{"start":{"line":211,"column":6},"end":{"line":211,"column":54}},"113":{"start":{"line":212,"column":6},"end":{"line":212,"column":33}},"114":{"start":{"line":214,"column":6},"end":{"line":214,"column":26}},"115":{"start":{"line":219,"column":20},"end":{"line":249,"column":1}},"116":{"start":{"line":221,"column":2},"end":{"line":248,"column":4}},"117":{"start":{"line":223,"column":4},"end":{"line":227,"column":5}},"118":{"start":{"line":224,"column":6},"end":{"line":224,"column":31}},"119":{"start":{"line":226,"column":6},"end":{"line":226,"column":25}},"120":{"start":{"line":229,"column":4},"end":{"line":247,"column":6}},"121":{"start":{"line":231,"column":6},"end":{"line":231,"column":31}},"122":{"start":{"line":232,"column":6},"end":{"line":236,"column":7}},"123":{"start":{"line":233,"column":8},"end":{"line":233,"column":23}},"124":{"start":{"line":235,"column":8},"end":{"line":235,"column":24}},"125":{"start":{"line":238,"column":6},"end":{"line":240,"column":22}},"126":{"start":{"line":243,"column":6},"end":{"line":243,"column":56}},"127":{"start":{"line":244,"column":6},"end":{"line":244,"column":33}},"128":{"start":{"line":246,"column":6},"end":{"line":246,"column":26}},"129":{"start":{"line":251,"column":0},"end":{"line":251,"column":26}}},"fnMap":{"0":{"name":"(anonymous_1)","decl":{"start":{"line":38,"column":21},"end":{"line":38,"column":22}},"loc":{"start":{"line":38,"column":35},"end":{"line":73,"column":1}}},"1":{"name":"(anonymous_2)","decl":{"start":{"line":42,"column":21},"end":{"line":42,"column":22}},"loc":{"start":{"line":42,"column":41},"end":{"line":72,"column":3}}},"2":{"name":"(anonymous_3)","decl":{"start":{"line":75,"column":20},"end":{"line":75,"column":22}},"loc":{"start":{"line":75,"column":25},"end":{"line":80,"column":1}}},"3":{"name":"(anonymous_4)","decl":{"start":{"line":82,"column":14},"end":{"line":82,"column":16}},"loc":{"start":{"line":82,"column":19},"end":{"line":101,"column":1}}},"4":{"name":"(anonymous_5)","decl":{"start":{"line":87,"column":16},"end":{"line":87,"column":18}},"loc":{"start":{"line":87,"column":21},"end":{"line":94,"column":5}}},"5":{"name":"(anonymous_6)","decl":{"start":{"line":90,"column":24},"end":{"line":90,"column":26}},"loc":{"start":{"line":90,"column":29},"end":{"line":93,"column":7}}},"6":{"name":"(anonymous_7)","decl":{"start":{"line":94,"column":13},"end":{"line":94,"column":14}},"loc":{"start":{"line":94,"column":23},"end":{"line":99,"column":5}}},"7":{"name":"(anonymous_8)","decl":{"start":{"line":103,"column":13},"end":{"line":103,"column":15}},"loc":{"start":{"line":103,"column":18},"end":{"line":120,"column":1}}},"8":{"name":"(anonymous_9)","decl":{"start":{"line":104,"column":21},"end":{"line":104,"column":22}},"loc":{"start":{"line":104,"column":41},"end":{"line":119,"column":3}}},"9":{"name":"(anonymous_10)","decl":{"start":{"line":105,"column":45},"end":{"line":105,"column":46}},"loc":{"start":{"line":105,"column":61},"end":{"line":118,"column":5}}},"10":{"name":"(anonymous_11)","decl":{"start":{"line":122,"column":20},"end":{"line":122,"column":22}},"loc":{"start":{"line":122,"column":25},"end":{"line":124,"column":1}}},"11":{"name":"(anonymous_12)","decl":{"start":{"line":126,"column":13},"end":{"line":126,"column":14}},"loc":{"start":{"line":126,"column":21},"end":{"line":217,"column":1}}},"12":{"name":"(anonymous_13)","decl":{"start":{"line":130,"column":21},"end":{"line":130,"column":22}},"loc":{"start":{"line":130,"column":41},"end":{"line":216,"column":3}}},"13":{"name":"(anonymous_14)","decl":{"start":{"line":131,"column":25},"end":{"line":131,"column":26}},"loc":{"start":{"line":131,"column":38},"end":{"line":209,"column":5}}},"14":{"name":"(anonymous_15)","decl":{"start":{"line":137,"column":54},"end":{"line":137,"column":56}},"loc":{"start":{"line":137,"column":59},"end":{"line":201,"column":9}}},"15":{"name":"(anonymous_16)","decl":{"start":{"line":143,"column":53},"end":{"line":143,"column":54}},"loc":{"start":{"line":143,"column":63},"end":{"line":145,"column":13}}},"16":{"name":"(anonymous_17)","decl":{"start":{"line":148,"column":55},"end":{"line":148,"column":56}},"loc":{"start":{"line":148,"column":71},"end":{"line":150,"column":13}}},"17":{"name":"(anonymous_18)","decl":{"start":{"line":155,"column":34},"end":{"line":155,"column":35}},"loc":{"start":{"line":155,"column":53},"end":{"line":164,"column":11}}},"18":{"name":"(anonymous_19)","decl":{"start":{"line":166,"column":38},"end":{"line":166,"column":39}},"loc":{"start":{"line":166,"column":46},"end":{"line":190,"column":11}}},"19":{"name":"(anonymous_20)","decl":{"start":{"line":167,"column":31},"end":{"line":167,"column":32}},"loc":{"start":{"line":167,"column":57},"end":{"line":189,"column":13}}},"20":{"name":"(anonymous_21)","decl":{"start":{"line":170,"column":22},"end":{"line":170,"column":23}},"loc":{"start":{"line":170,"column":52},"end":{"line":186,"column":15}}},"21":{"name":"(anonymous_22)","decl":{"start":{"line":174,"column":32},"end":{"line":174,"column":33}},"loc":{"start":{"line":174,"column":42},"end":{"line":177,"column":19}}},"22":{"name":"(anonymous_23)","decl":{"start":{"line":186,"column":23},"end":{"line":186,"column":24}},"loc":{"start":{"line":186,"column":33},"end":{"line":188,"column":15}}},"23":{"name":"(anonymous_24)","decl":{"start":{"line":190,"column":21},"end":{"line":190,"column":23}},"loc":{"start":{"line":190,"column":26},"end":{"line":194,"column":11}}},"24":{"name":"(anonymous_25)","decl":{"start":{"line":194,"column":19},"end":{"line":194,"column":20}},"loc":{"start":{"line":194,"column":29},"end":{"line":200,"column":11}}},"25":{"name":"(anonymous_26)","decl":{"start":{"line":201,"column":17},"end":{"line":201,"column":18}},"loc":{"start":{"line":201,"column":34},"end":{"line":203,"column":9}}},"26":{"name":"(anonymous_27)","decl":{"start":{"line":209,"column":13},"end":{"line":209,"column":14}},"loc":{"start":{"line":209,"column":23},"end":{"line":215,"column":5}}},"27":{"name":"(anonymous_28)","decl":{"start":{"line":219,"column":20},"end":{"line":219,"column":21}},"loc":{"start":{"line":219,"column":34},"end":{"line":249,"column":1}}},"28":{"name":"(anonymous_29)","decl":{"start":{"line":221,"column":21},"end":{"line":221,"column":22}},"loc":{"start":{"line":221,"column":41},"end":{"line":248,"column":3}}},"29":{"name":"(anonymous_30)","decl":{"start":{"line":229,"column":55},"end":{"line":229,"column":57}},"loc":{"start":{"line":229,"column":60},"end":{"line":241,"column":5}}},"30":{"name":"(anonymous_31)","decl":{"start":{"line":241,"column":13},"end":{"line":241,"column":14}},"loc":{"start":{"line":241,"column":23},"end":{"line":247,"column":5}}}},"branchMap":{"0":{"loc":{"start":{"line":47,"column":26},"end":{"line":47,"column":46}},"type":"binary-expr","locations":[{"start":{"line":47,"column":26},"end":{"line":47,"column":46}},{"start":{"line":47,"column":50},"end":{"line":47,"column":74}},{"start":{"line":47,"column":78},"end":{"line":47,"column":91}}]},"1":{"loc":{"start":{"line":55,"column":6},"end":{"line":64,"column":7}},"type":"if","locations":[{"start":{"line":55,"column":6},"end":{"line":64,"column":7}},{"start":{"line":55,"column":6},"end":{"line":64,"column":7}}]},"2":{"loc":{"start":{"line":55,"column":10},"end":{"line":55,"column":53}},"type":"binary-expr","locations":[{"start":{"line":55,"column":10},"end":{"line":55,"column":53}},{"start":{"line":55,"column":57},"end":{"line":55,"column":93}}]},"3":{"loc":{"start":{"line":57,"column":13},"end":{"line":64,"column":7}},"type":"if","locations":[{"start":{"line":57,"column":13},"end":{"line":64,"column":7}},{"start":{"line":57,"column":13},"end":{"line":64,"column":7}}]},"4":{"loc":{"start":{"line":57,"column":17},"end":{"line":57,"column":66}},"type":"binary-expr","locations":[{"start":{"line":57,"column":17},"end":{"line":57,"column":66}},{"start":{"line":57,"column":70},"end":{"line":57,"column":112}}]},"5":{"loc":{"start":{"line":59,"column":13},"end":{"line":64,"column":7}},"type":"if","locations":[{"start":{"line":59,"column":13},"end":{"line":64,"column":7}},{"start":{"line":59,"column":13},"end":{"line":64,"column":7}}]},"6":{"loc":{"start":{"line":76,"column":2},"end":{"line":79,"column":3}},"type":"if","locations":[{"start":{"line":76,"column":2},"end":{"line":79,"column":3}},{"start":{"line":76,"column":2},"end":{"line":79,"column":3}}]},"7":{"loc":{"start":{"line":84,"column":2},"end":{"line":100,"column":3}},"type":"if","locations":[{"start":{"line":84,"column":2},"end":{"line":100,"column":3}},{"start":{"line":84,"column":2},"end":{"line":100,"column":3}}]},"8":{"loc":{"start":{"line":84,"column":6},"end":{"line":84,"column":14}},"type":"binary-expr","locations":[{"start":{"line":84,"column":6},"end":{"line":84,"column":14}},{"start":{"line":84,"column":18},"end":{"line":84,"column":25}}]},"9":{"loc":{"start":{"line":109,"column":23},"end":{"line":109,"column":43}},"type":"binary-expr","locations":[{"start":{"line":109,"column":23},"end":{"line":109,"column":43}},{"start":{"line":109,"column":47},"end":{"line":109,"column":71}},{"start":{"line":109,"column":75},"end":{"line":109,"column":88}}]},"10":{"loc":{"start":{"line":136,"column":6},"end":{"line":204,"column":7}},"type":"if","locations":[{"start":{"line":136,"column":6},"end":{"line":204,"column":7}},{"start":{"line":136,"column":6},"end":{"line":204,"column":7}}]},"11":{"loc":{"start":{"line":142,"column":10},"end":{"line":152,"column":11}},"type":"if","locations":[{"start":{"line":142,"column":10},"end":{"line":152,"column":11}},{"start":{"line":142,"column":10},"end":{"line":152,"column":11}}]},"12":{"loc":{"start":{"line":147,"column":17},"end":{"line":152,"column":11}},"type":"if","locations":[{"start":{"line":147,"column":17},"end":{"line":152,"column":11}},{"start":{"line":147,"column":17},"end":{"line":152,"column":11}}]},"13":{"loc":{"start":{"line":157,"column":12},"end":{"line":161,"column":13}},"type":"if","locations":[{"start":{"line":157,"column":12},"end":{"line":161,"column":13}},{"start":{"line":157,"column":12},"end":{"line":161,"column":13}}]},"14":{"loc":{"start":{"line":157,"column":16},"end":{"line":157,"column":40}},"type":"binary-expr","locations":[{"start":{"line":157,"column":16},"end":{"line":157,"column":40}},{"start":{"line":157,"column":44},"end":{"line":157,"column":80}}]},"15":{"loc":{"start":{"line":172,"column":16},"end":{"line":180,"column":17}},"type":"if","locations":[{"start":{"line":172,"column":16},"end":{"line":180,"column":17}},{"start":{"line":172,"column":16},"end":{"line":180,"column":17}}]},"16":{"loc":{"start":{"line":223,"column":4},"end":{"line":227,"column":5}},"type":"if","locations":[{"start":{"line":223,"column":4},"end":{"line":227,"column":5}},{"start":{"line":223,"column":4},"end":{"line":227,"column":5}}]},"17":{"loc":{"start":{"line":232,"column":6},"end":{"line":236,"column":7}},"type":"if","locations":[{"start":{"line":232,"column":6},"end":{"line":236,"column":7}},{"start":{"line":232,"column":6},"end":{"line":236,"column":7}}]}},"s":{"0":5,"1":5,"2":5,"3":5,"4":5,"5":5,"6":5,"7":5,"8":5,"9":5,"10":5,"11":5,"12":5,"13":5,"14":5,"15":5,"16":5,"17":5,"18":2,"19":2,"20":2,"21":2,"22":2,"23":2,"24":2,"25":2,"26":2,"27":2,"28":2,"29":2,"30":0,"31":0,"32":0,"33":0,"34":0,"35":0,"36":2,"37":0,"38":5,"39":1,"40":1,"41":1,"42":5,"43":1,"44":1,"45":1,"46":1,"47":1,"48":0,"49":0,"50":0,"51":0,"52":0,"53":0,"54":0,"55":5,"56":1,"57":1,"58":0,"59":0,"60":0,"61":5,"62":0,"63":5,"64":2,"65":2,"66":2,"67":2,"68":1,"69":1,"70":1,"71":1,"72":1,"73":1,"74":1,"75":1,"76":1,"77":1,"78":1,"79":1,"80":1,"81":0,"82":0,"83":0,"84":0,"85":1,"86":1,"87":1,"88":1,"89":0,"90":0,"91":1,"92":1,"93":1,"94":1,"95":1,"96":1,"97":1,"98":1,"99":1,"100":1,"101":1,"102":0,"103":0,"104":0,"105":0,"106":1,"107":0,"108":0,"109":0,"110":0,"111":0,"112":1,"113":1,"114":1,"115":5,"116":1,"117":1,"118":0,"119":1,"120":1,"121":1,"122":1,"123":1,"124":1,"125":0,"126":0,"127":0,"128":0,"129":5},"f":{"0":2,"1":2,"2":1,"3":1,"4":0,"5":0,"6":0,"7":1,"8":1,"9":0,"10":0,"11":2,"12":2,"13":1,"14":1,"15":1,"16":0,"17":1,"18":1,"19":1,"20":1,"21":1,"22":0,"23":1,"24":0,"25":0,"26":1,"27":1,"28":1,"29":1,"30":0},"b":{"0":[2,2,2],"1":[2,0],"2":[2,2],"3":[0,0],"4":[0,0],"5":[0,0],"6":[1,0],"7":[1,0],"8":[1,1],"9":[0,0,0],"10":[1,0],"11":[1,0],"12":[0,0],"13":[0,1],"14":[1,1],"15":[1,0],"16":[0,1],"17":[1,0]}}
,"/home/ramanathan/Documents/Contentstack/contentstack-sync-manager/src/core/token-management.ts": {"path":"/home/ramanathan/Documents/Contentstack/contentstack-sync-manager/src/core/token-management.ts","statementMap":{"0":{"start":{"line":7,"column":0},"end":{"line":7,"column":24}},"1":{"start":{"line":8,"column":0},"end":{"line":8,"column":29}},"2":{"start":{"line":9,"column":0},"end":{"line":9,"column":59}},"3":{"start":{"line":10,"column":0},"end":{"line":10,"column":36}},"4":{"start":{"line":11,"column":0},"end":{"line":11,"column":44}},"5":{"start":{"line":13,"column":14},"end":{"line":13,"column":42}},"6":{"start":{"line":27,"column":13},"end":{"line":59,"column":1}},"7":{"start":{"line":28,"column":2},"end":{"line":28,"column":47}},"8":{"start":{"line":30,"column":2},"end":{"line":58,"column":4}},"9":{"start":{"line":31,"column":4},"end":{"line":57,"column":5}},"10":{"start":{"line":32,"column":21},"end":{"line":32,"column":32}},"11":{"start":{"line":33,"column":19},"end":{"line":33,"column":44}},"12":{"start":{"line":35,"column":6},"end":{"line":42,"column":7}},"13":{"start":{"line":36,"column":8},"end":{"line":36,"column":62}},"14":{"start":{"line":37,"column":25},"end":{"line":37,"column":71}},"15":{"start":{"line":39,"column":8},"end":{"line":39,"column":24}},"16":{"start":{"line":41,"column":8},"end":{"line":41,"column":26}},"17":{"start":{"line":44,"column":6},"end":{"line":54,"column":22}},"18":{"start":{"line":45,"column":40},"end":{"line":45,"column":59}},"19":{"start":{"line":46,"column":8},"end":{"line":50,"column":9}},"20":{"start":{"line":47,"column":10},"end":{"line":49,"column":11}},"21":{"start":{"line":48,"column":12},"end":{"line":48,"column":37}},"22":{"start":{"line":51,"column":8},"end":{"line":51,"column":96}},"23":{"start":{"line":53,"column":8},"end":{"line":53,"column":33}},"24":{"start":{"line":56,"column":6},"end":{"line":56,"column":26}},"25":{"start":{"line":61,"column":13},"end":{"line":113,"column":1}},"26":{"start":{"line":62,"column":2},"end":{"line":62,"column":80}},"27":{"start":{"line":64,"column":2},"end":{"line":112,"column":4}},"28":{"start":{"line":65,"column":19},"end":{"line":65,"column":30}},"29":{"start":{"line":67,"column":4},"end":{"line":71,"column":5}},"30":{"start":{"line":68,"column":6},"end":{"line":68,"column":42}},"31":{"start":{"line":70,"column":6},"end":{"line":70,"column":39}},"32":{"start":{"line":72,"column":25},"end":{"line":75,"column":5}},"33":{"start":{"line":77,"column":4},"end":{"line":111,"column":6}},"34":{"start":{"line":78,"column":32},"end":{"line":83,"column":7}},"35":{"start":{"line":85,"column":6},"end":{"line":92,"column":7}},"36":{"start":{"line":86,"column":8},"end":{"line":91,"column":10}},"37":{"start":{"line":90,"column":10},"end":{"line":90,"column":21}},"38":{"start":{"line":94,"column":6},"end":{"line":107,"column":8}},"39":{"start":{"line":95,"column":46},"end":{"line":95,"column":59}},"40":{"start":{"line":96,"column":8},"end":{"line":96,"column":39}},"41":{"start":{"line":98,"column":8},"end":{"line":103,"column":12}},"42":{"start":{"line":102,"column":12},"end":{"line":102,"column":23}},"43":{"start":{"line":106,"column":8},"end":{"line":106,"column":19}},"44":{"start":{"line":110,"column":6},"end":{"line":110,"column":26}}},"fnMap":{"0":{"name":"(anonymous_1)","decl":{"start":{"line":27,"column":30},"end":{"line":27,"column":31}},"loc":{"start":{"line":27,"column":39},"end":{"line":59,"column":1}}},"1":{"name":"(anonymous_2)","decl":{"start":{"line":30,"column":21},"end":{"line":30,"column":22}},"loc":{"start":{"line":30,"column":41},"end":{"line":58,"column":3}}},"2":{"name":"(anonymous_3)","decl":{"start":{"line":44,"column":33},"end":{"line":44,"column":34}},"loc":{"start":{"line":44,"column":42},"end":{"line":54,"column":7}}},"3":{"name":"(anonymous_4)","decl":{"start":{"line":61,"column":25},"end":{"line":61,"column":26}},"loc":{"start":{"line":61,"column":47},"end":{"line":113,"column":1}}},"4":{"name":"(anonymous_5)","decl":{"start":{"line":64,"column":21},"end":{"line":64,"column":22}},"loc":{"start":{"line":64,"column":41},"end":{"line":112,"column":3}}},"5":{"name":"(anonymous_6)","decl":{"start":{"line":77,"column":49},"end":{"line":77,"column":51}},"loc":{"start":{"line":77,"column":54},"end":{"line":108,"column":5}}},"6":{"name":"(anonymous_7)","decl":{"start":{"line":88,"column":15},"end":{"line":88,"column":16}},"loc":{"start":{"line":88,"column":25},"end":{"line":91,"column":9}}},"7":{"name":"(anonymous_8)","decl":{"start":{"line":94,"column":54},"end":{"line":94,"column":55}},"loc":{"start":{"line":94,"column":65},"end":{"line":104,"column":7}}},"8":{"name":"(anonymous_9)","decl":{"start":{"line":100,"column":17},"end":{"line":100,"column":18}},"loc":{"start":{"line":100,"column":27},"end":{"line":103,"column":11}}},"9":{"name":"(anonymous_10)","decl":{"start":{"line":104,"column":15},"end":{"line":104,"column":16}},"loc":{"start":{"line":104,"column":25},"end":{"line":107,"column":7}}},"10":{"name":"(anonymous_11)","decl":{"start":{"line":108,"column":13},"end":{"line":108,"column":14}},"loc":{"start":{"line":108,"column":23},"end":{"line":111,"column":5}}}},"branchMap":{"0":{"loc":{"start":{"line":35,"column":6},"end":{"line":42,"column":7}},"type":"if","locations":[{"start":{"line":35,"column":6},"end":{"line":42,"column":7}},{"start":{"line":35,"column":6},"end":{"line":42,"column":7}}]},"1":{"loc":{"start":{"line":47,"column":10},"end":{"line":49,"column":11}},"type":"if","locations":[{"start":{"line":47,"column":10},"end":{"line":49,"column":11}},{"start":{"line":47,"column":10},"end":{"line":49,"column":11}}]},"2":{"loc":{"start":{"line":67,"column":4},"end":{"line":71,"column":5}},"type":"if","locations":[{"start":{"line":67,"column":4},"end":{"line":71,"column":5}},{"start":{"line":67,"column":4},"end":{"line":71,"column":5}}]},"3":{"loc":{"start":{"line":85,"column":6},"end":{"line":92,"column":7}},"type":"if","locations":[{"start":{"line":85,"column":6},"end":{"line":92,"column":7}},{"start":{"line":85,"column":6},"end":{"line":92,"column":7}}]}},"s":{"0":5,"1":5,"2":5,"3":5,"4":5,"5":5,"6":5,"7":3,"8":3,"9":3,"10":3,"11":3,"12":2,"13":1,"14":1,"15":1,"16":1,"17":1,"18":1,"19":1,"20":1,"21":1,"22":0,"23":0,"24":1,"25":5,"26":3,"27":3,"28":3,"29":3,"30":2,"31":1,"32":3,"33":3,"34":2,"35":2,"36":2,"37":0,"38":0,"39":0,"40":0,"41":0,"42":0,"43":0,"44":0},"f":{"0":3,"1":3,"2":1,"3":3,"4":3,"5":2,"6":0,"7":0,"8":0,"9":0,"10":0},"b":{"0":[1,1],"1":[1,0],"2":[2,1],"3":[2,0]}}
,"/home/ramanathan/Documents/Contentstack/contentstack-sync-manager/src/util/build-paths.ts": {"path":"/home/ramanathan/Documents/Contentstack/contentstack-sync-manager/src/util/build-paths.ts","statementMap":{"0":{"start":{"line":7,"column":0},"end":{"line":7,"column":35}},"1":{"start":{"line":9,"column":13},"end":{"line":24,"column":1}},"2":{"start":{"line":10,"column":18},"end":{"line":10,"column":31}},"3":{"start":{"line":11,"column":16},"end":{"line":21,"column":3}},"4":{"start":{"line":23,"column":2},"end":{"line":23,"column":14}}},"fnMap":{"0":{"name":"(anonymous_0)","decl":{"start":{"line":9,"column":32},"end":{"line":9,"column":34}},"loc":{"start":{"line":9,"column":37},"end":{"line":24,"column":1}}}},"branchMap":{"0":{"loc":{"start":{"line":15,"column":26},"end":{"line":15,"column":49}},"type":"binary-expr","locations":[{"start":{"line":15,"column":26},"end":{"line":15,"column":49}},{"start":{"line":15,"column":53},"end":{"line":15,"column":60}}]}},"s":{"0":7,"1":7,"2":11,"3":11,"4":11},"f":{"0":11},"b":{"0":[11,0]}}
,"/home/ramanathan/Documents/Contentstack/contentstack-sync-manager/src/util/core-utilities.ts": {"path":"/home/ramanathan/Documents/Contentstack/contentstack-sync-manager/src/util/core-utilities.ts","statementMap":{"0":{"start":{"line":7,"column":0},"end":{"line":7,"column":35}},"1":{"start":{"line":8,"column":0},"end":{"line":8,"column":54}},"2":{"start":{"line":9,"column":0},"end":{"line":9,"column":30}},"3":{"start":{"line":10,"column":0},"end":{"line":10,"column":38}},"4":{"start":{"line":12,"column":27},"end":{"line":12,"column":36}},"5":{"start":{"line":13,"column":29},"end":{"line":13,"column":45}},"6":{"start":{"line":14,"column":18},"end":{"line":14,"column":30}},"7":{"start":{"line":16,"column":13},"end":{"line":46,"column":1}},"8":{"start":{"line":16,"column":54},"end":{"line":46,"column":1}},"9":{"start":{"line":17,"column":2},"end":{"line":45,"column":4}},"10":{"start":{"line":18,"column":4},"end":{"line":44,"column":5}},"11":{"start":{"line":19,"column":22},"end":{"line":19,"column":49}},"12":{"start":{"line":20,"column":30},"end":{"line":26,"column":8}},"13":{"start":{"line":21,"column":8},"end":{"line":23,"column":9}},"14":{"start":{"line":22,"column":10},"end":{"line":22,"column":82}},"15":{"start":{"line":25,"column":8},"end":{"line":25,"column":20}},"16":{"start":{"line":28,"column":6},"end":{"line":30,"column":7}},"17":{"start":{"line":29,"column":8},"end":{"line":29,"column":24}},"18":{"start":{"line":34,"column":6},"end":{"line":38,"column":7}},"19":{"start":{"line":35,"column":8},"end":{"line":35,"column":33}},"20":{"start":{"line":37,"column":8},"end":{"line":37,"column":27}},"21":{"start":{"line":40,"column":6},"end":{"line":41,"column":36}},"22":{"start":{"line":43,"column":6},"end":{"line":43,"column":26}},"23":{"start":{"line":48,"column":13},"end":{"line":62,"column":1}},"24":{"start":{"line":49,"column":17},"end":{"line":49,"column":19}},"25":{"start":{"line":50,"column":2},"end":{"line":59,"column":4}},"26":{"start":{"line":51,"column":4},"end":{"line":53,"column":5}},"27":{"start":{"line":52,"column":6},"end":{"line":52,"column":48}},"28":{"start":{"line":54,"column":4},"end":{"line":58,"column":5}},"29":{"start":{"line":55,"column":6},"end":{"line":55,"column":46}},"30":{"start":{"line":57,"column":6},"end":{"line":57,"column":44}},"31":{"start":{"line":61,"column":2},"end":{"line":61,"column":15}},"32":{"start":{"line":64,"column":13},"end":{"line":121,"column":1}},"33":{"start":{"line":65,"column":30},"end":{"line":65,"column":32}},"34":{"start":{"line":66,"column":2},"end":{"line":115,"column":4}},"35":{"start":{"line":67,"column":4},"end":{"line":114,"column":5}},"36":{"start":{"line":69,"column":8},"end":{"line":69,"column":50}},"37":{"start":{"line":70,"column":8},"end":{"line":70,"column":57}},"38":{"start":{"line":71,"column":8},"end":{"line":71,"column":54}},"39":{"start":{"line":72,"column":8},"end":{"line":72,"column":32}},"40":{"start":{"line":73,"column":8},"end":{"line":73,"column":13}},"41":{"start":{"line":75,"column":8},"end":{"line":75,"column":50}},"42":{"start":{"line":76,"column":8},"end":{"line":76,"column":59}},"43":{"start":{"line":77,"column":8},"end":{"line":77,"column":38}},"44":{"start":{"line":78,"column":8},"end":{"line":78,"column":32}},"45":{"start":{"line":79,"column":8},"end":{"line":79,"column":13}},"46":{"start":{"line":81,"column":8},"end":{"line":81,"column":50}},"47":{"start":{"line":82,"column":8},"end":{"line":82,"column":56}},"48":{"start":{"line":83,"column":8},"end":{"line":83,"column":38}},"49":{"start":{"line":84,"column":8},"end":{"line":84,"column":32}},"50":{"start":{"line":85,"column":8},"end":{"line":85,"column":13}},"51":{"start":{"line":87,"column":8},"end":{"line":87,"column":57}},"52":{"start":{"line":88,"column":8},"end":{"line":88,"column":54}},"53":{"start":{"line":89,"column":8},"end":{"line":89,"column":32}},"54":{"start":{"line":90,"column":8},"end":{"line":90,"column":13}},"55":{"start":{"line":92,"column":8},"end":{"line":92,"column":59}},"56":{"start":{"line":93,"column":8},"end":{"line":93,"column":38}},"57":{"start":{"line":94,"column":8},"end":{"line":94,"column":32}},"58":{"start":{"line":95,"column":8},"end":{"line":95,"column":13}},"59":{"start":{"line":97,"column":8},"end":{"line":97,"column":56}},"60":{"start":{"line":98,"column":8},"end":{"line":98,"column":38}},"61":{"start":{"line":99,"column":8},"end":{"line":99,"column":32}},"62":{"start":{"line":100,"column":8},"end":{"line":100,"column":13}},"63":{"start":{"line":102,"column":24},"end":{"line":102,"column":51}},"64":{"start":{"line":103,"column":8},"end":{"line":110,"column":10}},"65":{"start":{"line":104,"column":29},"end":{"line":104,"column":51}},"66":{"start":{"line":105,"column":10},"end":{"line":105,"column":64}},"67":{"start":{"line":106,"column":10},"end":{"line":106,"column":36}},"68":{"start":{"line":107,"column":10},"end":{"line":107,"column":54}},"69":{"start":{"line":108,"column":10},"end":{"line":108,"column":60}},"70":{"start":{"line":109,"column":10},"end":{"line":109,"column":46}},"71":{"start":{"line":111,"column":8},"end":{"line":111,"column":13}},"72":{"start":{"line":113,"column":8},"end":{"line":113,"column":13}},"73":{"start":{"line":117,"column":2},"end":{"line":119,"column":4}},"74":{"start":{"line":118,"column":4},"end":{"line":118,"column":47}},"75":{"start":{"line":120,"column":2},"end":{"line":120,"column":35}},"76":{"start":{"line":123,"column":13},"end":{"line":165,"column":1}},"77":{"start":{"line":124,"column":20},"end":{"line":124,"column":87}},"78":{"start":{"line":125,"column":21},"end":{"line":125,"column":44}},"79":{"start":{"line":126,"column":26},"end":{"line":126,"column":51}},"80":{"start":{"line":127,"column":2},"end":{"line":155,"column":3}},"81":{"start":{"line":128,"column":18},"end":{"line":128,"column":50}},"82":{"start":{"line":130,"column":4},"end":{"line":133,"column":5}},"83":{"start":{"line":135,"column":4},"end":{"line":135,"column":10}},"84":{"start":{"line":136,"column":9},"end":{"line":155,"column":3}},"85":{"start":{"line":137,"column":18},"end":{"line":137,"column":50}},"86":{"start":{"line":139,"column":4},"end":{"line":142,"column":5}},"87":{"start":{"line":144,"column":4},"end":{"line":144,"column":10}},"88":{"start":{"line":145,"column":9},"end":{"line":155,"column":3}},"89":{"start":{"line":147,"column":22},"end":{"line":147,"column":54}},"90":{"start":{"line":149,"column":8},"end":{"line":152,"column":9}},"91":{"start":{"line":154,"column":8},"end":{"line":154,"column":14}},"92":{"start":{"line":157,"column":29},"end":{"line":157,"column":72}},"93":{"start":{"line":158,"column":18},"end":{"line":158,"column":50}},"94":{"start":{"line":159,"column":2},"end":{"line":162,"column":3}},"95":{"start":{"line":164,"column":2},"end":{"line":164,"column":8}}},"fnMap":{"0":{"name":"(anonymous_6)","decl":{"start":{"line":16,"column":27},"end":{"line":16,"column":34}},"loc":{"start":{"line":16,"column":54},"end":{"line":46,"column":1}}},"1":{"name":"(anonymous_7)","decl":{"start":{"line":16,"column":54},"end":{"line":null,"column":-1}},"loc":{"start":{"line":16,"column":54},"end":{"line":46,"column":1}}},"2":{"name":"(anonymous_8)","decl":{"start":{"line":17,"column":21},"end":{"line":17,"column":22}},"loc":{"start":{"line":17,"column":41},"end":{"line":45,"column":3}}},"3":{"name":"(anonymous_9)","decl":{"start":{"line":20,"column":53},"end":{"line":20,"column":54}},"loc":{"start":{"line":20,"column":62},"end":{"line":26,"column":7}}},"4":{"name":"(anonymous_10)","decl":{"start":{"line":48,"column":26},"end":{"line":48,"column":27}},"loc":{"start":{"line":48,"column":36},"end":{"line":62,"column":1}}},"5":{"name":"(anonymous_11)","decl":{"start":{"line":50,"column":16},"end":{"line":50,"column":17}},"loc":{"start":{"line":50,"column":25},"end":{"line":59,"column":3}}},"6":{"name":"(anonymous_12)","decl":{"start":{"line":64,"column":27},"end":{"line":64,"column":28}},"loc":{"start":{"line":64,"column":45},"end":{"line":121,"column":1}}},"7":{"name":"(anonymous_13)","decl":{"start":{"line":66,"column":16},"end":{"line":66,"column":17}},"loc":{"start":{"line":66,"column":25},"end":{"line":115,"column":3}}},"8":{"name":"(anonymous_14)","decl":{"start":{"line":103,"column":24},"end":{"line":103,"column":25}},"loc":{"start":{"line":103,"column":35},"end":{"line":110,"column":9}}},"9":{"name":"(anonymous_15)","decl":{"start":{"line":117,"column":16},"end":{"line":117,"column":17}},"loc":{"start":{"line":117,"column":30},"end":{"line":119,"column":3}}},"10":{"name":"(anonymous_16)","decl":{"start":{"line":123,"column":30},"end":{"line":123,"column":31}},"loc":{"start":{"line":123,"column":61},"end":{"line":165,"column":1}}}},"branchMap":{"0":{"loc":{"start":{"line":21,"column":8},"end":{"line":23,"column":9}},"type":"if","locations":[{"start":{"line":21,"column":8},"end":{"line":23,"column":9}},{"start":{"line":21,"column":8},"end":{"line":23,"column":9}}]},"1":{"loc":{"start":{"line":28,"column":6},"end":{"line":30,"column":7}},"type":"if","locations":[{"start":{"line":28,"column":6},"end":{"line":30,"column":7}},{"start":{"line":28,"column":6},"end":{"line":30,"column":7}}]},"2":{"loc":{"start":{"line":34,"column":6},"end":{"line":38,"column":7}},"type":"if","locations":[{"start":{"line":34,"column":6},"end":{"line":38,"column":7}},{"start":{"line":34,"column":6},"end":{"line":38,"column":7}}]},"3":{"loc":{"start":{"line":51,"column":4},"end":{"line":53,"column":5}},"type":"if","locations":[{"start":{"line":51,"column":4},"end":{"line":53,"column":5}},{"start":{"line":51,"column":4},"end":{"line":53,"column":5}}]},"4":{"loc":{"start":{"line":54,"column":4},"end":{"line":58,"column":5}},"type":"if","locations":[{"start":{"line":54,"column":4},"end":{"line":58,"column":5}},{"start":{"line":54,"column":4},"end":{"line":58,"column":5}}]},"5":{"loc":{"start":{"line":68,"column":6},"end":{"line":73,"column":13}},"type":"switch","locations":[{"start":{"line":68,"column":6},"end":{"line":73,"column":13}},{"start":{"line":74,"column":6},"end":{"line":79,"column":13}},{"start":{"line":80,"column":6},"end":{"line":85,"column":13}},{"start":{"line":86,"column":6},"end":{"line":90,"column":13}},{"start":{"line":91,"column":6},"end":{"line":95,"column":13}},{"start":{"line":96,"column":6},"end":{"line":100,"column":13}},{"start":{"line":101,"column":6},"end":{"line":111,"column":13}},{"start":{"line":112,"column":6},"end":{"line":113,"column":13}}]},"6":{"loc":{"start":{"line":124,"column":54},"end":{"line":124,"column":72}},"type":"cond-expr","locations":[{"start":{"line":124,"column":54},"end":{"line":124,"column":72}},{"start":{"line":124,"column":75},"end":{"line":124,"column":87}}]},"7":{"loc":{"start":{"line":127,"column":2},"end":{"line":155,"column":3}},"type":"if","locations":[{"start":{"line":127,"column":2},"end":{"line":155,"column":3}},{"start":{"line":127,"column":2},"end":{"line":155,"column":3}}]},"8":{"loc":{"start":{"line":127,"column":6},"end":{"line":127,"column":34}},"type":"binary-expr","locations":[{"start":{"line":127,"column":6},"end":{"line":127,"column":34}},{"start":{"line":127,"column":38},"end":{"line":127,"column":70}}]},"9":{"loc":{"start":{"line":136,"column":9},"end":{"line":155,"column":3}},"type":"if","locations":[{"start":{"line":136,"column":9},"end":{"line":155,"column":3}},{"start":{"line":136,"column":9},"end":{"line":155,"column":3}}]},"10":{"loc":{"start":{"line":136,"column":13},"end":{"line":136,"column":41}},"type":"binary-expr","locations":[{"start":{"line":136,"column":13},"end":{"line":136,"column":41}},{"start":{"line":136,"column":45},"end":{"line":136,"column":84}}]},"11":{"loc":{"start":{"line":145,"column":9},"end":{"line":155,"column":3}},"type":"if","locations":[{"start":{"line":145,"column":9},"end":{"line":155,"column":3}},{"start":{"line":145,"column":9},"end":{"line":155,"column":3}}]},"12":{"loc":{"start":{"line":145,"column":13},"end":{"line":145,"column":41}},"type":"binary-expr","locations":[{"start":{"line":145,"column":13},"end":{"line":145,"column":41}},{"start":{"line":145,"column":46},"end":{"line":145,"column":87}},{"start":{"line":145,"column":91},"end":{"line":146,"column":23}}]}},"s":{"0":5,"1":5,"2":5,"3":5,"4":5,"5":5,"6":5,"7":5,"8":2,"9":2,"10":2,"11":2,"12":2,"13":5,"14":5,"15":0,"16":2,"17":1,"18":1,"19":1,"20":0,"21":1,"22":0,"23":5,"24":1,"25":1,"26":2,"27":0,"28":2,"29":0,"30":2,"31":1,"32":5,"33":7,"34":7,"35":8,"36":2,"37":2,"38":2,"39":2,"40":2,"41":1,"42":1,"43":1,"44":1,"45":1,"46":1,"47":1,"48":1,"49":1,"50":1,"51":2,"52":2,"53":2,"54":2,"55":1,"56":1,"57":1,"58":1,"59":1,"60":1,"61":1,"62":1,"63":0,"64":0,"65":0,"66":0,"67":0,"68":0,"69":0,"70":0,"71":0,"72":0,"73":7,"74":8,"75":7,"76":5,"77":1,"78":1,"79":1,"80":1,"81":0,"82":0,"83":0,"84":1,"85":0,"86":0,"87":0,"88":1,"89":1,"90":1,"91":1,"92":0,"93":0,"94":0,"95":0},"f":{"0":2,"1":2,"2":2,"3":5,"4":1,"5":2,"6":7,"7":8,"8":0,"9":8,"10":1},"b":{"0":[5,0],"1":[1,1],"2":[1,0],"3":[0,2],"4":[0,2],"5":[2,1,1,2,1,1,0,0],"6":[0,1],"7":[0,1],"8":[1,0],"9":[0,1],"10":[1,0],"11":[1,0],"12":[1,1,1]}}
,"/home/ramanathan/Documents/Contentstack/contentstack-sync-manager/src/util/fs.ts": {"path":"/home/ramanathan/Documents/Contentstack/contentstack-sync-manager/src/util/fs.ts","statementMap":{"0":{"start":{"line":7,"column":0},"end":{"line":7,"column":30}},"1":{"start":{"line":8,"column":0},"end":{"line":8,"column":73}},"2":{"start":{"line":14,"column":9},"end":{"line":14,"column":19}},"3":{"start":{"line":9,"column":0},"end":{"line":9,"column":26}},"4":{"start":{"line":10,"column":0},"end":{"line":10,"column":29}},"5":{"start":{"line":11,"column":0},"end":{"line":11,"column":46}},"6":{"start":{"line":12,"column":0},"end":{"line":12,"column":38}},"7":{"start":{"line":15,"column":14},"end":{"line":15,"column":33}},"8":{"start":{"line":17,"column":13},"end":{"line":40,"column":1}},"9":{"start":{"line":18,"column":2},"end":{"line":18,"column":43}},"10":{"start":{"line":20,"column":2},"end":{"line":39,"column":4}},"11":{"start":{"line":21,"column":4},"end":{"line":38,"column":5}},"12":{"start":{"line":22,"column":28},"end":{"line":22,"column":45}},"13":{"start":{"line":24,"column":6},"end":{"line":26,"column":7}},"14":{"start":{"line":25,"column":8},"end":{"line":25,"column":34}},"15":{"start":{"line":28,"column":6},"end":{"line":34,"column":8}},"16":{"start":{"line":29,"column":8},"end":{"line":31,"column":9}},"17":{"start":{"line":30,"column":10},"end":{"line":30,"column":32}},"18":{"start":{"line":33,"column":8},"end":{"line":33,"column":24}},"19":{"start":{"line":37,"column":6},"end":{"line":37,"column":35}},"20":{"start":{"line":42,"column":13},"end":{"line":68,"column":1}},"21":{"start":{"line":43,"column":2},"end":{"line":43,"column":42}},"22":{"start":{"line":45,"column":2},"end":{"line":67,"column":4}},"23":{"start":{"line":46,"column":4},"end":{"line":66,"column":5}},"24":{"start":{"line":47,"column":6},"end":{"line":63,"column":8}},"25":{"start":{"line":48,"column":8},"end":{"line":58,"column":9}},"26":{"start":{"line":49,"column":10},"end":{"line":49,"column":30}},"27":{"start":{"line":50,"column":15},"end":{"line":58,"column":9}},"28":{"start":{"line":51,"column":10},"end":{"line":57,"column":12}},"29":{"start":{"line":52,"column":12},"end":{"line":54,"column":13}},"30":{"start":{"line":53,"column":14},"end":{"line":53,"column":36}},"31":{"start":{"line":56,"column":12},"end":{"line":56,"column":32}},"32":{"start":{"line":59,"column":25},"end":{"line":59,"column":114}},"33":{"start":{"line":60,"column":8},"end":{"line":60,"column":26}},"34":{"start":{"line":62,"column":8},"end":{"line":62,"column":26}},"35":{"start":{"line":65,"column":6},"end":{"line":65,"column":26}},"36":{"start":{"line":70,"column":13},"end":{"line":78,"column":1}},"37":{"start":{"line":71,"column":2},"end":{"line":71,"column":47}},"38":{"start":{"line":72,"column":2},"end":{"line":74,"column":3}},"39":{"start":{"line":73,"column":4},"end":{"line":73,"column":24}},"40":{"start":{"line":75,"column":19},"end":{"line":75,"column":108}},"41":{"start":{"line":76,"column":2},"end":{"line":76,"column":21}},"42":{"start":{"line":77,"column":2},"end":{"line":77,"column":11}},"43":{"start":{"line":80,"column":13},"end":{"line":96,"column":1}},"44":{"start":{"line":81,"column":2},"end":{"line":81,"column":34}},"45":{"start":{"line":83,"column":2},"end":{"line":95,"column":4}},"46":{"start":{"line":84,"column":4},"end":{"line":94,"column":5}},"47":{"start":{"line":85,"column":6},"end":{"line":91,"column":8}},"48":{"start":{"line":86,"column":8},"end":{"line":88,"column":9}},"49":{"start":{"line":87,"column":10},"end":{"line":87,"column":30}},"50":{"start":{"line":90,"column":8},"end":{"line":90,"column":24}},"51":{"start":{"line":93,"column":6},"end":{"line":93,"column":26}}},"fnMap":{"0":{"name":"(anonymous_1)","decl":{"start":{"line":17,"column":25},"end":{"line":17,"column":26}},"loc":{"start":{"line":17,"column":44},"end":{"line":40,"column":1}}},"1":{"name":"(anonymous_2)","decl":{"start":{"line":20,"column":21},"end":{"line":20,"column":22}},"loc":{"start":{"line":20,"column":41},"end":{"line":39,"column":3}}},"2":{"name":"(anonymous_3)","decl":{"start":{"line":28,"column":92},"end":{"line":28,"column":93}},"loc":{"start":{"line":28,"column":104},"end":{"line":34,"column":7}}},"3":{"name":"(anonymous_4)","decl":{"start":{"line":42,"column":24},"end":{"line":42,"column":25}},"loc":{"start":{"line":42,"column":37},"end":{"line":68,"column":1}}},"4":{"name":"(anonymous_5)","decl":{"start":{"line":45,"column":21},"end":{"line":45,"column":22}},"loc":{"start":{"line":45,"column":41},"end":{"line":67,"column":3}}},"5":{"name":"(anonymous_6)","decl":{"start":{"line":47,"column":28},"end":{"line":47,"column":29}},"loc":{"start":{"line":47,"column":45},"end":{"line":63,"column":7}}},"6":{"name":"(anonymous_7)","decl":{"start":{"line":51,"column":30},"end":{"line":51,"column":31}},"loc":{"start":{"line":51,"column":48},"end":{"line":57,"column":11}}},"7":{"name":"(anonymous_8)","decl":{"start":{"line":70,"column":28},"end":{"line":70,"column":29}},"loc":{"start":{"line":70,"column":41},"end":{"line":78,"column":1}}},"8":{"name":"(anonymous_9)","decl":{"start":{"line":80,"column":21},"end":{"line":80,"column":22}},"loc":{"start":{"line":80,"column":30},"end":{"line":96,"column":1}}},"9":{"name":"(anonymous_10)","decl":{"start":{"line":83,"column":21},"end":{"line":83,"column":22}},"loc":{"start":{"line":83,"column":41},"end":{"line":95,"column":3}}},"10":{"name":"(anonymous_11)","decl":{"start":{"line":85,"column":26},"end":{"line":85,"column":27}},"loc":{"start":{"line":85,"column":36},"end":{"line":91,"column":7}}}},"branchMap":{"0":{"loc":{"start":{"line":24,"column":6},"end":{"line":26,"column":7}},"type":"if","locations":[{"start":{"line":24,"column":6},"end":{"line":26,"column":7}},{"start":{"line":24,"column":6},"end":{"line":26,"column":7}}]},"1":{"loc":{"start":{"line":28,"column":68},"end":{"line":28,"column":83}},"type":"cond-expr","locations":[{"start":{"line":28,"column":68},"end":{"line":28,"column":83}},{"start":{"line":28,"column":86},"end":{"line":28,"column":90}}]},"2":{"loc":{"start":{"line":29,"column":8},"end":{"line":31,"column":9}},"type":"if","locations":[{"start":{"line":29,"column":8},"end":{"line":31,"column":9}},{"start":{"line":29,"column":8},"end":{"line":31,"column":9}}]},"3":{"loc":{"start":{"line":48,"column":8},"end":{"line":58,"column":9}},"type":"if","locations":[{"start":{"line":48,"column":8},"end":{"line":58,"column":9}},{"start":{"line":48,"column":8},"end":{"line":58,"column":9}}]},"4":{"loc":{"start":{"line":50,"column":15},"end":{"line":58,"column":9}},"type":"if","locations":[{"start":{"line":50,"column":15},"end":{"line":58,"column":9}},{"start":{"line":50,"column":15},"end":{"line":58,"column":9}}]},"5":{"loc":{"start":{"line":52,"column":12},"end":{"line":54,"column":13}},"type":"if","locations":[{"start":{"line":52,"column":12},"end":{"line":54,"column":13}},{"start":{"line":52,"column":12},"end":{"line":54,"column":13}}]},"6":{"loc":{"start":{"line":72,"column":2},"end":{"line":74,"column":3}},"type":"if","locations":[{"start":{"line":72,"column":2},"end":{"line":74,"column":3}},{"start":{"line":72,"column":2},"end":{"line":74,"column":3}}]},"7":{"loc":{"start":{"line":86,"column":8},"end":{"line":88,"column":9}},"type":"if","locations":[{"start":{"line":86,"column":8},"end":{"line":88,"column":9}},{"start":{"line":86,"column":8},"end":{"line":88,"column":9}}]}},"s":{"0":7,"1":7,"2":7,"3":7,"4":7,"5":7,"6":7,"7":7,"8":7,"9":9,"10":9,"11":9,"12":9,"13":8,"14":2,"15":8,"16":7,"17":0,"18":7,"19":1,"20":7,"21":3,"22":3,"23":3,"24":3,"25":3,"26":1,"27":2,"28":2,"29":2,"30":0,"31":2,"32":0,"33":0,"34":0,"35":0,"36":7,"37":2,"38":2,"39":1,"40":1,"41":1,"42":1,"43":7,"44":1,"45":1,"46":1,"47":1,"48":1,"49":0,"50":1,"51":0},"f":{"0":9,"1":9,"2":7,"3":3,"4":3,"5":3,"6":2,"7":2,"8":1,"9":1,"10":1},"b":{"0":[2,6],"1":[1,7],"2":[0,7],"3":[1,2],"4":[2,0],"5":[0,2],"6":[1,1],"7":[0,1]}}
,"/home/ramanathan/Documents/Contentstack/contentstack-sync-manager/src/util/parse.ts": {"path":"/home/ramanathan/Documents/Contentstack/contentstack-sync-manager/src/util/parse.ts","statementMap":{"0":{"start":{"line":7,"column":13},"end":{"line":15,"column":1}},"1":{"start":{"line":8,"column":2},"end":{"line":14,"column":3}},"2":{"start":{"line":9,"column":4},"end":{"line":9,"column":27}},"3":{"start":{"line":13,"column":4},"end":{"line":13,"column":15}}},"fnMap":{"0":{"name":"(anonymous_0)","decl":{"start":{"line":7,"column":21},"end":{"line":7,"column":22}},"loc":{"start":{"line":7,"column":30},"end":{"line":15,"column":1}}}},"branchMap":{},"s":{"0":6,"1":5,"2":5,"3":0},"f":{"0":5},"b":{}}
,"/home/ramanathan/Documents/Contentstack/contentstack-sync-manager/src/util/promise.map.ts": {"path":"/home/ramanathan/Documents/Contentstack/contentstack-sync-manager/src/util/promise.map.ts","statementMap":{"0":{"start":{"line":7,"column":13},"end":{"line":25,"column":1}},"1":{"start":{"line":8,"column":2},"end":{"line":24,"column":4}},"2":{"start":{"line":9,"column":4},"end":{"line":11,"column":5}},"3":{"start":{"line":10,"column":6},"end":{"line":10,"column":34}},"4":{"start":{"line":12,"column":4},"end":{"line":17,"column":5}},"5":{"start":{"line":13,"column":6},"end":{"line":15,"column":7}},"6":{"start":{"line":14,"column":8},"end":{"line":14,"column":13}},"7":{"start":{"line":16,"column":6},"end":{"line":16,"column":40}},"8":{"start":{"line":19,"column":4},"end":{"line":23,"column":20}},"9":{"start":{"line":20,"column":6},"end":{"line":22,"column":22}}},"fnMap":{"0":{"name":"(anonymous_0)","decl":{"start":{"line":7,"column":19},"end":{"line":7,"column":20}},"loc":{"start":{"line":7,"column":67},"end":{"line":25,"column":1}}},"1":{"name":"(anonymous_1)","decl":{"start":{"line":8,"column":21},"end":{"line":8,"column":22}},"loc":{"start":{"line":8,"column":41},"end":{"line":24,"column":3}}},"2":{"name":"(anonymous_2)","decl":{"start":{"line":19,"column":42},"end":{"line":19,"column":44}},"loc":{"start":{"line":19,"column":47},"end":{"line":23,"column":5}}}},"branchMap":{"0":{"loc":{"start":{"line":7,"column":43},"end":{"line":7,"column":44}},"type":"default-arg","locations":[{"start":{"line":7,"column":43},"end":{"line":7,"column":44}}]},"1":{"loc":{"start":{"line":7,"column":61},"end":{"line":7,"column":63}},"type":"default-arg","locations":[{"start":{"line":7,"column":61},"end":{"line":7,"column":63}}]},"2":{"loc":{"start":{"line":9,"column":4},"end":{"line":11,"column":5}},"type":"if","locations":[{"start":{"line":9,"column":4},"end":{"line":11,"column":5}},{"start":{"line":9,"column":4},"end":{"line":11,"column":5}}]},"3":{"loc":{"start":{"line":13,"column":6},"end":{"line":15,"column":7}},"type":"if","locations":[{"start":{"line":13,"column":6},"end":{"line":15,"column":7}},{"start":{"line":13,"column":6},"end":{"line":15,"column":7}}]}},"s":{"0":5,"1":2,"2":2,"3":1,"4":1,"5":2,"6":1,"7":1,"8":1,"9":1},"f":{"0":2,"1":2,"2":1},"b":{"0":[0],"1":[1],"2":[1,1],"3":[1,1]}}
,"/home/ramanathan/Documents/Contentstack/contentstack-sync-manager/src/util/stringify.ts": {"path":"/home/ramanathan/Documents/Contentstack/contentstack-sync-manager/src/util/stringify.ts","statementMap":{"0":{"start":{"line":7,"column":13},"end":{"line":17,"column":1}},"1":{"start":{"line":8,"column":2},"end":{"line":14,"column":3}},"2":{"start":{"line":9,"column":4},"end":{"line":11,"column":5}},"3":{"start":{"line":10,"column":6},"end":{"line":10,"column":26}},"4":{"start":{"line":13,"column":4},"end":{"line":13,"column":32}},"5":{"start":{"line":16,"column":2},"end":{"line":16,"column":25}}},"fnMap":{"0":{"name":"(anonymous_0)","decl":{"start":{"line":7,"column":25},"end":{"line":7,"column":26}},"loc":{"start":{"line":7,"column":35},"end":{"line":17,"column":1}}}},"branchMap":{"0":{"loc":{"start":{"line":8,"column":2},"end":{"line":14,"column":3}},"type":"if","locations":[{"start":{"line":8,"column":2},"end":{"line":14,"column":3}},{"start":{"line":8,"column":2},"end":{"line":14,"column":3}}]},"1":{"loc":{"start":{"line":9,"column":4},"end":{"line":11,"column":5}},"type":"if","locations":[{"start":{"line":9,"column":4},"end":{"line":11,"column":5}},{"start":{"line":9,"column":4},"end":{"line":11,"column":5}}]}},"s":{"0":8,"1":21,"2":21,"3":2,"4":19,"5":0},"f":{"0":21},"b":{"0":[21,0],"1":[2,19]}}
,"/home/ramanathan/Documents/Contentstack/contentstack-sync-manager/src/util/validations.ts": {"path":"/home/ramanathan/Documents/Contentstack/contentstack-sync-manager/src/util/validations.ts","statementMap":{"0":{"start":{"line":7,"column":0},"end":{"line":7,"column":29}},"1":{"start":{"line":9,"column":27},"end":{"line":9,"column":80}},"2":{"start":{"line":10,"column":27},"end":{"line":10,"column":62}},"3":{"start":{"line":11,"column":33},"end":{"line":11,"column":54}},"4":{"start":{"line":12,"column":28},"end":{"line":14,"column":1}},"5":{"start":{"line":16,"column":13},"end":{"line":28,"column":1}},"6":{"start":{"line":17,"column":2},"end":{"line":21,"column":4}},"7":{"start":{"line":18,"column":4},"end":{"line":20,"column":5}},"8":{"start":{"line":19,"column":6},"end":{"line":19,"column":64}},"9":{"start":{"line":22,"column":2},"end":{"line":24,"column":3}},"10":{"start":{"line":23,"column":4},"end":{"line":23,"column":75}},"11":{"start":{"line":25,"column":2},"end":{"line":27,"column":3}},"12":{"start":{"line":26,"column":4},"end":{"line":26,"column":105}},"13":{"start":{"line":30,"column":13},"end":{"line":40,"column":1}},"14":{"start":{"line":31,"column":2},"end":{"line":39,"column":3}},"15":{"start":{"line":32,"column":4},"end":{"line":32,"column":86}},"16":{"start":{"line":33,"column":9},"end":{"line":39,"column":3}},"17":{"start":{"line":34,"column":4},"end":{"line":34,"column":88}},"18":{"start":{"line":35,"column":9},"end":{"line":39,"column":3}},"19":{"start":{"line":36,"column":4},"end":{"line":36,"column":80}},"20":{"start":{"line":37,"column":9},"end":{"line":39,"column":3}},"21":{"start":{"line":38,"column":4},"end":{"line":38,"column":86}},"22":{"start":{"line":42,"column":13},"end":{"line":48,"column":1}},"23":{"start":{"line":43,"column":2},"end":{"line":47,"column":4}},"24":{"start":{"line":44,"column":4},"end":{"line":46,"column":5}},"25":{"start":{"line":45,"column":6},"end":{"line":45,"column":89}},"26":{"start":{"line":50,"column":13},"end":{"line":56,"column":1}},"27":{"start":{"line":51,"column":2},"end":{"line":55,"column":4}},"28":{"start":{"line":52,"column":4},"end":{"line":54,"column":5}},"29":{"start":{"line":53,"column":6},"end":{"line":53,"column":87}},"30":{"start":{"line":58,"column":13},"end":{"line":64,"column":1}},"31":{"start":{"line":59,"column":2},"end":{"line":63,"column":4}},"32":{"start":{"line":60,"column":4},"end":{"line":62,"column":5}},"33":{"start":{"line":61,"column":6},"end":{"line":61,"column":80}}},"fnMap":{"0":{"name":"(anonymous_0)","decl":{"start":{"line":16,"column":30},"end":{"line":16,"column":31}},"loc":{"start":{"line":16,"column":41},"end":{"line":28,"column":1}}},"1":{"name":"(anonymous_1)","decl":{"start":{"line":17,"column":30},"end":{"line":17,"column":31}},"loc":{"start":{"line":17,"column":38},"end":{"line":21,"column":3}}},"2":{"name":"(anonymous_2)","decl":{"start":{"line":30,"column":33},"end":{"line":30,"column":34}},"loc":{"start":{"line":30,"column":80},"end":{"line":40,"column":1}}},"3":{"name":"(anonymous_3)","decl":{"start":{"line":42,"column":40},"end":{"line":42,"column":41}},"loc":{"start":{"line":42,"column":53},"end":{"line":48,"column":1}}},"4":{"name":"(anonymous_4)","decl":{"start":{"line":43,"column":29},"end":{"line":43,"column":30}},"loc":{"start":{"line":43,"column":44},"end":{"line":47,"column":3}}},"5":{"name":"(anonymous_5)","decl":{"start":{"line":50,"column":38},"end":{"line":50,"column":39}},"loc":{"start":{"line":50,"column":51},"end":{"line":56,"column":1}}},"6":{"name":"(anonymous_6)","decl":{"start":{"line":51,"column":29},"end":{"line":51,"column":30}},"loc":{"start":{"line":51,"column":44},"end":{"line":55,"column":3}}},"7":{"name":"(anonymous_7)","decl":{"start":{"line":58,"column":32},"end":{"line":58,"column":33}},"loc":{"start":{"line":58,"column":45},"end":{"line":64,"column":1}}},"8":{"name":"(anonymous_8)","decl":{"start":{"line":59,"column":35},"end":{"line":59,"column":36}},"loc":{"start":{"line":59,"column":50},"end":{"line":63,"column":3}}}},"branchMap":{"0":{"loc":{"start":{"line":18,"column":4},"end":{"line":20,"column":5}},"type":"if","locations":[{"start":{"line":18,"column":4},"end":{"line":20,"column":5}},{"start":{"line":18,"column":4},"end":{"line":20,"column":5}}]},"1":{"loc":{"start":{"line":22,"column":2},"end":{"line":24,"column":3}},"type":"if","locations":[{"start":{"line":22,"column":2},"end":{"line":24,"column":3}},{"start":{"line":22,"column":2},"end":{"line":24,"column":3}}]},"2":{"loc":{"start":{"line":22,"column":6},"end":{"line":22,"column":36}},"type":"binary-expr","locations":[{"start":{"line":22,"column":6},"end":{"line":22,"column":36}},{"start":{"line":22,"column":40},"end":{"line":22,"column":67}}]},"3":{"loc":{"start":{"line":25,"column":2},"end":{"line":27,"column":3}},"type":"if","locations":[{"start":{"line":25,"column":2},"end":{"line":27,"column":3}},{"start":{"line":25,"column":2},"end":{"line":27,"column":3}}]},"4":{"loc":{"start":{"line":25,"column":6},"end":{"line":25,"column":45}},"type":"binary-expr","locations":[{"start":{"line":25,"column":6},"end":{"line":25,"column":45}},{"start":{"line":25,"column":49},"end":{"line":25,"column":76}},{"start":{"line":25,"column":80},"end":{"line":25,"column":106}}]},"5":{"loc":{"start":{"line":31,"column":2},"end":{"line":39,"column":3}},"type":"if","locations":[{"start":{"line":31,"column":2},"end":{"line":39,"column":3}},{"start":{"line":31,"column":2},"end":{"line":39,"column":3}}]},"6":{"loc":{"start":{"line":33,"column":9},"end":{"line":39,"column":3}},"type":"if","locations":[{"start":{"line":33,"column":9},"end":{"line":39,"column":3}},{"start":{"line":33,"column":9},"end":{"line":39,"column":3}}]},"7":{"loc":{"start":{"line":35,"column":9},"end":{"line":39,"column":3}},"type":"if","locations":[{"start":{"line":35,"column":9},"end":{"line":39,"column":3}},{"start":{"line":35,"column":9},"end":{"line":39,"column":3}}]},"8":{"loc":{"start":{"line":37,"column":9},"end":{"line":39,"column":3}},"type":"if","locations":[{"start":{"line":37,"column":9},"end":{"line":39,"column":3}},{"start":{"line":37,"column":9},"end":{"line":39,"column":3}}]},"9":{"loc":{"start":{"line":37,"column":13},"end":{"line":37,"column":34}},"type":"binary-expr","locations":[{"start":{"line":37,"column":13},"end":{"line":37,"column":34}},{"start":{"line":37,"column":38},"end":{"line":37,"column":61}},{"start":{"line":37,"column":65},"end":{"line":37,"column":80}}]},"10":{"loc":{"start":{"line":44,"column":4},"end":{"line":46,"column":5}},"type":"if","locations":[{"start":{"line":44,"column":4},"end":{"line":46,"column":5}},{"start":{"line":44,"column":4},"end":{"line":46,"column":5}}]},"11":{"loc":{"start":{"line":52,"column":4},"end":{"line":54,"column":5}},"type":"if","locations":[{"start":{"line":52,"column":4},"end":{"line":54,"column":5}},{"start":{"line":52,"column":4},"end":{"line":54,"column":5}}]},"12":{"loc":{"start":{"line":60,"column":4},"end":{"line":62,"column":5}},"type":"if","locations":[{"start":{"line":60,"column":4},"end":{"line":62,"column":5}},{"start":{"line":60,"column":4},"end":{"line":62,"column":5}}]}},"s":{"0":6,"1":6,"2":6,"3":6,"4":6,"5":6,"6":12,"7":71,"8":1,"9":11,"10":2,"11":9,"12":2,"13":6,"14":8,"15":1,"16":7,"17":1,"18":6,"19":1,"20":5,"21":3,"22":6,"23":3,"24":11,"25":1,"26":6,"27":3,"28":8,"29":1,"30":6,"31":4,"32":7,"33":1},"f":{"0":12,"1":71,"2":8,"3":3,"4":11,"5":3,"6":8,"7":4,"8":7},"b":{"0":[1,70],"1":[2,9],"2":[11,10],"3":[2,7],"4":[9,9,8],"5":[1,7],"6":[1,6],"7":[1,5],"8":[3,2],"9":[5,4,3],"10":[1,10],"11":[1,7],"12":[1,6]}}
,"/home/ramanathan/Documents/Contentstack/contentstack-sync-manager/src/util/log/failedItems.ts": {"path":"/home/ramanathan/Documents/Contentstack/contentstack-sync-manager/src/util/log/failedItems.ts","statementMap":{"0":{"start":{"line":15,"column":13},"end":{"line":21,"column":1}},"1":{"start":{"line":16,"column":2},"end":{"line":20,"column":4}},"2":{"start":{"line":19,"column":4},"end":{"line":19,"column":23}}},"fnMap":{"0":{"name":"(anonymous_0)","decl":{"start":{"line":15,"column":31},"end":{"line":15,"column":32}},"loc":{"start":{"line":15,"column":39},"end":{"line":21,"column":1}}},"1":{"name":"(anonymous_1)","decl":{"start":{"line":16,"column":21},"end":{"line":16,"column":22}},"loc":{"start":{"line":16,"column":33},"end":{"line":20,"column":3}}}},"branchMap":{},"s":{"0":5,"1":0,"2":0},"f":{"0":0,"1":0},"b":{}}
,"/home/ramanathan/Documents/Contentstack/contentstack-sync-manager/src/util/log/filteredItems.ts": {"path":"/home/ramanathan/Documents/Contentstack/contentstack-sync-manager/src/util/log/filteredItems.ts","statementMap":{"0":{"start":{"line":7,"column":0},"end":{"line":7,"column":24}},"1":{"start":{"line":8,"column":0},"end":{"line":8,"column":54}},"2":{"start":{"line":9,"column":0},"end":{"line":9,"column":31}},"3":{"start":{"line":10,"column":0},"end":{"line":10,"column":39}},"4":{"start":{"line":12,"column":18},"end":{"line":12,"column":50}},"5":{"start":{"line":21,"column":13},"end":{"line":59,"column":1}},"6":{"start":{"line":22,"column":2},"end":{"line":58,"column":4}},"7":{"start":{"line":23,"column":17},"end":{"line":23,"column":36}},"8":{"start":{"line":24,"column":23},"end":{"line":29,"column":5}},"9":{"start":{"line":30,"column":4},"end":{"line":49,"column":5}},"10":{"start":{"line":31,"column":6},"end":{"line":48,"column":8}},"11":{"start":{"line":32,"column":44},"end":{"line":32,"column":55}},"12":{"start":{"line":33,"column":8},"end":{"line":33,"column":36}},"13":{"start":{"line":35,"column":8},"end":{"line":41,"column":10}},"14":{"start":{"line":37,"column":10},"end":{"line":37,"column":87}},"15":{"start":{"line":38,"column":10},"end":{"line":38,"column":37}},"16":{"start":{"line":40,"column":10},"end":{"line":40,"column":26}},"17":{"start":{"line":44,"column":8},"end":{"line":44,"column":56}},"18":{"start":{"line":45,"column":8},"end":{"line":45,"column":35}},"19":{"start":{"line":47,"column":8},"end":{"line":47,"column":24}},"20":{"start":{"line":51,"column":4},"end":{"line":57,"column":6}},"21":{"start":{"line":53,"column":6},"end":{"line":53,"column":82}},"22":{"start":{"line":54,"column":6},"end":{"line":54,"column":33}},"23":{"start":{"line":56,"column":6},"end":{"line":56,"column":22}}},"fnMap":{"0":{"name":"(anonymous_1)","decl":{"start":{"line":21,"column":33},"end":{"line":21,"column":34}},"loc":{"start":{"line":21,"column":63},"end":{"line":59,"column":1}}},"1":{"name":"(anonymous_2)","decl":{"start":{"line":22,"column":21},"end":{"line":22,"column":22}},"loc":{"start":{"line":22,"column":33},"end":{"line":58,"column":3}}},"2":{"name":"(anonymous_3)","decl":{"start":{"line":31,"column":33},"end":{"line":31,"column":34}},"loc":{"start":{"line":31,"column":42},"end":{"line":42,"column":7}}},"3":{"name":"(anonymous_4)","decl":{"start":{"line":35,"column":75},"end":{"line":35,"column":76}},"loc":{"start":{"line":35,"column":85},"end":{"line":41,"column":9}}},"4":{"name":"(anonymous_5)","decl":{"start":{"line":42,"column":15},"end":{"line":42,"column":16}},"loc":{"start":{"line":42,"column":25},"end":{"line":48,"column":7}}},"5":{"name":"(anonymous_6)","decl":{"start":{"line":51,"column":72},"end":{"line":51,"column":73}},"loc":{"start":{"line":51,"column":82},"end":{"line":57,"column":5}}}},"branchMap":{"0":{"loc":{"start":{"line":30,"column":4},"end":{"line":49,"column":5}},"type":"if","locations":[{"start":{"line":30,"column":4},"end":{"line":49,"column":5}},{"start":{"line":30,"column":4},"end":{"line":49,"column":5}}]}},"s":{"0":6,"1":6,"2":6,"3":6,"4":6,"5":6,"6":3,"7":3,"8":3,"9":3,"10":0,"11":0,"12":0,"13":0,"14":0,"15":0,"16":0,"17":0,"18":0,"19":0,"20":3,"21":1,"22":1,"23":1},"f":{"0":3,"1":3,"2":0,"3":0,"4":0,"5":1},"b":{"0":[0,3]}}
}
